Using pre-set license
Built from '2020.3/release' branch; Version is '2020.3.12f1 (b3b2c6512326) revision 11776710'; Using compiler version '192528614'; Build Type 'Release'
OS: 'Windows 10 Home; OS build 19042.1165; Version 2009; 64bit' Language: 'en' Physical Memory: 32650 MB
BatchMode: 1, IsHumanControllingUs: 0, StartBugReporterOnCrash: 0, Is64bit: 1, IsPro: 0

 COMMAND LINE ARGUMENTS:
C:\Program Files\Unity\Hub\Editor\2020.3.12f1\Editor\Unity.exe
-adb2
-batchMode
-noUpm
-name
AssetImportWorker0
-projectPath
D:/Personal/Game Projects/EchoBeach/EchoBeach/EchoBeach
-logFile
Logs/AssetImportWorker0.log
-srvPort
63846
Successfully changed project path to: D:/Personal/Game Projects/EchoBeach/EchoBeach/EchoBeach
D:/Personal/Game Projects/EchoBeach/EchoBeach/EchoBeach
Using Asset Import Pipeline V2.
Refreshing native plugins compatible for Editor in 65.11 ms, found 5 plugins.
Preloading 0 native plugins for Editor in 0.00 ms.
Initialize engine version: 2020.3.12f1 (b3b2c6512326)
[Subsystems] Discovering subsystems at path C:/Program Files/Unity/Hub/Editor/2020.3.12f1/Editor/Data/Resources/UnitySubsystems
[Subsystems] Discovering subsystems at path D:/Personal/Game Projects/EchoBeach/EchoBeach/EchoBeach/Assets
GfxDevice: creating device client; threaded=0
Direct3D:
    Version:  Direct3D 11.0 [level 11.1]
    Renderer: NVIDIA GeForce RTX 3090 (ID=0x2204)
    Vendor:   
    VRAM:     24348 MB
    Driver:   27.21.14.5751
Shader 'Universal Render Pipeline/Particles/Lit': fallback shader 'Universal Render Pipeline/Particles/SimpleLit' not found
Initialize mono
Mono path[0] = 'C:/Program Files/Unity/Hub/Editor/2020.3.12f1/Editor/Data/Managed'
Mono path[1] = 'C:/Program Files/Unity/Hub/Editor/2020.3.12f1/Editor/Data/MonoBleedingEdge/lib/mono/unityjit'
Mono config path = 'C:/Program Files/Unity/Hub/Editor/2020.3.12f1/Editor/Data/MonoBleedingEdge/etc'
Using monoOptions --debugger-agent=transport=dt_socket,embedding=1,server=y,suspend=n,address=127.0.0.1:56196
Begin MonoManager ReloadAssembly
Registering precompiled unity dll's ...
Register platform support module: C:/Program Files/Unity/Hub/Editor/2020.3.12f1/Editor/Data/PlaybackEngines/WebGLSupport/UnityEditor.WebGL.Extensions.dll
Register platform support module: C:/Program Files/Unity/Hub/Editor/2020.3.12f1/Editor/Data/PlaybackEngines/WindowsStandaloneSupport/UnityEditor.WindowsStandalone.Extensions.dll
Registered in 0.001848 seconds.
Native extension for WindowsStandalone target not found
Native extension for WebGL target not found
Refreshing native plugins compatible for Editor in 59.40 ms, found 5 plugins.
Preloading 0 native plugins for Editor in 0.00 ms.
Mono: successfully reloaded assembly
- Completed reload, in  0.823 seconds
Platform modules already initialized, skipping
Registering precompiled user dll's ...
Registered in 0.004590 seconds.
Begin MonoManager ReloadAssembly
Native extension for WindowsStandalone target not found
Native extension for WebGL target not found
Refreshing native plugins compatible for Editor in 54.97 ms, found 5 plugins.
Preloading 0 native plugins for Editor in 0.00 ms.
Mono: successfully reloaded assembly
- Completed reload, in  0.953 seconds
Platform modules already initialized, skipping
========================================================================
Worker process is ready to serve import requests
Shader 'Universal Render Pipeline/Particles/Lit': fallback shader 'Universal Render Pipeline/Particles/SimpleLit' not found
Launched and connected shader compiler UnityShaderCompiler.exe after 0.02 seconds
Refreshing native plugins compatible for Editor in 1.01 ms, found 5 plugins.
Preloading 0 native plugins for Editor in 0.00 ms.
Unloading 3557 Unused Serialized files (Serialized files now loaded: 0)
System memory in use before: 166.4 MB.
System memory in use after: 166.7 MB.

Unloading 84 unused Assets to reduce memory usage. Loaded Objects now: 3953.
Total: 2.476900 ms (FindLiveObjects: 0.305000 ms CreateObjectMapping: 0.250800 ms MarkObjects: 1.842600 ms  DeleteObjects: 0.077700 ms)

AssetImportParameters requested are different than current active one (requested -> active):
  custom:framework-win-MediaFoundation: 216162199b28c13a410421893ffa2e32 -> 
  custom:video-decoder-ogg-theora: a1e56fd34408186e4bbccfd4996cb3dc -> 
  custom:container-muxer-webm: aa71ff27fc2769a1b78a27578f13a17b -> 
  custom:container-demuxer-webm: 4f35f7cbe854078d1ac9338744f61a02 -> 
  custom:container-demuxer-ogg: 62fdf1f143b41e24485cea50d1cbac27 -> 
  custom:video-encoder-webm-vp8: eb34c28f22e8b96e1ab97ce403110664 -> 
  custom:video-decoder-webm-vp8: 9c59270c3fd7afecdb556c50c9e8de78 -> 
  custom:audio-decoder-ogg-vorbis: bf7c407c2cedff20999df2af8eb42d56 -> 
  custom:audio-encoder-webm-vorbis: bf7c407c2cedff20999df2af8eb42d56 -> 
========================================================================
Received Import Request.
  path: Assets/Art/VerticalGrad.png
  artifactKey: Guid(8b21a20e69ec65b4f93784a6a57daea5) Importer(815301076,1909f56bfc062723c751e8b465ee728b)
Start importing Assets/Art/VerticalGrad.png using Guid(8b21a20e69ec65b4f93784a6a57daea5) Importer(815301076,1909f56bfc062723c751e8b465ee728b)  -> (artifact id: '63a55b4964231fc52a2505319838f5b0') in 0.089242 seconds 
  Import took 0.093601 seconds .

========================================================================
Received Import Request.
  Time since last request: 0.000163 seconds.
  path: Assets/Art/Table.png
  artifactKey: Guid(02d276b686a5c2d4185851955bb066a6) Importer(815301076,1909f56bfc062723c751e8b465ee728b)
Start importing Assets/Art/Table.png using Guid(02d276b686a5c2d4185851955bb066a6) Importer(815301076,1909f56bfc062723c751e8b465ee728b)  -> (artifact id: 'ac3173ee0ebd4f95626bc543f8c2af87') in 0.024164 seconds 
  Import took 0.028279 seconds .

========================================================================
Received Import Request.
  Time since last request: 0.000132 seconds.
  path: Assets/Art/Speaker.png
  artifactKey: Guid(fdf5594f5fb07a44b9d5cecb31cd4f1f) Importer(815301076,1909f56bfc062723c751e8b465ee728b)
Start importing Assets/Art/Speaker.png using Guid(fdf5594f5fb07a44b9d5cecb31cd4f1f) Importer(815301076,1909f56bfc062723c751e8b465ee728b)  -> (artifact id: '140333cb4162842d3e3bf687a800f1d7') in 0.009763 seconds 
  Import took 0.014410 seconds .

========================================================================
Received Import Request.
  Time since last request: 0.000113 seconds.
  path: Assets/Art/InsetFieldTall.png
  artifactKey: Guid(e67b0f1ce1eea724fbbc0866a957fe42) Importer(815301076,1909f56bfc062723c751e8b465ee728b)
Start importing Assets/Art/InsetFieldTall.png using Guid(e67b0f1ce1eea724fbbc0866a957fe42) Importer(815301076,1909f56bfc062723c751e8b465ee728b)  -> (artifact id: '0c185c0d98b42cdafb75fb77f00c4a81') in 0.007960 seconds 
  Import took 0.012897 seconds .

========================================================================
Received Import Request.
  Time since last request: 0.000116 seconds.
  path: Assets/Art/VerticalGradFlipped_light.png
  artifactKey: Guid(000c35c097968e34d9d6c147895c0982) Importer(815301076,1909f56bfc062723c751e8b465ee728b)
Start importing Assets/Art/VerticalGradFlipped_light.png using Guid(000c35c097968e34d9d6c147895c0982) Importer(815301076,1909f56bfc062723c751e8b465ee728b)  -> (artifact id: '2f5fbb6ab78f349b20b7fec88a8e34cd') in 0.008187 seconds 
  Import took 0.012411 seconds .

========================================================================
Received Import Request.
  Time since last request: 0.000113 seconds.
  path: Assets/Art/BevelledTallShadow2.png
  artifactKey: Guid(18a78e44c7db89b4d86ec52fe78515a9) Importer(815301076,1909f56bfc062723c751e8b465ee728b)
Start importing Assets/Art/BevelledTallShadow2.png using Guid(18a78e44c7db89b4d86ec52fe78515a9) Importer(815301076,1909f56bfc062723c751e8b465ee728b)  -> (artifact id: '67ce5140499ed13fca48c447df50954c') in 0.008098 seconds 
  Import took 0.012308 seconds .

========================================================================
Received Import Request.
  Time since last request: 0.000145 seconds.
  path: Assets/Art/carpet-bump-2-map.jpg
  artifactKey: Guid(b9095988e1fef2f4c88cc101d4de1eee) Importer(815301076,1909f56bfc062723c751e8b465ee728b)
Start importing Assets/Art/carpet-bump-2-map.jpg using Guid(b9095988e1fef2f4c88cc101d4de1eee) Importer(815301076,1909f56bfc062723c751e8b465ee728b)  -> (artifact id: 'b185c8cbf5bffbbabcdc8e3073a0dd57') in 0.014757 seconds 
  Import took 0.018835 seconds .

========================================================================
Received Import Request.
  Time since last request: 0.000184 seconds.
  path: Assets/Art/SpeckledCalc.png
  artifactKey: Guid(18dfc2e171ec781429fd5e841d0313ba) Importer(815301076,1909f56bfc062723c751e8b465ee728b)
Start importing Assets/Art/SpeckledCalc.png using Guid(18dfc2e171ec781429fd5e841d0313ba) Importer(815301076,1909f56bfc062723c751e8b465ee728b)  -> (artifact id: 'cd036a4f3d84de2591d4f2703e28044c') in 0.008030 seconds 
  Import took 0.012169 seconds .

========================================================================
Received Import Request.
  Time since last request: 0.000123 seconds.
  path: Assets/Art/VerticalGradFlipped.png
  artifactKey: Guid(3ff40fd16890bbd44bbb89f6aec21dd6) Importer(815301076,1909f56bfc062723c751e8b465ee728b)
Start importing Assets/Art/VerticalGradFlipped.png using Guid(3ff40fd16890bbd44bbb89f6aec21dd6) Importer(815301076,1909f56bfc062723c751e8b465ee728b)  -> (artifact id: '52773860af85a2f742189a7260471636') in 0.007894 seconds 
  Import took 0.011996 seconds .

========================================================================
Received Import Request.
  Time since last request: 0.000109 seconds.
  path: Assets/Art/WhiteScratches.png
  artifactKey: Guid(3e0db540f566012468536c9e7fa405bd) Importer(815301076,1909f56bfc062723c751e8b465ee728b)
Start importing Assets/Art/WhiteScratches.png using Guid(3e0db540f566012468536c9e7fa405bd) Importer(815301076,1909f56bfc062723c751e8b465ee728b)  -> (artifact id: '6cb7238ace4b9f245da5a9a7f0aa49e1') in 0.012835 seconds 
  Import took 0.016772 seconds .

========================================================================
Received Import Request.
  Time since last request: 0.000118 seconds.
  path: Assets/Art/ThinHorizontalShort.png
  artifactKey: Guid(284bb8c4c8aab82408463f00ccd7e4ec) Importer(815301076,1909f56bfc062723c751e8b465ee728b)
Start importing Assets/Art/ThinHorizontalShort.png using Guid(284bb8c4c8aab82408463f00ccd7e4ec) Importer(815301076,1909f56bfc062723c751e8b465ee728b)  -> (artifact id: 'a18862c18801f3f36ddb5259ee7f4b26') in 0.010687 seconds 
  Import took 0.014641 seconds .

========================================================================
Received Import Request.
  Time since last request: 0.000107 seconds.
  path: Assets/Art/HDGradient_scratched_light.png
  artifactKey: Guid(a733559bbe3d2f64cb732b6b4a9fdb31) Importer(815301076,1909f56bfc062723c751e8b465ee728b)
Start importing Assets/Art/HDGradient_scratched_light.png using Guid(a733559bbe3d2f64cb732b6b4a9fdb31) Importer(815301076,1909f56bfc062723c751e8b465ee728b)  -> (artifact id: '53622c1c6cd46612a4876af9d0ea9c0b') in 0.011249 seconds 
  Import took 0.015191 seconds .

========================================================================
Received Import Request.
  Time since last request: 0.000170 seconds.
  path: Assets/Art/ThinHorizontalShorter.png
  artifactKey: Guid(c5f87e101d1235f4cb53d0f4f2c3525b) Importer(815301076,1909f56bfc062723c751e8b465ee728b)
Start importing Assets/Art/ThinHorizontalShorter.png using Guid(c5f87e101d1235f4cb53d0f4f2c3525b) Importer(815301076,1909f56bfc062723c751e8b465ee728b)  -> (artifact id: 'c9c4b6af8efb1ebb3453dbaf5bb47408') in 0.012761 seconds 
  Import took 0.016765 seconds .

========================================================================
Received Import Request.
  Time since last request: 0.000157 seconds.
  path: Assets/Art/Bevelled.png
  artifactKey: Guid(bccdeea0def56364ea836323c91a2fa3) Importer(815301076,1909f56bfc062723c751e8b465ee728b)
Start importing Assets/Art/Bevelled.png using Guid(bccdeea0def56364ea836323c91a2fa3) Importer(815301076,1909f56bfc062723c751e8b465ee728b)  -> (artifact id: '706827cbb2977b7c1a3eaad727ad46d2') in 0.007986 seconds 
  Import took 0.011878 seconds .

========================================================================
Received Import Request.
  Time since last request: 0.000169 seconds.
  path: Assets/Art/Browser.png
  artifactKey: Guid(80a9e0916e82ceb48b70831d5aa2a437) Importer(815301076,1909f56bfc062723c751e8b465ee728b)
Start importing Assets/Art/Browser.png using Guid(80a9e0916e82ceb48b70831d5aa2a437) Importer(815301076,1909f56bfc062723c751e8b465ee728b)  -> (artifact id: '38d4247298885d68ad34598c84426b45') in 0.008110 seconds 
  Import took 0.012027 seconds .

========================================================================
Received Import Request.
  Time since last request: 0.000175 seconds.
  path: Assets/Art/BumpMap.jpg
  artifactKey: Guid(8b0769ec7a63dba40b65b153c41e849b) Importer(815301076,1909f56bfc062723c751e8b465ee728b)
Start importing Assets/Art/BumpMap.jpg using Guid(8b0769ec7a63dba40b65b153c41e849b) Importer(815301076,1909f56bfc062723c751e8b465ee728b)  -> (artifact id: '6ce776967396ff235ae4d319c00ff2fe') in 0.010290 seconds 
  Import took 0.014432 seconds .

========================================================================
Received Import Request.
  Time since last request: 0.000165 seconds.
  path: Assets/Art/PlainCalc.png
  artifactKey: Guid(717f84a5711ec4b46b0a5f76ba8f3375) Importer(815301076,1909f56bfc062723c751e8b465ee728b)
Start importing Assets/Art/PlainCalc.png using Guid(717f84a5711ec4b46b0a5f76ba8f3375) Importer(815301076,1909f56bfc062723c751e8b465ee728b)  -> (artifact id: 'd933ba5ad3b5e4e3bd972e7b035f2f06') in 0.008164 seconds 
  Import took 0.012242 seconds .

========================================================================
Received Import Request.
  Time since last request: 0.000130 seconds.
  path: Assets/Art/GeometricPattern.jpg.png
  artifactKey: Guid(ac9f347b33172854b9613421c4442666) Importer(815301076,1909f56bfc062723c751e8b465ee728b)
Start importing Assets/Art/GeometricPattern.jpg.png using Guid(ac9f347b33172854b9613421c4442666) Importer(815301076,1909f56bfc062723c751e8b465ee728b)  -> (artifact id: '1bb4348b39b671190d1d60b11fa05206') in 0.009158 seconds 
  Import took 0.013104 seconds .

========================================================================
Received Import Request.
  Time since last request: 0.000142 seconds.
  path: Assets/Art/GeometricPattern.jpg
  artifactKey: Guid(06fb5d51fce7e2c419a794f49e602d12) Importer(815301076,1909f56bfc062723c751e8b465ee728b)
Start importing Assets/Art/GeometricPattern.jpg using Guid(06fb5d51fce7e2c419a794f49e602d12) Importer(815301076,1909f56bfc062723c751e8b465ee728b)  -> (artifact id: 'd6580a5beebc182965f8225884000542') in 0.010112 seconds 
  Import took 0.014215 seconds .

========================================================================
Received Import Request.
  Time since last request: 0.000204 seconds.
  path: Assets/Art/Thin Horizontal.png
  artifactKey: Guid(2547b15389b81d34bae6073c4a095b56) Importer(815301076,1909f56bfc062723c751e8b465ee728b)
Start importing Assets/Art/Thin Horizontal.png using Guid(2547b15389b81d34bae6073c4a095b56) Importer(815301076,1909f56bfc062723c751e8b465ee728b)  -> (artifact id: '5c94dfd22a31b34878e4074bc7c9b580') in 0.007365 seconds 
  Import took 0.011650 seconds .

========================================================================
Received Import Request.
  Time since last request: 0.000164 seconds.
  path: Assets/Art/HDGradient_scratched.png
  artifactKey: Guid(a6d1efff6ed1af545b66db54d047e4c3) Importer(815301076,1909f56bfc062723c751e8b465ee728b)
Start importing Assets/Art/HDGradient_scratched.png using Guid(a6d1efff6ed1af545b66db54d047e4c3) Importer(815301076,1909f56bfc062723c751e8b465ee728b)  -> (artifact id: '66e2fea5e177685db52ac8ca9b033811') in 0.009247 seconds 
  Import took 0.013211 seconds .

========================================================================
Received Import Request.
  Time since last request: 0.000214 seconds.
  path: Assets/Art/BigCircle.png
  artifactKey: Guid(827018b0750a5e2499c8a69f48fd5c55) Importer(815301076,1909f56bfc062723c751e8b465ee728b)
Start importing Assets/Art/BigCircle.png using Guid(827018b0750a5e2499c8a69f48fd5c55) Importer(815301076,1909f56bfc062723c751e8b465ee728b)  -> (artifact id: 'fc408e321e155ebde21bc3870402690b') in 0.009026 seconds 
  Import took 0.013223 seconds .

========================================================================
Received Import Request.
  Time since last request: 0.000102 seconds.
  path: Assets/Art/JustScratches.png
  artifactKey: Guid(d0df09fbc2078e34684911c57c8c26a3) Importer(815301076,1909f56bfc062723c751e8b465ee728b)
Start importing Assets/Art/JustScratches.png using Guid(d0df09fbc2078e34684911c57c8c26a3) Importer(815301076,1909f56bfc062723c751e8b465ee728b)  -> (artifact id: '30cc57782be2640f9095e68305b0ed3a') in 0.010793 seconds 
  Import took 0.014769 seconds .

========================================================================
Received Import Request.
  Time since last request: 0.000197 seconds.
  path: Assets/Art/BevelledTallShadow.png
  artifactKey: Guid(8db0700a7018cf946a857083ebef3b56) Importer(815301076,1909f56bfc062723c751e8b465ee728b)
Start importing Assets/Art/BevelledTallShadow.png using Guid(8db0700a7018cf946a857083ebef3b56) Importer(815301076,1909f56bfc062723c751e8b465ee728b)  -> (artifact id: 'fe0b1998dd9fe0ca731ebb57f75769de') in 0.007657 seconds 
  Import took 0.011573 seconds .

========================================================================
Received Import Request.
  Time since last request: 0.000252 seconds.
  path: Assets/Art/ThinHorizontalStubby.png
  artifactKey: Guid(7086849e56318a5429d682f98c1c3142) Importer(815301076,1909f56bfc062723c751e8b465ee728b)
Start importing Assets/Art/ThinHorizontalStubby.png using Guid(7086849e56318a5429d682f98c1c3142) Importer(815301076,1909f56bfc062723c751e8b465ee728b)  -> (artifact id: '0051fa874bad0641e7592fcb3466096d') in 0.012564 seconds 
  Import took 0.016575 seconds .

========================================================================
Received Import Request.
  Time since last request: 0.000203 seconds.
  path: Assets/Art/VerticalNoGrad.png
  artifactKey: Guid(abfdec3de0400c542ab9c53b7bef47c8) Importer(815301076,1909f56bfc062723c751e8b465ee728b)
Start importing Assets/Art/VerticalNoGrad.png using Guid(abfdec3de0400c542ab9c53b7bef47c8) Importer(815301076,1909f56bfc062723c751e8b465ee728b)  -> (artifact id: '9983b3a18fd1533c088de74d65791f43') in 0.006887 seconds 
  Import took 0.010692 seconds .

========================================================================
Received Import Request.
  Time since last request: 0.000208 seconds.
  path: Assets/Art/HorizGradientLinear.png
  artifactKey: Guid(75c3428323a720d4b8fdcef93058ff76) Importer(815301076,1909f56bfc062723c751e8b465ee728b)
Start importing Assets/Art/HorizGradientLinear.png using Guid(75c3428323a720d4b8fdcef93058ff76) Importer(815301076,1909f56bfc062723c751e8b465ee728b)  -> (artifact id: '5c7bfc6d99b92fdc654fb538749b7ed6') in 0.007461 seconds 
  Import took 0.011605 seconds .

========================================================================
Received Import Request.
  Time since last request: 0.000206 seconds.
  path: Assets/Art/Bumpy.png
  artifactKey: Guid(43473afb443bb724e8cb6259a802d763) Importer(815301076,1909f56bfc062723c751e8b465ee728b)
Start importing Assets/Art/Bumpy.png using Guid(43473afb443bb724e8cb6259a802d763) Importer(815301076,1909f56bfc062723c751e8b465ee728b)  -> (artifact id: '6d41e311aa13529f4e63345bb9bb3547') in 0.009984 seconds 
  Import took 0.013975 seconds .

========================================================================
Received Import Request.
  Time since last request: 0.000187 seconds.
  path: Assets/Art/BevelledCalcSpeckled.png
  artifactKey: Guid(0a543d393fcff03439bdf2a84d388ff7) Importer(815301076,1909f56bfc062723c751e8b465ee728b)
Start importing Assets/Art/BevelledCalcSpeckled.png using Guid(0a543d393fcff03439bdf2a84d388ff7) Importer(815301076,1909f56bfc062723c751e8b465ee728b)  -> (artifact id: '5eed903617711555c922ee47db57d39c') in 0.008399 seconds 
  Import took 0.012407 seconds .

========================================================================
Received Import Request.
  Time since last request: 0.000209 seconds.
  path: Assets/Art/HDGradient.png
  artifactKey: Guid(d4c143a68ac1730438526aac9ba0231c) Importer(815301076,1909f56bfc062723c751e8b465ee728b)
Start importing Assets/Art/HDGradient.png using Guid(d4c143a68ac1730438526aac9ba0231c) Importer(815301076,1909f56bfc062723c751e8b465ee728b)  -> (artifact id: '982e5cf45d2520fe7719a9be55dac733') in 0.008738 seconds 
  Import took 0.012791 seconds .

========================================================================
Received Import Request.
  Time since last request: 0.000174 seconds.
  path: Assets/Art/BevelledStubby.png
  artifactKey: Guid(e6aae4edc7360d1429643609a666dd31) Importer(815301076,1909f56bfc062723c751e8b465ee728b)
Start importing Assets/Art/BevelledStubby.png using Guid(e6aae4edc7360d1429643609a666dd31) Importer(815301076,1909f56bfc062723c751e8b465ee728b)  -> (artifact id: '18f57eee6c38fe216992eaf5ed75d5b4') in 0.006596 seconds 
  Import took 0.010573 seconds .

========================================================================
Received Import Request.
  Time since last request: 0.000154 seconds.
  path: Assets/Art/BevelledShort.psd.png
  artifactKey: Guid(27961d7c69df2b7409183a2269393e8e) Importer(815301076,1909f56bfc062723c751e8b465ee728b)
Start importing Assets/Art/BevelledShort.psd.png using Guid(27961d7c69df2b7409183a2269393e8e) Importer(815301076,1909f56bfc062723c751e8b465ee728b)  -> (artifact id: 'b414c624549ac6b187d02f624c3c2d58') in 0.014185 seconds 
  Import took 0.018310 seconds .

========================================================================
Received Import Request.
  Time since last request: 0.000177 seconds.
  path: Assets/Art/Shader Graphs_Noise.mat
  artifactKey: Guid(7172381ce58126e488b34c4d8c4878c5) Importer(815301076,1909f56bfc062723c751e8b465ee728b)
Start importing Assets/Art/Shader Graphs_Noise.mat using Guid(7172381ce58126e488b34c4d8c4878c5) Importer(815301076,1909f56bfc062723c751e8b465ee728b)  -> (artifact id: '33e2ab4c633cd1c19204d315452fe6ff') in 0.030620 seconds 
  Import took 0.034719 seconds .

========================================================================
Received Import Request.
  Time since last request: 0.000180 seconds.
  path: Assets/Art/CheckButton.png
  artifactKey: Guid(5e3e2ad3121add9449d191d8785011a5) Importer(815301076,1909f56bfc062723c751e8b465ee728b)
Start importing Assets/Art/CheckButton.png using Guid(5e3e2ad3121add9449d191d8785011a5) Importer(815301076,1909f56bfc062723c751e8b465ee728b)  -> (artifact id: '9df00a8b0aafac378b7e96cd4dfb7d16') in 0.007466 seconds 
  Import took 0.011559 seconds .

========================================================================
Received Import Request.
  Time since last request: 0.000154 seconds.
  path: Assets/Art/Postcard.png
  artifactKey: Guid(11ea382514b3d5540964b6d83d44f779) Importer(815301076,1909f56bfc062723c751e8b465ee728b)
Start importing Assets/Art/Postcard.png using Guid(11ea382514b3d5540964b6d83d44f779) Importer(815301076,1909f56bfc062723c751e8b465ee728b)  -> (artifact id: 'c973219bb54b1a87049029776a19f27f') in 0.012737 seconds 
  Import took 0.016878 seconds .

========================================================================
Received Import Request.
  Time since last request: 12.511465 seconds.
  path: Assets/New folder/Shader Graph Materials Pack Vol 3/Common/ExampleAssets/Models/Workbench.fbx
  artifactKey: Guid(a06efe866b816b24cb2d5967d6d608fe) Importer(815301076,1909f56bfc062723c751e8b465ee728b)
Start importing Assets/New folder/Shader Graph Materials Pack Vol 3/Common/ExampleAssets/Models/Workbench.fbx using Guid(a06efe866b816b24cb2d5967d6d608fe) Importer(815301076,1909f56bfc062723c751e8b465ee728b)  -> (artifact id: 'dec6b805eebaa3df9bfd270017dc0d4a') in 0.115744 seconds 
  Import took 0.120427 seconds .

========================================================================
Received Import Request.
  Time since last request: 0.000109 seconds.
  path: Assets/New folder/Shader Graph Materials Pack Vol 3/Common/ExampleAssets/Models/ConstructionLight_Low.fbx
  artifactKey: Guid(5bcfcbcc415b4b24398f45e1d41bcdf9) Importer(815301076,1909f56bfc062723c751e8b465ee728b)
Start importing Assets/New folder/Shader Graph Materials Pack Vol 3/Common/ExampleAssets/Models/ConstructionLight_Low.fbx using Guid(5bcfcbcc415b4b24398f45e1d41bcdf9) Importer(815301076,1909f56bfc062723c751e8b465ee728b)  -> (artifact id: 'b292bd5ac7319b73b61af08e42c1ea12') in 0.035562 seconds 
  Import took 0.039747 seconds .

========================================================================
Received Import Request.
  Time since last request: 0.000156 seconds.
  path: Assets/LimitlessUnityDevelopment/ThirdPartyAssets/CalibrationScene/Materials/CalibrationFloor.mat
  artifactKey: Guid(d681c1d72c3c16149abd2f0f25ca628c) Importer(815301076,1909f56bfc062723c751e8b465ee728b)
Start importing Assets/LimitlessUnityDevelopment/ThirdPartyAssets/CalibrationScene/Materials/CalibrationFloor.mat using Guid(d681c1d72c3c16149abd2f0f25ca628c) Importer(815301076,1909f56bfc062723c751e8b465ee728b)  -> (artifact id: 'c380dc496ae82be73ff404a202f12515') in 0.177339 seconds 
  Import took 0.181357 seconds .

========================================================================
Received Import Request.
  Time since last request: 0.000218 seconds.
  path: Assets/LimitlessUnityDevelopment/ThirdPartyAssets/CalibrationScene/Materials/CalibrationGreyscaleDark.mat
  artifactKey: Guid(552450ecb03314e42b43f5e518510ce9) Importer(815301076,1909f56bfc062723c751e8b465ee728b)
Start importing Assets/LimitlessUnityDevelopment/ThirdPartyAssets/CalibrationScene/Materials/CalibrationGreyscaleDark.mat using Guid(552450ecb03314e42b43f5e518510ce9) Importer(815301076,1909f56bfc062723c751e8b465ee728b)  -> (artifact id: 'e7621fcda0570f947d963f16fa0e5f19') in 0.062178 seconds 
  Import took 0.066225 seconds .

========================================================================
Received Import Request.
  Time since last request: 0.000233 seconds.
  path: Assets/New folder/Shader Graph Materials Pack Vol 3/Common/ExampleAssets/Materials/ConstructionLight_Mat.mat
  artifactKey: Guid(c6e2a0354440e854fa9241afed5f2b11) Importer(815301076,1909f56bfc062723c751e8b465ee728b)
Start importing Assets/New folder/Shader Graph Materials Pack Vol 3/Common/ExampleAssets/Materials/ConstructionLight_Mat.mat using Guid(c6e2a0354440e854fa9241afed5f2b11) Importer(815301076,1909f56bfc062723c751e8b465ee728b)  -> (artifact id: 'cd0f95d4b602bc539ae6ca9fce14f154') in 0.010650 seconds 
  Import took 0.014732 seconds .

========================================================================
Received Import Request.
  Time since last request: 0.000109 seconds.
  path: Assets/New folder/Shader Graph Materials Pack Vol 3/Common/ExampleAssets/Materials/DryWall_Mat.mat
  artifactKey: Guid(fe6ccb5b592897649b557f8ae1155864) Importer(815301076,1909f56bfc062723c751e8b465ee728b)
Start importing Assets/New folder/Shader Graph Materials Pack Vol 3/Common/ExampleAssets/Materials/DryWall_Mat.mat using Guid(fe6ccb5b592897649b557f8ae1155864) Importer(815301076,1909f56bfc062723c751e8b465ee728b)  -> (artifact id: '46bd45e89e5f275c983b8979f0da7fbc') in 0.007934 seconds 
  Import took 0.012019 seconds .

========================================================================
Received Import Request.
  Time since last request: 0.000269 seconds.
  path: Assets/New folder/Shader Graph Materials Pack Vol 3/Common/ExampleAssets/Models/Workshop_Set.fbx
  artifactKey: Guid(4f662e4166c366147a556af6a8a0f827) Importer(815301076,1909f56bfc062723c751e8b465ee728b)
Start importing Assets/New folder/Shader Graph Materials Pack Vol 3/Common/ExampleAssets/Models/Workshop_Set.fbx using Guid(4f662e4166c366147a556af6a8a0f827) Importer(815301076,1909f56bfc062723c751e8b465ee728b)  -> (artifact id: '6a192ed7f13dd94f03221594c18fff30') in 0.063069 seconds 
  Import took 0.067523 seconds .

========================================================================
Received Import Request.
  Time since last request: 0.000137 seconds.
  path: Assets/New folder/Shader Graph Materials Pack Vol 3/Old Screen/TV01.fbx
  artifactKey: Guid(686e705a9601e7d448e1b5644f8f705e) Importer(815301076,1909f56bfc062723c751e8b465ee728b)
Start importing Assets/New folder/Shader Graph Materials Pack Vol 3/Old Screen/TV01.fbx using Guid(686e705a9601e7d448e1b5644f8f705e) Importer(815301076,1909f56bfc062723c751e8b465ee728b)  -> (artifact id: 'c99a37e7ace9a7209690af16d5cd8acc') in 0.301218 seconds 
  Import took 0.305955 seconds .

========================================================================
Received Import Request.
  Time since last request: 0.000114 seconds.
  path: Assets/LimitlessUnityDevelopment/ThirdPartyAssets/CalibrationScene/Materials/CalibrationRGBScale.mat
  artifactKey: Guid(9cda93786dd278643a8e5b38a1440c18) Importer(815301076,1909f56bfc062723c751e8b465ee728b)
Start importing Assets/LimitlessUnityDevelopment/ThirdPartyAssets/CalibrationScene/Materials/CalibrationRGBScale.mat using Guid(9cda93786dd278643a8e5b38a1440c18) Importer(815301076,1909f56bfc062723c751e8b465ee728b)  -> (artifact id: 'f1df26a31d94f3d593012ee41f7d36ce') in 0.009060 seconds 
  Import took 0.013103 seconds .

========================================================================
Received Import Request.
  Time since last request: 0.000145 seconds.
  path: Assets/New folder/Shader Graph Materials Pack Vol 3/Twisted Corridor/Mats/Door.mat
  artifactKey: Guid(43fc2fcf4c8ef9c4cb86949d57f563ef) Importer(815301076,1909f56bfc062723c751e8b465ee728b)
Start importing Assets/New folder/Shader Graph Materials Pack Vol 3/Twisted Corridor/Mats/Door.mat using Guid(43fc2fcf4c8ef9c4cb86949d57f563ef) Importer(815301076,1909f56bfc062723c751e8b465ee728b)  -> (artifact id: 'a4a900e3e1fe192ecd99234311f45036') in 0.007454 seconds 
  Import took 0.011485 seconds .

========================================================================
Received Import Request.
  Time since last request: 0.000192 seconds.
  path: Assets/New folder/Shader Graph Materials Pack Vol 3/Common/ExampleAssets/Models/Workbench_Low.fbx
  artifactKey: Guid(1ec83d9aae6019e40a7097ba84299292) Importer(815301076,1909f56bfc062723c751e8b465ee728b)
Start importing Assets/New folder/Shader Graph Materials Pack Vol 3/Common/ExampleAssets/Models/Workbench_Low.fbx using Guid(1ec83d9aae6019e40a7097ba84299292) Importer(815301076,1909f56bfc062723c751e8b465ee728b)  -> (artifact id: 'a8d5878fd620f8d10833791b86b07417') in 0.051000 seconds 
  Import took 0.055120 seconds .

========================================================================
Received Import Request.
  Time since last request: 0.000134 seconds.
  path: Assets/LimitlessUnityDevelopment/Retro Look Pro URP/Example Scenes/Resources/cubmat.mat
  artifactKey: Guid(581c3275f6aa69a42aeed1d28a72df3b) Importer(815301076,1909f56bfc062723c751e8b465ee728b)
Start importing Assets/LimitlessUnityDevelopment/Retro Look Pro URP/Example Scenes/Resources/cubmat.mat using Guid(581c3275f6aa69a42aeed1d28a72df3b) Importer(815301076,1909f56bfc062723c751e8b465ee728b)  -> (artifact id: 'eed8a9843fccfec698bc1c0fc4d9000e') in 0.007089 seconds 
  Import took 0.011325 seconds .

========================================================================
Received Import Request.
  Time since last request: 0.000155 seconds.
  path: Assets/RetroGameShader/Samples/Materials/Cube.mat
  artifactKey: Guid(05a413a88cd867046a47cdf081a38f9b) Importer(815301076,1909f56bfc062723c751e8b465ee728b)
Start importing Assets/RetroGameShader/Samples/Materials/Cube.mat using Guid(05a413a88cd867046a47cdf081a38f9b) Importer(815301076,1909f56bfc062723c751e8b465ee728b)  -> (artifact id: '0f2118d2ff06b11c7406458a48b5e910') in 0.070617 seconds 
  Import took 0.074874 seconds .

========================================================================
Received Import Request.
  Time since last request: 0.000225 seconds.
  path: Assets/New folder/Shader Graph Materials Pack Vol 3/Twisted Corridor/Mats/Door Around.mat
  artifactKey: Guid(8e7ecfdf41cc80d4da86e4f5a8e65702) Importer(815301076,1909f56bfc062723c751e8b465ee728b)
Start importing Assets/New folder/Shader Graph Materials Pack Vol 3/Twisted Corridor/Mats/Door Around.mat using Guid(8e7ecfdf41cc80d4da86e4f5a8e65702) Importer(815301076,1909f56bfc062723c751e8b465ee728b)  -> (artifact id: '9e1903bfa414dfbfbf1c976379d9c498') in 0.007184 seconds 
  Import took 0.011470 seconds .

========================================================================
Received Import Request.
  Time since last request: 0.000240 seconds.
  path: Assets/New folder/Shader Graph Materials Pack Vol 3/Common/ExampleAssets/Models/Workbench.fbx
  artifactKey: Guid(a06efe866b816b24cb2d5967d6d608fe) Importer(815301076,1909f56bfc062723c751e8b465ee728b)
Start importing Assets/New folder/Shader Graph Materials Pack Vol 3/Common/ExampleAssets/Models/Workbench.fbx using Guid(a06efe866b816b24cb2d5967d6d608fe) Importer(815301076,1909f56bfc062723c751e8b465ee728b)  -> (artifact id: 'dec6b805eebaa3df9bfd270017dc0d4a') in 0.045634 seconds 
  Import took 0.050581 seconds .

========================================================================
Received Import Request.
  Time since last request: 0.000165 seconds.
  path: Assets/LimitlessUnityDevelopment/ThirdPartyAssets/CalibrationScene/Skyboxes/DaytimeSkybox.mat
  artifactKey: Guid(aa21d673c2048eb4ca3f694f4302eb3c) Importer(815301076,1909f56bfc062723c751e8b465ee728b)
Start importing Assets/LimitlessUnityDevelopment/ThirdPartyAssets/CalibrationScene/Skyboxes/DaytimeSkybox.mat using Guid(aa21d673c2048eb4ca3f694f4302eb3c) Importer(815301076,1909f56bfc062723c751e8b465ee728b)  -> (artifact id: '9eccce3a910f4285cdc37e248def4e5b') in 0.009703 seconds 
  Import took 0.013966 seconds .

========================================================================
Received Import Request.
  Time since last request: 0.000174 seconds.
  path: Assets/RetroGameShader/Samples/Materials/Cylinder.mat
  artifactKey: Guid(bb390c03666a6324e89d97a1d1a39c04) Importer(815301076,1909f56bfc062723c751e8b465ee728b)
Start importing Assets/RetroGameShader/Samples/Materials/Cylinder.mat using Guid(bb390c03666a6324e89d97a1d1a39c04) Importer(815301076,1909f56bfc062723c751e8b465ee728b)  -> (artifact id: '323add06eb92378a6bbb905684c51e75') in 0.007763 seconds 
  Import took 0.011900 seconds .

========================================================================
Received Import Request.
  Time since last request: 0.000127 seconds.
  path: Assets/LimitlessUnityDevelopment/ThirdPartyAssets/CalibrationScene/Materials/CalibrationGreyscaleLight.mat
  artifactKey: Guid(bec9587348cdff54e80d936f27665543) Importer(815301076,1909f56bfc062723c751e8b465ee728b)
Start importing Assets/LimitlessUnityDevelopment/ThirdPartyAssets/CalibrationScene/Materials/CalibrationGreyscaleLight.mat using Guid(bec9587348cdff54e80d936f27665543) Importer(815301076,1909f56bfc062723c751e8b465ee728b)  -> (artifact id: 'ac62624acadf3325e59b9ba39c710b10') in 0.007781 seconds 
  Import took 0.012134 seconds .

========================================================================
Received Import Request.
  Time since last request: 243.044920 seconds.
  path: Assets/Art/CarpetTexture.png
  artifactKey: Guid(e797c054e770eed49804f693826a8947) Importer(815301076,1909f56bfc062723c751e8b465ee728b)
Start importing Assets/Art/CarpetTexture.png using Guid(e797c054e770eed49804f693826a8947) Importer(815301076,1909f56bfc062723c751e8b465ee728b)  -> (artifact id: '34ccdec09be608142a0228472975da93') in 0.013220 seconds 
  Import took 0.018643 seconds .

========================================================================
Received Import Request.
  Time since last request: 0.101395 seconds.
  path: Assets/Art/CarpetTexture.png
  artifactKey: Guid(e797c054e770eed49804f693826a8947) Importer(815301076,1909f56bfc062723c751e8b465ee728b)
Start importing Assets/Art/CarpetTexture.png using Guid(e797c054e770eed49804f693826a8947) Importer(815301076,1909f56bfc062723c751e8b465ee728b)  -> (artifact id: '34ccdec09be608142a0228472975da93') in 0.010904 seconds 
  Import took 0.015446 seconds .

========================================================================
Received Import Request.
  Time since last request: 5.313041 seconds.
  path: Assets/LimitlessUnityDevelopment/ThirdPartyAssets/CalibrationScene/Textures/CailbrationRGBScaleDiffuse.tif
  artifactKey: Guid(4c91c938176a28e44b22f5398fd5184f) Importer(815301076,1909f56bfc062723c751e8b465ee728b)
Start importing Assets/LimitlessUnityDevelopment/ThirdPartyAssets/CalibrationScene/Textures/CailbrationRGBScaleDiffuse.tif using Guid(4c91c938176a28e44b22f5398fd5184f) Importer(815301076,1909f56bfc062723c751e8b465ee728b)  -> (artifact id: 'f6a00b453c244c44eef2059ae736db5e') in 0.015325 seconds 
  Import took 0.020173 seconds .

========================================================================
Received Import Request.
  Time since last request: 0.000239 seconds.
  path: Assets/LimitlessUnityDevelopment/Retro Look Pro URP/Example Scenes/Resources/Sprites/original.png
  artifactKey: Guid(18ffb0457ee0d8246bb383c89c9ea9df) Importer(815301076,1909f56bfc062723c751e8b465ee728b)
Start importing Assets/LimitlessUnityDevelopment/Retro Look Pro URP/Example Scenes/Resources/Sprites/original.png using Guid(18ffb0457ee0d8246bb383c89c9ea9df) Importer(815301076,1909f56bfc062723c751e8b465ee728b)  -> (artifact id: 'd4d5755d2ca5574e0e3553804b7ddf95') in 0.011869 seconds 
  Import took 0.015999 seconds .

========================================================================
Received Import Request.
  Time since last request: 0.000107 seconds.
  path: Assets/LimitlessUnityDevelopment/readme/icons/support.png
  artifactKey: Guid(3d16e0fd6b14e4d488a9246dd7c1418a) Importer(815301076,1909f56bfc062723c751e8b465ee728b)
Start importing Assets/LimitlessUnityDevelopment/readme/icons/support.png using Guid(3d16e0fd6b14e4d488a9246dd7c1418a) Importer(815301076,1909f56bfc062723c751e8b465ee728b)  -> (artifact id: 'fb9dfbf653ac65fbe90ddf26b9a9221c') in 0.010087 seconds 
  Import took 0.014538 seconds .

========================================================================
Received Import Request.
  Time since last request: 0.000148 seconds.
  path: Assets/LimitlessUnityDevelopment/readme/icons/docs.png
  artifactKey: Guid(e125b2d078df9d9458cbea120565950c) Importer(815301076,1909f56bfc062723c751e8b465ee728b)
Start importing Assets/LimitlessUnityDevelopment/readme/icons/docs.png using Guid(e125b2d078df9d9458cbea120565950c) Importer(815301076,1909f56bfc062723c751e8b465ee728b)  -> (artifact id: 'c9bb933b709a2f914653484e91631724') in 0.014865 seconds 
  Import took 0.019147 seconds .

========================================================================
Received Import Request.
  Time since last request: 0.000170 seconds.
  path: Assets/LimitlessUnityDevelopment/readme/icons/review.png
  artifactKey: Guid(6733b3c38a5155f45816c268480b7e82) Importer(815301076,1909f56bfc062723c751e8b465ee728b)
Start importing Assets/LimitlessUnityDevelopment/readme/icons/review.png using Guid(6733b3c38a5155f45816c268480b7e82) Importer(815301076,1909f56bfc062723c751e8b465ee728b)  -> (artifact id: '2f13c5a842c58cd8fdc6b1d3d0c5c36e') in 0.009442 seconds 
  Import took 0.013510 seconds .

========================================================================
Received Prepare
Registering precompiled user dll's ...
Registered in 0.004613 seconds.
Begin MonoManager ReloadAssembly
Native extension for WindowsStandalone target not found
Native extension for WebGL target not found
Refreshing native plugins compatible for Editor in 0.97 ms, found 5 plugins.
Preloading 0 native plugins for Editor in 0.00 ms.
Mono: successfully reloaded assembly
- Completed reload, in  0.834 seconds
Platform modules already initialized, skipping
Shader 'Universal Render Pipeline/Particles/Lit': fallback shader 'Universal Render Pipeline/Particles/SimpleLit' not found
Refreshing native plugins compatible for Editor in 0.99 ms, found 5 plugins.
Preloading 0 native plugins for Editor in 0.00 ms.
Unloading 3422 Unused Serialized files (Serialized files now loaded: 0)
System memory in use before: 157.6 MB.
System memory in use after: 157.8 MB.

Unloading 72 unused Assets to reduce memory usage. Loaded Objects now: 4033.
Total: 2.509500 ms (FindLiveObjects: 0.325000 ms CreateObjectMapping: 0.139800 ms MarkObjects: 2.018700 ms  DeleteObjects: 0.025000 ms)

AssetImportParameters requested are different than current active one (requested -> active):
  custom:framework-win-MediaFoundation: 216162199b28c13a410421893ffa2e32 -> 
  custom:video-decoder-ogg-theora: a1e56fd34408186e4bbccfd4996cb3dc -> 
  custom:container-muxer-webm: aa71ff27fc2769a1b78a27578f13a17b -> 
  custom:container-demuxer-webm: 4f35f7cbe854078d1ac9338744f61a02 -> 
  custom:container-demuxer-ogg: 62fdf1f143b41e24485cea50d1cbac27 -> 
  custom:video-encoder-webm-vp8: eb34c28f22e8b96e1ab97ce403110664 -> 
  custom:video-decoder-webm-vp8: 9c59270c3fd7afecdb556c50c9e8de78 -> 
  custom:audio-decoder-ogg-vorbis: bf7c407c2cedff20999df2af8eb42d56 -> 
  custom:audio-encoder-webm-vorbis: bf7c407c2cedff20999df2af8eb42d56 -> 
========================================================================
Received Prepare
Registering precompiled user dll's ...
Registered in 0.004591 seconds.
Begin MonoManager ReloadAssembly
Native extension for WindowsStandalone target not found
Native extension for WebGL target not found
Refreshing native plugins compatible for Editor in 0.96 ms, found 5 plugins.
Preloading 0 native plugins for Editor in 0.00 ms.
Mono: successfully reloaded assembly
- Completed reload, in  0.818 seconds
Platform modules already initialized, skipping
Shader 'Universal Render Pipeline/Particles/Lit': fallback shader 'Universal Render Pipeline/Particles/SimpleLit' not found
Refreshing native plugins compatible for Editor in 0.94 ms, found 5 plugins.
Preloading 0 native plugins for Editor in 0.00 ms.
Unloading 3421 Unused Serialized files (Serialized files now loaded: 0)
System memory in use before: 157.4 MB.
System memory in use after: 157.6 MB.

Unloading 72 unused Assets to reduce memory usage. Loaded Objects now: 4036.
Total: 2.451000 ms (FindLiveObjects: 0.318500 ms CreateObjectMapping: 0.143600 ms MarkObjects: 1.946300 ms  DeleteObjects: 0.042000 ms)

AssetImportParameters requested are different than current active one (requested -> active):
  custom:framework-win-MediaFoundation: 216162199b28c13a410421893ffa2e32 -> 
  custom:video-decoder-ogg-theora: a1e56fd34408186e4bbccfd4996cb3dc -> 
  custom:container-muxer-webm: aa71ff27fc2769a1b78a27578f13a17b -> 
  custom:container-demuxer-webm: 4f35f7cbe854078d1ac9338744f61a02 -> 
  custom:container-demuxer-ogg: 62fdf1f143b41e24485cea50d1cbac27 -> 
  custom:video-encoder-webm-vp8: eb34c28f22e8b96e1ab97ce403110664 -> 
  custom:video-decoder-webm-vp8: 9c59270c3fd7afecdb556c50c9e8de78 -> 
  custom:audio-decoder-ogg-vorbis: bf7c407c2cedff20999df2af8eb42d56 -> 
  custom:audio-encoder-webm-vorbis: bf7c407c2cedff20999df2af8eb42d56 -> 
========================================================================
Received Prepare
Registering precompiled user dll's ...
Registered in 0.004558 seconds.
Begin MonoManager ReloadAssembly
Native extension for WindowsStandalone target not found
Native extension for WebGL target not found
Refreshing native plugins compatible for Editor in 0.96 ms, found 5 plugins.
Preloading 0 native plugins for Editor in 0.00 ms.
Mono: successfully reloaded assembly
- Completed reload, in  0.808 seconds
Platform modules already initialized, skipping
Shader 'Universal Render Pipeline/Particles/Lit': fallback shader 'Universal Render Pipeline/Particles/SimpleLit' not found
Refreshing native plugins compatible for Editor in 0.95 ms, found 5 plugins.
Preloading 0 native plugins for Editor in 0.00 ms.
Unloading 3421 Unused Serialized files (Serialized files now loaded: 0)
System memory in use before: 157.4 MB.
System memory in use after: 157.7 MB.

Unloading 72 unused Assets to reduce memory usage. Loaded Objects now: 4039.
Total: 2.299200 ms (FindLiveObjects: 0.323000 ms CreateObjectMapping: 0.183100 ms MarkObjects: 1.749800 ms  DeleteObjects: 0.042500 ms)

AssetImportParameters requested are different than current active one (requested -> active):
  custom:framework-win-MediaFoundation: 216162199b28c13a410421893ffa2e32 -> 
  custom:video-decoder-ogg-theora: a1e56fd34408186e4bbccfd4996cb3dc -> 
  custom:container-muxer-webm: aa71ff27fc2769a1b78a27578f13a17b -> 
  custom:container-demuxer-webm: 4f35f7cbe854078d1ac9338744f61a02 -> 
  custom:container-demuxer-ogg: 62fdf1f143b41e24485cea50d1cbac27 -> 
  custom:video-encoder-webm-vp8: eb34c28f22e8b96e1ab97ce403110664 -> 
  custom:video-decoder-webm-vp8: 9c59270c3fd7afecdb556c50c9e8de78 -> 
  custom:audio-decoder-ogg-vorbis: bf7c407c2cedff20999df2af8eb42d56 -> 
  custom:audio-encoder-webm-vorbis: bf7c407c2cedff20999df2af8eb42d56 -> 
========================================================================
Received Prepare
Registering precompiled user dll's ...
Registered in 0.004462 seconds.
Begin MonoManager ReloadAssembly
Native extension for WindowsStandalone target not found
Native extension for WebGL target not found
Refreshing native plugins compatible for Editor in 0.97 ms, found 5 plugins.
Preloading 0 native plugins for Editor in 0.00 ms.
Mono: successfully reloaded assembly
- Completed reload, in  0.800 seconds
Platform modules already initialized, skipping
Shader 'Universal Render Pipeline/Particles/Lit': fallback shader 'Universal Render Pipeline/Particles/SimpleLit' not found
Refreshing native plugins compatible for Editor in 0.95 ms, found 5 plugins.
Preloading 0 native plugins for Editor in 0.00 ms.
Unloading 3421 Unused Serialized files (Serialized files now loaded: 0)
System memory in use before: 157.4 MB.
System memory in use after: 157.7 MB.

Unloading 72 unused Assets to reduce memory usage. Loaded Objects now: 4042.
Total: 2.394000 ms (FindLiveObjects: 0.301900 ms CreateObjectMapping: 0.158100 ms MarkObjects: 1.860600 ms  DeleteObjects: 0.072800 ms)

AssetImportParameters requested are different than current active one (requested -> active):
  custom:framework-win-MediaFoundation: 216162199b28c13a410421893ffa2e32 -> 
  custom:video-decoder-ogg-theora: a1e56fd34408186e4bbccfd4996cb3dc -> 
  custom:container-muxer-webm: aa71ff27fc2769a1b78a27578f13a17b -> 
  custom:container-demuxer-webm: 4f35f7cbe854078d1ac9338744f61a02 -> 
  custom:container-demuxer-ogg: 62fdf1f143b41e24485cea50d1cbac27 -> 
  custom:video-encoder-webm-vp8: eb34c28f22e8b96e1ab97ce403110664 -> 
  custom:video-decoder-webm-vp8: 9c59270c3fd7afecdb556c50c9e8de78 -> 
  custom:audio-decoder-ogg-vorbis: bf7c407c2cedff20999df2af8eb42d56 -> 
  custom:audio-encoder-webm-vorbis: bf7c407c2cedff20999df2af8eb42d56 -> 
========================================================================
Received Prepare
Registering precompiled user dll's ...
Registered in 0.004606 seconds.
Begin MonoManager ReloadAssembly
Native extension for WindowsStandalone target not found
Native extension for WebGL target not found
Refreshing native plugins compatible for Editor in 0.95 ms, found 5 plugins.
Preloading 0 native plugins for Editor in 0.00 ms.
Mono: successfully reloaded assembly
- Completed reload, in  0.794 seconds
Platform modules already initialized, skipping
Shader 'Universal Render Pipeline/Particles/Lit': fallback shader 'Universal Render Pipeline/Particles/SimpleLit' not found
Refreshing native plugins compatible for Editor in 0.95 ms, found 5 plugins.
Preloading 0 native plugins for Editor in 0.00 ms.
Unloading 3421 Unused Serialized files (Serialized files now loaded: 0)
System memory in use before: 157.4 MB.
System memory in use after: 157.7 MB.

Unloading 72 unused Assets to reduce memory usage. Loaded Objects now: 4045.
Total: 2.133300 ms (FindLiveObjects: 0.277400 ms CreateObjectMapping: 0.165600 ms MarkObjects: 1.665400 ms  DeleteObjects: 0.024100 ms)

AssetImportParameters requested are different than current active one (requested -> active):
  custom:framework-win-MediaFoundation: 216162199b28c13a410421893ffa2e32 -> 
  custom:video-decoder-ogg-theora: a1e56fd34408186e4bbccfd4996cb3dc -> 
  custom:container-muxer-webm: aa71ff27fc2769a1b78a27578f13a17b -> 
  custom:container-demuxer-webm: 4f35f7cbe854078d1ac9338744f61a02 -> 
  custom:container-demuxer-ogg: 62fdf1f143b41e24485cea50d1cbac27 -> 
  custom:video-encoder-webm-vp8: eb34c28f22e8b96e1ab97ce403110664 -> 
  custom:video-decoder-webm-vp8: 9c59270c3fd7afecdb556c50c9e8de78 -> 
  custom:audio-decoder-ogg-vorbis: bf7c407c2cedff20999df2af8eb42d56 -> 
  custom:audio-encoder-webm-vorbis: bf7c407c2cedff20999df2af8eb42d56 -> 
========================================================================
Received Import Request.
  Time since last request: 980.532515 seconds.
  path: Assets/Art/Wire.png
  artifactKey: Guid(c541ece025543ba409ce47727ef6d0dc) Importer(815301076,1909f56bfc062723c751e8b465ee728b)
Start importing Assets/Art/Wire.png using Guid(c541ece025543ba409ce47727ef6d0dc) Importer(815301076,1909f56bfc062723c751e8b465ee728b)  -> (artifact id: 'f66b37f4b73719e2cbc9d8f3bcda64ee') in 0.080392 seconds 
  Import took 0.085779 seconds .

========================================================================
Received Import Request.
  Time since last request: 13.628473 seconds.
  path: Assets/LimitlessUnityDevelopment/Retro Look Pro URP/Example Scenes/Resources/Sprites/1.png
  artifactKey: Guid(a97e9eaac7706ae41bbce2ae9b8b52e6) Importer(815301076,1909f56bfc062723c751e8b465ee728b)
Start importing Assets/LimitlessUnityDevelopment/Retro Look Pro URP/Example Scenes/Resources/Sprites/1.png using Guid(a97e9eaac7706ae41bbce2ae9b8b52e6) Importer(815301076,1909f56bfc062723c751e8b465ee728b)  -> (artifact id: '062cfd222aa5a39864bc2c59f3d0635f') in 0.013670 seconds 
  Import took 0.018295 seconds .

========================================================================
Received Import Request.
  Time since last request: 0.000260 seconds.
  path: Assets/LimitlessUnityDevelopment/readme/icons/assets.png
  artifactKey: Guid(705d3208542f146fd84bd5a70c6f6f61) Importer(815301076,1909f56bfc062723c751e8b465ee728b)
Start importing Assets/LimitlessUnityDevelopment/readme/icons/assets.png using Guid(705d3208542f146fd84bd5a70c6f6f61) Importer(815301076,1909f56bfc062723c751e8b465ee728b)  -> (artifact id: '3f311c15cf21942cb4ac2dc383cd3127') in 0.009274 seconds 
  Import took 0.013282 seconds .

========================================================================
Received Import Request.
  Time since last request: 0.000126 seconds.
  path: Assets/Art/1x/Asset 1.png
  artifactKey: Guid(71230eb10eb32d64091592fb3b75278a) Importer(815301076,1909f56bfc062723c751e8b465ee728b)
Start importing Assets/Art/1x/Asset 1.png using Guid(71230eb10eb32d64091592fb3b75278a) Importer(815301076,1909f56bfc062723c751e8b465ee728b)  -> (artifact id: '80da9123784a3e9d913fae84c799be79') in 0.011966 seconds 
  Import took 0.016149 seconds .

========================================================================
Received Import Request.
  Time since last request: 0.000242 seconds.
  path: Assets/LimitlessUnityDevelopment/Retro Look Pro URP/Example Scenes/Resources/Sprites/2.png
  artifactKey: Guid(8925d45f02633a84299d53d4c11b6047) Importer(815301076,1909f56bfc062723c751e8b465ee728b)
Start importing Assets/LimitlessUnityDevelopment/Retro Look Pro URP/Example Scenes/Resources/Sprites/2.png using Guid(8925d45f02633a84299d53d4c11b6047) Importer(815301076,1909f56bfc062723c751e8b465ee728b)  -> (artifact id: '0897f41b407036c9577c3d97373c532b') in 0.014936 seconds 
  Import took 0.018955 seconds .

========================================================================
Received Import Request.
  Time since last request: 36.162065 seconds.
  path: Assets/Art/Wire.png
  artifactKey: Guid(c541ece025543ba409ce47727ef6d0dc) Importer(815301076,1909f56bfc062723c751e8b465ee728b)
Start importing Assets/Art/Wire.png using Guid(c541ece025543ba409ce47727ef6d0dc) Importer(815301076,1909f56bfc062723c751e8b465ee728b)  -> (artifact id: '518cfc64592ea3932dfd68fe4c2f2ee5') in 0.017493 seconds 
  Import took 0.021913 seconds .

========================================================================
Received Prepare
Registering precompiled user dll's ...
Registered in 0.004878 seconds.
Begin MonoManager ReloadAssembly
Native extension for WindowsStandalone target not found
Native extension for WebGL target not found
Refreshing native plugins compatible for Editor in 0.96 ms, found 5 plugins.
Preloading 0 native plugins for Editor in 0.00 ms.
Mono: successfully reloaded assembly
- Completed reload, in  0.818 seconds
Platform modules already initialized, skipping
Shader 'Universal Render Pipeline/Particles/Lit': fallback shader 'Universal Render Pipeline/Particles/SimpleLit' not found
Refreshing native plugins compatible for Editor in 0.95 ms, found 5 plugins.
Preloading 0 native plugins for Editor in 0.00 ms.
Unloading 3421 Unused Serialized files (Serialized files now loaded: 0)
System memory in use before: 157.5 MB.
System memory in use after: 157.7 MB.

Unloading 72 unused Assets to reduce memory usage. Loaded Objects now: 4053.
Total: 2.623600 ms (FindLiveObjects: 0.309200 ms CreateObjectMapping: 0.140500 ms MarkObjects: 2.150800 ms  DeleteObjects: 0.022400 ms)

AssetImportParameters requested are different than current active one (requested -> active):
  custom:framework-win-MediaFoundation: 216162199b28c13a410421893ffa2e32 -> 
  custom:video-decoder-ogg-theora: a1e56fd34408186e4bbccfd4996cb3dc -> 
  custom:container-muxer-webm: aa71ff27fc2769a1b78a27578f13a17b -> 
  custom:container-demuxer-webm: 4f35f7cbe854078d1ac9338744f61a02 -> 
  custom:container-demuxer-ogg: 62fdf1f143b41e24485cea50d1cbac27 -> 
  custom:video-encoder-webm-vp8: eb34c28f22e8b96e1ab97ce403110664 -> 
  custom:video-decoder-webm-vp8: 9c59270c3fd7afecdb556c50c9e8de78 -> 
  custom:audio-decoder-ogg-vorbis: bf7c407c2cedff20999df2af8eb42d56 -> 
  custom:audio-encoder-webm-vorbis: bf7c407c2cedff20999df2af8eb42d56 -> 
========================================================================
Received Import Request.
  Time since last request: 253.920787 seconds.
  path: Assets/Art/chicago_postcard_front.png
  artifactKey: Guid(a35a296eb4322d54a9c99a444bbdabcd) Importer(815301076,1909f56bfc062723c751e8b465ee728b)
Start importing Assets/Art/chicago_postcard_front.png using Guid(a35a296eb4322d54a9c99a444bbdabcd) Importer(815301076,1909f56bfc062723c751e8b465ee728b)  -> (artifact id: 'f8667a348ab5476a8a10ac9a1568490c') in 0.046816 seconds 
  Import took 0.051562 seconds .

========================================================================
Received Import Request.
  Time since last request: 0.001971 seconds.
  path: Assets/Art/chicago_postcard_front.png
  artifactKey: Guid(a35a296eb4322d54a9c99a444bbdabcd) Importer(815301076,1909f56bfc062723c751e8b465ee728b)
Start importing Assets/Art/chicago_postcard_front.png using Guid(a35a296eb4322d54a9c99a444bbdabcd) Importer(815301076,1909f56bfc062723c751e8b465ee728b)  -> (artifact id: 'f8667a348ab5476a8a10ac9a1568490c') in 0.011981 seconds 
  Import took 0.016131 seconds .

========================================================================
Received Import Request.
  Time since last request: 56.077930 seconds.
  path: Assets/Art/PostcardParadise.png
  artifactKey: Guid(410f030008e9776438da5956b1729596) Importer(815301076,1909f56bfc062723c751e8b465ee728b)
Start importing Assets/Art/PostcardParadise.png using Guid(410f030008e9776438da5956b1729596) Importer(815301076,1909f56bfc062723c751e8b465ee728b)  -> (artifact id: '2bca28353c8dfa047a5daa9b3acb8e77') in 0.012085 seconds 
  Import took 0.016526 seconds .

========================================================================
Received Prepare
Registering precompiled user dll's ...
Registered in 0.004583 seconds.
Begin MonoManager ReloadAssembly
Native extension for WindowsStandalone target not found
Native extension for WebGL target not found
Refreshing native plugins compatible for Editor in 0.95 ms, found 5 plugins.
Preloading 0 native plugins for Editor in 0.00 ms.
Mono: successfully reloaded assembly
- Completed reload, in  0.805 seconds
Platform modules already initialized, skipping
Shader 'Universal Render Pipeline/Particles/Lit': fallback shader 'Universal Render Pipeline/Particles/SimpleLit' not found
Refreshing native plugins compatible for Editor in 0.97 ms, found 5 plugins.
Preloading 0 native plugins for Editor in 0.00 ms.
Unloading 3421 Unused Serialized files (Serialized files now loaded: 0)
System memory in use before: 157.5 MB.
System memory in use after: 157.7 MB.

Unloading 72 unused Assets to reduce memory usage. Loaded Objects now: 4061.
Total: 3.017000 ms (FindLiveObjects: 0.304200 ms CreateObjectMapping: 0.136500 ms MarkObjects: 2.552200 ms  DeleteObjects: 0.023400 ms)

AssetImportParameters requested are different than current active one (requested -> active):
  custom:framework-win-MediaFoundation: 216162199b28c13a410421893ffa2e32 -> 
  custom:video-decoder-ogg-theora: a1e56fd34408186e4bbccfd4996cb3dc -> 
  custom:container-muxer-webm: aa71ff27fc2769a1b78a27578f13a17b -> 
  custom:container-demuxer-webm: 4f35f7cbe854078d1ac9338744f61a02 -> 
  custom:container-demuxer-ogg: 62fdf1f143b41e24485cea50d1cbac27 -> 
  custom:video-encoder-webm-vp8: eb34c28f22e8b96e1ab97ce403110664 -> 
  custom:video-decoder-webm-vp8: 9c59270c3fd7afecdb556c50c9e8de78 -> 
  custom:audio-decoder-ogg-vorbis: bf7c407c2cedff20999df2af8eb42d56 -> 
  custom:audio-encoder-webm-vorbis: bf7c407c2cedff20999df2af8eb42d56 -> 
========================================================================
Received Prepare
Registering precompiled user dll's ...
Registered in 0.004647 seconds.
Begin MonoManager ReloadAssembly
Native extension for WindowsStandalone target not found
Native extension for WebGL target not found
Refreshing native plugins compatible for Editor in 0.95 ms, found 5 plugins.
Preloading 0 native plugins for Editor in 0.00 ms.
Mono: successfully reloaded assembly
- Completed reload, in  0.795 seconds
Platform modules already initialized, skipping
Shader 'Universal Render Pipeline/Particles/Lit': fallback shader 'Universal Render Pipeline/Particles/SimpleLit' not found
Refreshing native plugins compatible for Editor in 0.98 ms, found 5 plugins.
Preloading 0 native plugins for Editor in 0.00 ms.
Unloading 3421 Unused Serialized files (Serialized files now loaded: 0)
System memory in use before: 157.5 MB.
System memory in use after: 157.7 MB.

Unloading 72 unused Assets to reduce memory usage. Loaded Objects now: 4064.
Total: 2.418800 ms (FindLiveObjects: 0.304200 ms CreateObjectMapping: 0.132500 ms MarkObjects: 1.959100 ms  DeleteObjects: 0.022300 ms)

AssetImportParameters requested are different than current active one (requested -> active):
  custom:framework-win-MediaFoundation: 216162199b28c13a410421893ffa2e32 -> 
  custom:video-decoder-ogg-theora: a1e56fd34408186e4bbccfd4996cb3dc -> 
  custom:container-muxer-webm: aa71ff27fc2769a1b78a27578f13a17b -> 
  custom:container-demuxer-webm: 4f35f7cbe854078d1ac9338744f61a02 -> 
  custom:container-demuxer-ogg: 62fdf1f143b41e24485cea50d1cbac27 -> 
  custom:video-encoder-webm-vp8: eb34c28f22e8b96e1ab97ce403110664 -> 
  custom:video-decoder-webm-vp8: 9c59270c3fd7afecdb556c50c9e8de78 -> 
  custom:audio-decoder-ogg-vorbis: bf7c407c2cedff20999df2af8eb42d56 -> 
  custom:audio-encoder-webm-vorbis: bf7c407c2cedff20999df2af8eb42d56 -> 
========================================================================
Received Prepare
Registering precompiled user dll's ...
Registered in 0.004493 seconds.
Begin MonoManager ReloadAssembly
Native extension for WindowsStandalone target not found
Native extension for WebGL target not found
Refreshing native plugins compatible for Editor in 0.96 ms, found 5 plugins.
Preloading 0 native plugins for Editor in 0.00 ms.
Mono: successfully reloaded assembly
- Completed reload, in  0.817 seconds
Platform modules already initialized, skipping
Shader 'Universal Render Pipeline/Particles/Lit': fallback shader 'Universal Render Pipeline/Particles/SimpleLit' not found
Refreshing native plugins compatible for Editor in 0.88 ms, found 5 plugins.
Preloading 0 native plugins for Editor in 0.00 ms.
Unloading 3421 Unused Serialized files (Serialized files now loaded: 0)
System memory in use before: 157.5 MB.
System memory in use after: 157.7 MB.

Unloading 72 unused Assets to reduce memory usage. Loaded Objects now: 4067.
Total: 2.198500 ms (FindLiveObjects: 0.283000 ms CreateObjectMapping: 0.143900 ms MarkObjects: 1.749300 ms  DeleteObjects: 0.021500 ms)

AssetImportParameters requested are different than current active one (requested -> active):
  custom:framework-win-MediaFoundation: 216162199b28c13a410421893ffa2e32 -> 
  custom:video-decoder-ogg-theora: a1e56fd34408186e4bbccfd4996cb3dc -> 
  custom:container-muxer-webm: aa71ff27fc2769a1b78a27578f13a17b -> 
  custom:container-demuxer-webm: 4f35f7cbe854078d1ac9338744f61a02 -> 
  custom:container-demuxer-ogg: 62fdf1f143b41e24485cea50d1cbac27 -> 
  custom:video-encoder-webm-vp8: eb34c28f22e8b96e1ab97ce403110664 -> 
  custom:video-decoder-webm-vp8: 9c59270c3fd7afecdb556c50c9e8de78 -> 
  custom:audio-decoder-ogg-vorbis: bf7c407c2cedff20999df2af8eb42d56 -> 
  custom:audio-encoder-webm-vorbis: bf7c407c2cedff20999df2af8eb42d56 -> 
========================================================================
Received Prepare
Registering precompiled user dll's ...
Registered in 0.004605 seconds.
Begin MonoManager ReloadAssembly
Native extension for WindowsStandalone target not found
Native extension for WebGL target not found
Refreshing native plugins compatible for Editor in 0.95 ms, found 5 plugins.
Preloading 0 native plugins for Editor in 0.00 ms.
Mono: successfully reloaded assembly
- Completed reload, in  0.811 seconds
Platform modules already initialized, skipping
Shader 'Universal Render Pipeline/Particles/Lit': fallback shader 'Universal Render Pipeline/Particles/SimpleLit' not found
Refreshing native plugins compatible for Editor in 0.96 ms, found 5 plugins.
Preloading 0 native plugins for Editor in 0.00 ms.
Unloading 3421 Unused Serialized files (Serialized files now loaded: 0)
System memory in use before: 157.5 MB.
System memory in use after: 157.8 MB.

Unloading 72 unused Assets to reduce memory usage. Loaded Objects now: 4070.
Total: 2.199800 ms (FindLiveObjects: 0.297400 ms CreateObjectMapping: 0.139900 ms MarkObjects: 1.717400 ms  DeleteObjects: 0.044200 ms)

AssetImportParameters requested are different than current active one (requested -> active):
  custom:framework-win-MediaFoundation: 216162199b28c13a410421893ffa2e32 -> 
  custom:video-decoder-ogg-theora: a1e56fd34408186e4bbccfd4996cb3dc -> 
  custom:container-muxer-webm: aa71ff27fc2769a1b78a27578f13a17b -> 
  custom:container-demuxer-webm: 4f35f7cbe854078d1ac9338744f61a02 -> 
  custom:container-demuxer-ogg: 62fdf1f143b41e24485cea50d1cbac27 -> 
  custom:video-encoder-webm-vp8: eb34c28f22e8b96e1ab97ce403110664 -> 
  custom:video-decoder-webm-vp8: 9c59270c3fd7afecdb556c50c9e8de78 -> 
  custom:audio-decoder-ogg-vorbis: bf7c407c2cedff20999df2af8eb42d56 -> 
  custom:audio-encoder-webm-vorbis: bf7c407c2cedff20999df2af8eb42d56 -> 
========================================================================
Received Prepare
Registering precompiled user dll's ...
Registered in 0.004558 seconds.
Begin MonoManager ReloadAssembly
Native extension for WindowsStandalone target not found
Native extension for WebGL target not found
Refreshing native plugins compatible for Editor in 0.96 ms, found 5 plugins.
Preloading 0 native plugins for Editor in 0.00 ms.
Mono: successfully reloaded assembly
- Completed reload, in  0.791 seconds
Platform modules already initialized, skipping
Shader 'Universal Render Pipeline/Particles/Lit': fallback shader 'Universal Render Pipeline/Particles/SimpleLit' not found
Refreshing native plugins compatible for Editor in 0.95 ms, found 5 plugins.
Preloading 0 native plugins for Editor in 0.00 ms.
Unloading 3421 Unused Serialized files (Serialized files now loaded: 0)
System memory in use before: 157.5 MB.
System memory in use after: 157.8 MB.

Unloading 72 unused Assets to reduce memory usage. Loaded Objects now: 4073.
Total: 2.425200 ms (FindLiveObjects: 0.300600 ms CreateObjectMapping: 0.136800 ms MarkObjects: 1.937200 ms  DeleteObjects: 0.049700 ms)

AssetImportParameters requested are different than current active one (requested -> active):
  custom:framework-win-MediaFoundation: 216162199b28c13a410421893ffa2e32 -> 
  custom:video-decoder-ogg-theora: a1e56fd34408186e4bbccfd4996cb3dc -> 
  custom:container-muxer-webm: aa71ff27fc2769a1b78a27578f13a17b -> 
  custom:container-demuxer-webm: 4f35f7cbe854078d1ac9338744f61a02 -> 
  custom:container-demuxer-ogg: 62fdf1f143b41e24485cea50d1cbac27 -> 
  custom:video-encoder-webm-vp8: eb34c28f22e8b96e1ab97ce403110664 -> 
  custom:video-decoder-webm-vp8: 9c59270c3fd7afecdb556c50c9e8de78 -> 
  custom:audio-decoder-ogg-vorbis: bf7c407c2cedff20999df2af8eb42d56 -> 
  custom:audio-encoder-webm-vorbis: bf7c407c2cedff20999df2af8eb42d56 -> 
========================================================================
Received Prepare
Registering precompiled user dll's ...
Registered in 0.004567 seconds.
Begin MonoManager ReloadAssembly
Native extension for WindowsStandalone target not found
Native extension for WebGL target not found
Refreshing native plugins compatible for Editor in 0.98 ms, found 5 plugins.
Preloading 0 native plugins for Editor in 0.00 ms.
Mono: successfully reloaded assembly
- Completed reload, in  0.789 seconds
Platform modules already initialized, skipping
Shader 'Universal Render Pipeline/Particles/Lit': fallback shader 'Universal Render Pipeline/Particles/SimpleLit' not found
Refreshing native plugins compatible for Editor in 0.97 ms, found 5 plugins.
Preloading 0 native plugins for Editor in 0.00 ms.
Unloading 3421 Unused Serialized files (Serialized files now loaded: 0)
System memory in use before: 157.5 MB.
System memory in use after: 157.8 MB.

Unloading 72 unused Assets to reduce memory usage. Loaded Objects now: 4076.
Total: 2.409500 ms (FindLiveObjects: 0.326000 ms CreateObjectMapping: 0.174600 ms MarkObjects: 1.881100 ms  DeleteObjects: 0.027100 ms)

AssetImportParameters requested are different than current active one (requested -> active):
  custom:framework-win-MediaFoundation: 216162199b28c13a410421893ffa2e32 -> 
  custom:video-decoder-ogg-theora: a1e56fd34408186e4bbccfd4996cb3dc -> 
  custom:container-muxer-webm: aa71ff27fc2769a1b78a27578f13a17b -> 
  custom:container-demuxer-webm: 4f35f7cbe854078d1ac9338744f61a02 -> 
  custom:container-demuxer-ogg: 62fdf1f143b41e24485cea50d1cbac27 -> 
  custom:video-encoder-webm-vp8: eb34c28f22e8b96e1ab97ce403110664 -> 
  custom:video-decoder-webm-vp8: 9c59270c3fd7afecdb556c50c9e8de78 -> 
  custom:audio-decoder-ogg-vorbis: bf7c407c2cedff20999df2af8eb42d56 -> 
  custom:audio-encoder-webm-vorbis: bf7c407c2cedff20999df2af8eb42d56 -> 
========================================================================
Received Prepare
Registering precompiled user dll's ...
Registered in 0.004678 seconds.
Begin MonoManager ReloadAssembly
Native extension for WindowsStandalone target not found
Native extension for WebGL target not found
Refreshing native plugins compatible for Editor in 1.01 ms, found 5 plugins.
Preloading 0 native plugins for Editor in 0.00 ms.
Mono: successfully reloaded assembly
- Completed reload, in  0.796 seconds
Platform modules already initialized, skipping
Shader 'Universal Render Pipeline/Particles/Lit': fallback shader 'Universal Render Pipeline/Particles/SimpleLit' not found
Refreshing native plugins compatible for Editor in 0.95 ms, found 5 plugins.
Preloading 0 native plugins for Editor in 0.00 ms.
Unloading 3421 Unused Serialized files (Serialized files now loaded: 0)
System memory in use before: 157.5 MB.
System memory in use after: 157.8 MB.

Unloading 72 unused Assets to reduce memory usage. Loaded Objects now: 4079.
Total: 2.377100 ms (FindLiveObjects: 0.269800 ms CreateObjectMapping: 0.151700 ms MarkObjects: 1.933200 ms  DeleteObjects: 0.021600 ms)

AssetImportParameters requested are different than current active one (requested -> active):
  custom:framework-win-MediaFoundation: 216162199b28c13a410421893ffa2e32 -> 
  custom:video-decoder-ogg-theora: a1e56fd34408186e4bbccfd4996cb3dc -> 
  custom:container-muxer-webm: aa71ff27fc2769a1b78a27578f13a17b -> 
  custom:container-demuxer-webm: 4f35f7cbe854078d1ac9338744f61a02 -> 
  custom:container-demuxer-ogg: 62fdf1f143b41e24485cea50d1cbac27 -> 
  custom:video-encoder-webm-vp8: eb34c28f22e8b96e1ab97ce403110664 -> 
  custom:video-decoder-webm-vp8: 9c59270c3fd7afecdb556c50c9e8de78 -> 
  custom:audio-decoder-ogg-vorbis: bf7c407c2cedff20999df2af8eb42d56 -> 
  custom:audio-encoder-webm-vorbis: bf7c407c2cedff20999df2af8eb42d56 -> 
========================================================================
Received Prepare
Registering precompiled user dll's ...
Registered in 0.004657 seconds.
Begin MonoManager ReloadAssembly
Native extension for WindowsStandalone target not found
Native extension for WebGL target not found
Refreshing native plugins compatible for Editor in 1.05 ms, found 5 plugins.
Preloading 0 native plugins for Editor in 0.00 ms.
Mono: successfully reloaded assembly
- Completed reload, in  0.787 seconds
Platform modules already initialized, skipping
Shader 'Universal Render Pipeline/Particles/Lit': fallback shader 'Universal Render Pipeline/Particles/SimpleLit' not found
Refreshing native plugins compatible for Editor in 0.94 ms, found 5 plugins.
Preloading 0 native plugins for Editor in 0.00 ms.
Unloading 3421 Unused Serialized files (Serialized files now loaded: 0)
System memory in use before: 157.5 MB.
System memory in use after: 157.8 MB.

Unloading 72 unused Assets to reduce memory usage. Loaded Objects now: 4082.
Total: 2.509300 ms (FindLiveObjects: 0.334100 ms CreateObjectMapping: 0.132800 ms MarkObjects: 2.001000 ms  DeleteObjects: 0.040700 ms)

AssetImportParameters requested are different than current active one (requested -> active):
  custom:framework-win-MediaFoundation: 216162199b28c13a410421893ffa2e32 -> 
  custom:video-decoder-ogg-theora: a1e56fd34408186e4bbccfd4996cb3dc -> 
  custom:container-muxer-webm: aa71ff27fc2769a1b78a27578f13a17b -> 
  custom:container-demuxer-webm: 4f35f7cbe854078d1ac9338744f61a02 -> 
  custom:container-demuxer-ogg: 62fdf1f143b41e24485cea50d1cbac27 -> 
  custom:video-encoder-webm-vp8: eb34c28f22e8b96e1ab97ce403110664 -> 
  custom:video-decoder-webm-vp8: 9c59270c3fd7afecdb556c50c9e8de78 -> 
  custom:audio-decoder-ogg-vorbis: bf7c407c2cedff20999df2af8eb42d56 -> 
  custom:audio-encoder-webm-vorbis: bf7c407c2cedff20999df2af8eb42d56 -> 
========================================================================
Received Import Request.
  Time since last request: 268.556867 seconds.
  path: Assets/Scripts/Tasks/TaskManager.asset
  artifactKey: Guid(ee7603539bf4926488194e6d56425d67) Importer(815301076,1909f56bfc062723c751e8b465ee728b)
Start importing Assets/Scripts/Tasks/TaskManager.asset using Guid(ee7603539bf4926488194e6d56425d67) Importer(815301076,1909f56bfc062723c751e8b465ee728b)  -> (artifact id: '750a523927064e2ca3c9a8ad33fd151d') in 0.065958 seconds 
  Import took 0.070872 seconds .

========================================================================
Received Import Request.
  Time since last request: 0.013392 seconds.
  path: Assets/Scripts/Tasks/TaskManager.asset
  artifactKey: Guid(ee7603539bf4926488194e6d56425d67) Importer(815301076,1909f56bfc062723c751e8b465ee728b)
Start importing Assets/Scripts/Tasks/TaskManager.asset using Guid(ee7603539bf4926488194e6d56425d67) Importer(815301076,1909f56bfc062723c751e8b465ee728b)  -> (artifact id: '750a523927064e2ca3c9a8ad33fd151d') in 0.001769 seconds 
  Import took 0.005950 seconds .

========================================================================
Received Prepare
Registering precompiled user dll's ...
Registered in 0.004666 seconds.
Begin MonoManager ReloadAssembly
Native extension for WindowsStandalone target not found
Native extension for WebGL target not found
Refreshing native plugins compatible for Editor in 0.99 ms, found 5 plugins.
Preloading 0 native plugins for Editor in 0.00 ms.
Mono: successfully reloaded assembly
- Completed reload, in  0.808 seconds
Platform modules already initialized, skipping
Shader 'Universal Render Pipeline/Particles/Lit': fallback shader 'Universal Render Pipeline/Particles/SimpleLit' not found
Refreshing native plugins compatible for Editor in 0.94 ms, found 5 plugins.
Preloading 0 native plugins for Editor in 0.00 ms.
Unloading 3421 Unused Serialized files (Serialized files now loaded: 0)
System memory in use before: 157.5 MB.
System memory in use after: 157.8 MB.

Unloading 72 unused Assets to reduce memory usage. Loaded Objects now: 4085.
Total: 2.920800 ms (FindLiveObjects: 0.411500 ms CreateObjectMapping: 0.237400 ms MarkObjects: 2.246400 ms  DeleteObjects: 0.024800 ms)

AssetImportParameters requested are different than current active one (requested -> active):
  custom:framework-win-MediaFoundation: 216162199b28c13a410421893ffa2e32 -> 
  custom:video-decoder-ogg-theora: a1e56fd34408186e4bbccfd4996cb3dc -> 
  custom:container-muxer-webm: aa71ff27fc2769a1b78a27578f13a17b -> 
  custom:container-demuxer-webm: 4f35f7cbe854078d1ac9338744f61a02 -> 
  custom:container-demuxer-ogg: 62fdf1f143b41e24485cea50d1cbac27 -> 
  custom:video-encoder-webm-vp8: eb34c28f22e8b96e1ab97ce403110664 -> 
  custom:video-decoder-webm-vp8: 9c59270c3fd7afecdb556c50c9e8de78 -> 
  custom:audio-decoder-ogg-vorbis: bf7c407c2cedff20999df2af8eb42d56 -> 
  custom:audio-encoder-webm-vorbis: bf7c407c2cedff20999df2af8eb42d56 -> 
========================================================================
Received Prepare
Registering precompiled user dll's ...
Registered in 0.004499 seconds.
Begin MonoManager ReloadAssembly
Native extension for WindowsStandalone target not found
Native extension for WebGL target not found
Refreshing native plugins compatible for Editor in 1.06 ms, found 5 plugins.
Preloading 0 native plugins for Editor in 0.00 ms.
Mono: successfully reloaded assembly
- Completed reload, in  0.849 seconds
Platform modules already initialized, skipping
Shader 'Universal Render Pipeline/Particles/Lit': fallback shader 'Universal Render Pipeline/Particles/SimpleLit' not found
Refreshing native plugins compatible for Editor in 1.02 ms, found 5 plugins.
Preloading 0 native plugins for Editor in 0.00 ms.
Unloading 3421 Unused Serialized files (Serialized files now loaded: 0)
System memory in use before: 157.6 MB.
System memory in use after: 157.8 MB.

Unloading 72 unused Assets to reduce memory usage. Loaded Objects now: 4088.
Total: 2.641500 ms (FindLiveObjects: 0.362400 ms CreateObjectMapping: 0.179200 ms MarkObjects: 2.071500 ms  DeleteObjects: 0.027200 ms)

AssetImportParameters requested are different than current active one (requested -> active):
  custom:framework-win-MediaFoundation: 216162199b28c13a410421893ffa2e32 -> 
  custom:video-decoder-ogg-theora: a1e56fd34408186e4bbccfd4996cb3dc -> 
  custom:container-muxer-webm: aa71ff27fc2769a1b78a27578f13a17b -> 
  custom:container-demuxer-webm: 4f35f7cbe854078d1ac9338744f61a02 -> 
  custom:container-demuxer-ogg: 62fdf1f143b41e24485cea50d1cbac27 -> 
  custom:video-encoder-webm-vp8: eb34c28f22e8b96e1ab97ce403110664 -> 
  custom:video-decoder-webm-vp8: 9c59270c3fd7afecdb556c50c9e8de78 -> 
  custom:audio-decoder-ogg-vorbis: bf7c407c2cedff20999df2af8eb42d56 -> 
  custom:audio-encoder-webm-vorbis: bf7c407c2cedff20999df2af8eb42d56 -> 
========================================================================
Received Prepare
Registering precompiled user dll's ...
Registered in 0.004633 seconds.
Begin MonoManager ReloadAssembly
Native extension for WindowsStandalone target not found
Native extension for WebGL target not found
Refreshing native plugins compatible for Editor in 0.99 ms, found 5 plugins.
Preloading 0 native plugins for Editor in 0.00 ms.
Mono: successfully reloaded assembly
- Completed reload, in  0.806 seconds
Platform modules already initialized, skipping
Shader 'Universal Render Pipeline/Particles/Lit': fallback shader 'Universal Render Pipeline/Particles/SimpleLit' not found
Refreshing native plugins compatible for Editor in 0.93 ms, found 5 plugins.
Preloading 0 native plugins for Editor in 0.00 ms.
Unloading 3421 Unused Serialized files (Serialized files now loaded: 0)
System memory in use before: 157.6 MB.
System memory in use after: 157.8 MB.

Unloading 72 unused Assets to reduce memory usage. Loaded Objects now: 4091.
Total: 2.205500 ms (FindLiveObjects: 0.296700 ms CreateObjectMapping: 0.147700 ms MarkObjects: 1.713900 ms  DeleteObjects: 0.046600 ms)

AssetImportParameters requested are different than current active one (requested -> active):
  custom:framework-win-MediaFoundation: 216162199b28c13a410421893ffa2e32 -> 
  custom:video-decoder-ogg-theora: a1e56fd34408186e4bbccfd4996cb3dc -> 
  custom:container-muxer-webm: aa71ff27fc2769a1b78a27578f13a17b -> 
  custom:container-demuxer-webm: 4f35f7cbe854078d1ac9338744f61a02 -> 
  custom:container-demuxer-ogg: 62fdf1f143b41e24485cea50d1cbac27 -> 
  custom:video-encoder-webm-vp8: eb34c28f22e8b96e1ab97ce403110664 -> 
  custom:video-decoder-webm-vp8: 9c59270c3fd7afecdb556c50c9e8de78 -> 
  custom:audio-decoder-ogg-vorbis: bf7c407c2cedff20999df2af8eb42d56 -> 
  custom:audio-encoder-webm-vorbis: bf7c407c2cedff20999df2af8eb42d56 -> 
========================================================================
Received Prepare
Registering precompiled user dll's ...
Registered in 0.004695 seconds.
Begin MonoManager ReloadAssembly
Native extension for WindowsStandalone target not found
Native extension for WebGL target not found
Refreshing native plugins compatible for Editor in 0.98 ms, found 5 plugins.
Preloading 0 native plugins for Editor in 0.00 ms.
Mono: successfully reloaded assembly
- Completed reload, in  0.806 seconds
Platform modules already initialized, skipping
Shader 'Universal Render Pipeline/Particles/Lit': fallback shader 'Universal Render Pipeline/Particles/SimpleLit' not found
Refreshing native plugins compatible for Editor in 0.94 ms, found 5 plugins.
Preloading 0 native plugins for Editor in 0.00 ms.
Unloading 3421 Unused Serialized files (Serialized files now loaded: 0)
System memory in use before: 157.6 MB.
System memory in use after: 157.8 MB.

Unloading 72 unused Assets to reduce memory usage. Loaded Objects now: 4094.
Total: 3.016400 ms (FindLiveObjects: 0.281900 ms CreateObjectMapping: 0.154900 ms MarkObjects: 2.553000 ms  DeleteObjects: 0.025800 ms)

AssetImportParameters requested are different than current active one (requested -> active):
  custom:framework-win-MediaFoundation: 216162199b28c13a410421893ffa2e32 -> 
  custom:video-decoder-ogg-theora: a1e56fd34408186e4bbccfd4996cb3dc -> 
  custom:container-muxer-webm: aa71ff27fc2769a1b78a27578f13a17b -> 
  custom:container-demuxer-webm: 4f35f7cbe854078d1ac9338744f61a02 -> 
  custom:container-demuxer-ogg: 62fdf1f143b41e24485cea50d1cbac27 -> 
  custom:video-encoder-webm-vp8: eb34c28f22e8b96e1ab97ce403110664 -> 
  custom:video-decoder-webm-vp8: 9c59270c3fd7afecdb556c50c9e8de78 -> 
  custom:audio-decoder-ogg-vorbis: bf7c407c2cedff20999df2af8eb42d56 -> 
  custom:audio-encoder-webm-vorbis: bf7c407c2cedff20999df2af8eb42d56 -> 
========================================================================
Received Prepare
Registering precompiled user dll's ...
Registered in 0.004623 seconds.
Begin MonoManager ReloadAssembly
Native extension for WindowsStandalone target not found
Native extension for WebGL target not found
Refreshing native plugins compatible for Editor in 1.08 ms, found 5 plugins.
Preloading 0 native plugins for Editor in 0.00 ms.
Mono: successfully reloaded assembly
- Completed reload, in  0.810 seconds
Platform modules already initialized, skipping
Shader 'Universal Render Pipeline/Particles/Lit': fallback shader 'Universal Render Pipeline/Particles/SimpleLit' not found
Refreshing native plugins compatible for Editor in 1.10 ms, found 5 plugins.
Preloading 0 native plugins for Editor in 0.00 ms.
Unloading 3421 Unused Serialized files (Serialized files now loaded: 0)
System memory in use before: 157.6 MB.
System memory in use after: 157.8 MB.

Unloading 72 unused Assets to reduce memory usage. Loaded Objects now: 4097.
Total: 2.601100 ms (FindLiveObjects: 0.328500 ms CreateObjectMapping: 0.130300 ms MarkObjects: 2.117500 ms  DeleteObjects: 0.024100 ms)

AssetImportParameters requested are different than current active one (requested -> active):
  custom:framework-win-MediaFoundation: 216162199b28c13a410421893ffa2e32 -> 
  custom:video-decoder-ogg-theora: a1e56fd34408186e4bbccfd4996cb3dc -> 
  custom:container-muxer-webm: aa71ff27fc2769a1b78a27578f13a17b -> 
  custom:container-demuxer-webm: 4f35f7cbe854078d1ac9338744f61a02 -> 
  custom:container-demuxer-ogg: 62fdf1f143b41e24485cea50d1cbac27 -> 
  custom:video-encoder-webm-vp8: eb34c28f22e8b96e1ab97ce403110664 -> 
  custom:video-decoder-webm-vp8: 9c59270c3fd7afecdb556c50c9e8de78 -> 
  custom:audio-decoder-ogg-vorbis: bf7c407c2cedff20999df2af8eb42d56 -> 
  custom:audio-encoder-webm-vorbis: bf7c407c2cedff20999df2af8eb42d56 -> 
========================================================================
Received Prepare
Registering precompiled user dll's ...
Registered in 0.004722 seconds.
Begin MonoManager ReloadAssembly
Native extension for WindowsStandalone target not found
Native extension for WebGL target not found
Refreshing native plugins compatible for Editor in 0.99 ms, found 5 plugins.
Preloading 0 native plugins for Editor in 0.00 ms.
Mono: successfully reloaded assembly
- Completed reload, in  0.793 seconds
Platform modules already initialized, skipping
Shader 'Universal Render Pipeline/Particles/Lit': fallback shader 'Universal Render Pipeline/Particles/SimpleLit' not found
Refreshing native plugins compatible for Editor in 0.99 ms, found 5 plugins.
Preloading 0 native plugins for Editor in 0.00 ms.
Unloading 3421 Unused Serialized files (Serialized files now loaded: 0)
System memory in use before: 157.6 MB.
System memory in use after: 157.8 MB.

Unloading 72 unused Assets to reduce memory usage. Loaded Objects now: 4100.
Total: 2.267100 ms (FindLiveObjects: 0.281600 ms CreateObjectMapping: 0.143500 ms MarkObjects: 1.785900 ms  DeleteObjects: 0.055500 ms)

AssetImportParameters requested are different than current active one (requested -> active):
  custom:framework-win-MediaFoundation: 216162199b28c13a410421893ffa2e32 -> 
  custom:video-decoder-ogg-theora: a1e56fd34408186e4bbccfd4996cb3dc -> 
  custom:container-muxer-webm: aa71ff27fc2769a1b78a27578f13a17b -> 
  custom:container-demuxer-webm: 4f35f7cbe854078d1ac9338744f61a02 -> 
  custom:container-demuxer-ogg: 62fdf1f143b41e24485cea50d1cbac27 -> 
  custom:video-encoder-webm-vp8: eb34c28f22e8b96e1ab97ce403110664 -> 
  custom:video-decoder-webm-vp8: 9c59270c3fd7afecdb556c50c9e8de78 -> 
  custom:audio-decoder-ogg-vorbis: bf7c407c2cedff20999df2af8eb42d56 -> 
  custom:audio-encoder-webm-vorbis: bf7c407c2cedff20999df2af8eb42d56 -> 
========================================================================
Received Prepare
Registering precompiled user dll's ...
Registered in 0.004654 seconds.
Begin MonoManager ReloadAssembly
Native extension for WindowsStandalone target not found
Native extension for WebGL target not found
Refreshing native plugins compatible for Editor in 0.96 ms, found 5 plugins.
Preloading 0 native plugins for Editor in 0.00 ms.
Mono: successfully reloaded assembly
- Completed reload, in  0.798 seconds
Platform modules already initialized, skipping
Shader 'Universal Render Pipeline/Particles/Lit': fallback shader 'Universal Render Pipeline/Particles/SimpleLit' not found
Refreshing native plugins compatible for Editor in 0.95 ms, found 5 plugins.
Preloading 0 native plugins for Editor in 0.00 ms.
Unloading 3421 Unused Serialized files (Serialized files now loaded: 0)
System memory in use before: 157.6 MB.
System memory in use after: 157.8 MB.

Unloading 72 unused Assets to reduce memory usage. Loaded Objects now: 4103.
Total: 2.216500 ms (FindLiveObjects: 0.307700 ms CreateObjectMapping: 0.149200 ms MarkObjects: 1.736200 ms  DeleteObjects: 0.022600 ms)

AssetImportParameters requested are different than current active one (requested -> active):
  custom:framework-win-MediaFoundation: 216162199b28c13a410421893ffa2e32 -> 
  custom:video-decoder-ogg-theora: a1e56fd34408186e4bbccfd4996cb3dc -> 
  custom:container-muxer-webm: aa71ff27fc2769a1b78a27578f13a17b -> 
  custom:container-demuxer-webm: 4f35f7cbe854078d1ac9338744f61a02 -> 
  custom:container-demuxer-ogg: 62fdf1f143b41e24485cea50d1cbac27 -> 
  custom:video-encoder-webm-vp8: eb34c28f22e8b96e1ab97ce403110664 -> 
  custom:video-decoder-webm-vp8: 9c59270c3fd7afecdb556c50c9e8de78 -> 
  custom:audio-decoder-ogg-vorbis: bf7c407c2cedff20999df2af8eb42d56 -> 
  custom:audio-encoder-webm-vorbis: bf7c407c2cedff20999df2af8eb42d56 -> 
========================================================================
Received Prepare
Registering precompiled user dll's ...
Registered in 0.004600 seconds.
Begin MonoManager ReloadAssembly
Native extension for WindowsStandalone target not found
Native extension for WebGL target not found
Refreshing native plugins compatible for Editor in 1.07 ms, found 5 plugins.
Preloading 0 native plugins for Editor in 0.00 ms.
Mono: successfully reloaded assembly
- Completed reload, in  0.797 seconds
Platform modules already initialized, skipping
Shader 'Universal Render Pipeline/Particles/Lit': fallback shader 'Universal Render Pipeline/Particles/SimpleLit' not found
Refreshing native plugins compatible for Editor in 0.96 ms, found 5 plugins.
Preloading 0 native plugins for Editor in 0.00 ms.
Unloading 3421 Unused Serialized files (Serialized files now loaded: 0)
System memory in use before: 157.6 MB.
System memory in use after: 157.8 MB.

Unloading 72 unused Assets to reduce memory usage. Loaded Objects now: 4106.
Total: 2.348600 ms (FindLiveObjects: 0.376000 ms CreateObjectMapping: 0.190500 ms MarkObjects: 1.758400 ms  DeleteObjects: 0.023000 ms)

AssetImportParameters requested are different than current active one (requested -> active):
  custom:framework-win-MediaFoundation: 216162199b28c13a410421893ffa2e32 -> 
  custom:video-decoder-ogg-theora: a1e56fd34408186e4bbccfd4996cb3dc -> 
  custom:container-muxer-webm: aa71ff27fc2769a1b78a27578f13a17b -> 
  custom:container-demuxer-webm: 4f35f7cbe854078d1ac9338744f61a02 -> 
  custom:container-demuxer-ogg: 62fdf1f143b41e24485cea50d1cbac27 -> 
  custom:video-encoder-webm-vp8: eb34c28f22e8b96e1ab97ce403110664 -> 
  custom:video-decoder-webm-vp8: 9c59270c3fd7afecdb556c50c9e8de78 -> 
  custom:audio-decoder-ogg-vorbis: bf7c407c2cedff20999df2af8eb42d56 -> 
  custom:audio-encoder-webm-vorbis: bf7c407c2cedff20999df2af8eb42d56 -> 
========================================================================
Received Prepare
Registering precompiled user dll's ...
Registered in 0.004736 seconds.
Begin MonoManager ReloadAssembly
Native extension for WindowsStandalone target not found
Native extension for WebGL target not found
Refreshing native plugins compatible for Editor in 0.95 ms, found 5 plugins.
Preloading 0 native plugins for Editor in 0.00 ms.
Mono: successfully reloaded assembly
- Completed reload, in  0.790 seconds
Platform modules already initialized, skipping
Shader 'Universal Render Pipeline/Particles/Lit': fallback shader 'Universal Render Pipeline/Particles/SimpleLit' not found
Refreshing native plugins compatible for Editor in 0.97 ms, found 5 plugins.
Preloading 0 native plugins for Editor in 0.00 ms.
Unloading 3421 Unused Serialized files (Serialized files now loaded: 0)
System memory in use before: 157.6 MB.
System memory in use after: 157.9 MB.

Unloading 72 unused Assets to reduce memory usage. Loaded Objects now: 4109.
Total: 2.341100 ms (FindLiveObjects: 0.299500 ms CreateObjectMapping: 0.166500 ms MarkObjects: 1.836700 ms  DeleteObjects: 0.037500 ms)

AssetImportParameters requested are different than current active one (requested -> active):
  custom:framework-win-MediaFoundation: 216162199b28c13a410421893ffa2e32 -> 
  custom:video-decoder-ogg-theora: a1e56fd34408186e4bbccfd4996cb3dc -> 
  custom:container-muxer-webm: aa71ff27fc2769a1b78a27578f13a17b -> 
  custom:container-demuxer-webm: 4f35f7cbe854078d1ac9338744f61a02 -> 
  custom:container-demuxer-ogg: 62fdf1f143b41e24485cea50d1cbac27 -> 
  custom:video-encoder-webm-vp8: eb34c28f22e8b96e1ab97ce403110664 -> 
  custom:video-decoder-webm-vp8: 9c59270c3fd7afecdb556c50c9e8de78 -> 
  custom:audio-decoder-ogg-vorbis: bf7c407c2cedff20999df2af8eb42d56 -> 
  custom:audio-encoder-webm-vorbis: bf7c407c2cedff20999df2af8eb42d56 -> 
========================================================================
Received Prepare
Registering precompiled user dll's ...
Registered in 0.004698 seconds.
Begin MonoManager ReloadAssembly
Native extension for WindowsStandalone target not found
Native extension for WebGL target not found
Refreshing native plugins compatible for Editor in 0.96 ms, found 5 plugins.
Preloading 0 native plugins for Editor in 0.00 ms.
Mono: successfully reloaded assembly
- Completed reload, in  0.799 seconds
Platform modules already initialized, skipping
Shader 'Universal Render Pipeline/Particles/Lit': fallback shader 'Universal Render Pipeline/Particles/SimpleLit' not found
Refreshing native plugins compatible for Editor in 0.97 ms, found 5 plugins.
Preloading 0 native plugins for Editor in 0.00 ms.
Unloading 3421 Unused Serialized files (Serialized files now loaded: 0)
System memory in use before: 157.6 MB.
System memory in use after: 157.9 MB.

Unloading 72 unused Assets to reduce memory usage. Loaded Objects now: 4112.
Total: 2.458000 ms (FindLiveObjects: 0.341000 ms CreateObjectMapping: 0.136200 ms MarkObjects: 1.958400 ms  DeleteObjects: 0.021700 ms)

AssetImportParameters requested are different than current active one (requested -> active):
  custom:framework-win-MediaFoundation: 216162199b28c13a410421893ffa2e32 -> 
  custom:video-decoder-ogg-theora: a1e56fd34408186e4bbccfd4996cb3dc -> 
  custom:container-muxer-webm: aa71ff27fc2769a1b78a27578f13a17b -> 
  custom:container-demuxer-webm: 4f35f7cbe854078d1ac9338744f61a02 -> 
  custom:container-demuxer-ogg: 62fdf1f143b41e24485cea50d1cbac27 -> 
  custom:video-encoder-webm-vp8: eb34c28f22e8b96e1ab97ce403110664 -> 
  custom:video-decoder-webm-vp8: 9c59270c3fd7afecdb556c50c9e8de78 -> 
  custom:audio-decoder-ogg-vorbis: bf7c407c2cedff20999df2af8eb42d56 -> 
  custom:audio-encoder-webm-vorbis: bf7c407c2cedff20999df2af8eb42d56 -> 
========================================================================
Received Prepare
Registering precompiled user dll's ...
Registered in 0.004691 seconds.
Begin MonoManager ReloadAssembly
Native extension for WindowsStandalone target not found
Native extension for WebGL target not found
Refreshing native plugins compatible for Editor in 0.94 ms, found 5 plugins.
Preloading 0 native plugins for Editor in 0.00 ms.
Mono: successfully reloaded assembly
- Completed reload, in  0.799 seconds
Platform modules already initialized, skipping
Shader 'Universal Render Pipeline/Particles/Lit': fallback shader 'Universal Render Pipeline/Particles/SimpleLit' not found
Refreshing native plugins compatible for Editor in 0.94 ms, found 5 plugins.
Preloading 0 native plugins for Editor in 0.00 ms.
Unloading 3421 Unused Serialized files (Serialized files now loaded: 0)
System memory in use before: 157.6 MB.
System memory in use after: 157.9 MB.

Unloading 72 unused Assets to reduce memory usage. Loaded Objects now: 4115.
Total: 2.194900 ms (FindLiveObjects: 0.301400 ms CreateObjectMapping: 0.170200 ms MarkObjects: 1.700200 ms  DeleteObjects: 0.022400 ms)

AssetImportParameters requested are different than current active one (requested -> active):
  custom:framework-win-MediaFoundation: 216162199b28c13a410421893ffa2e32 -> 
  custom:video-decoder-ogg-theora: a1e56fd34408186e4bbccfd4996cb3dc -> 
  custom:container-muxer-webm: aa71ff27fc2769a1b78a27578f13a17b -> 
  custom:container-demuxer-webm: 4f35f7cbe854078d1ac9338744f61a02 -> 
  custom:container-demuxer-ogg: 62fdf1f143b41e24485cea50d1cbac27 -> 
  custom:video-encoder-webm-vp8: eb34c28f22e8b96e1ab97ce403110664 -> 
  custom:video-decoder-webm-vp8: 9c59270c3fd7afecdb556c50c9e8de78 -> 
  custom:audio-decoder-ogg-vorbis: bf7c407c2cedff20999df2af8eb42d56 -> 
  custom:audio-encoder-webm-vorbis: bf7c407c2cedff20999df2af8eb42d56 -> 
AssetImportWorkerClient::OnTransportError - code=2 error=End of file
