Using pre-set license
Built from '2020.3/staging' branch; Version is '2020.3.14f1 (d0d1bb862f9d) revision 13685179'; Using compiler version '192528614'; Build Type 'Release'
OS: 'Windows 10 Home; OS build 19042.1165; Version 2009; 64bit' Language: 'en' Physical Memory: 15776 MB
BatchMode: 1, IsHumanControllingUs: 0, StartBugReporterOnCrash: 0, Is64bit: 1, IsPro: 0

 COMMAND LINE ARGUMENTS:
C:\Program Files\Unity\Hub\Editor\2020.3.14f1\Editor\Unity.exe
-adb2
-batchMode
-noUpm
-name
AssetImportWorker4
-projectPath
C:/Users/timsh/Documents/GitHub/EchoBeach/EchoBeach/EchoBeach
-logFile
Logs/AssetImportWorker4.log
-srvPort
59478
Successfully changed project path to: C:/Users/timsh/Documents/GitHub/EchoBeach/EchoBeach/EchoBeach
C:/Users/timsh/Documents/GitHub/EchoBeach/EchoBeach/EchoBeach
Using Asset Import Pipeline V2.
Refreshing native plugins compatible for Editor in 137.65 ms, found 5 plugins.
Preloading 0 native plugins for Editor in 0.00 ms.
Initialize engine version: 2020.3.14f1 (d0d1bb862f9d)
[Subsystems] Discovering subsystems at path C:/Program Files/Unity/Hub/Editor/2020.3.14f1/Editor/Data/Resources/UnitySubsystems
[Subsystems] Discovering subsystems at path C:/Users/timsh/Documents/GitHub/EchoBeach/EchoBeach/EchoBeach/Assets
GfxDevice: creating device client; threaded=0
Direct3D:
    Version:  Direct3D 11.0 [level 11.1]
    Renderer: NVIDIA GeForce RTX 3070 Laptop GPU (ID=0x249d)
    Vendor:   
    VRAM:     8044 MB
    Driver:   27.21.14.6213
Shader 'Universal Render Pipeline/Particles/Lit': fallback shader 'Universal Render Pipeline/Particles/SimpleLit' not found
Initialize mono
Mono path[0] = 'C:/Program Files/Unity/Hub/Editor/2020.3.14f1/Editor/Data/Managed'
Mono path[1] = 'C:/Program Files/Unity/Hub/Editor/2020.3.14f1/Editor/Data/MonoBleedingEdge/lib/mono/unityjit'
Mono config path = 'C:/Program Files/Unity/Hub/Editor/2020.3.14f1/Editor/Data/MonoBleedingEdge/etc'
Using monoOptions --debugger-agent=transport=dt_socket,embedding=1,server=y,suspend=n,address=127.0.0.1:56860
Begin MonoManager ReloadAssembly
Registering precompiled unity dll's ...
Register platform support module: C:/Program Files/Unity/Hub/Editor/2020.3.14f1/Editor/Data/PlaybackEngines/WindowsStandaloneSupport/UnityEditor.WindowsStandalone.Extensions.dll
Registered in 0.003570 seconds.
Native extension for WindowsStandalone target not found
Refreshing native plugins compatible for Editor in 95.65 ms, found 5 plugins.
Preloading 0 native plugins for Editor in 0.00 ms.
Mono: successfully reloaded assembly
- Completed reload, in  2.160 seconds
Domain Reload Profiling:
	ReloadAssembly (2161ms)
		BeginReloadAssembly (84ms)
			ExecutionOrderSort (0ms)
			DisableScriptedObjects (0ms)
			BackupInstance (0ms)
			ReleaseScriptingObjects (0ms)
			CreateAndSetChildDomain (1ms)
		EndReloadAssembly (652ms)
			LoadAssemblies (81ms)
			RebuildTransferFunctionScriptingTraits (0ms)
			SetupTypeCache (211ms)
			ReleaseScriptCaches (0ms)
			RebuildScriptCaches (49ms)
			SetupLoadedEditorAssemblies (282ms)
				LogAssemblyErrors (0ms)
				InitializePlatformSupportModulesInManaged (6ms)
				SetLoadedEditorAssemblies (0ms)
				RefreshPlugins (96ms)
				BeforeProcessingInitializeOnLoad (21ms)
				ProcessInitializeOnLoadAttributes (125ms)
				ProcessInitializeOnLoadMethodAttributes (35ms)
				AfterProcessingInitializeOnLoad (0ms)
				EditorAssembliesLoaded (0ms)
			ExecutionOrderSort2 (0ms)
			AwakeInstancesAfterBackupRestoration (0ms)
Platform modules already initialized, skipping
Registering precompiled user dll's ...
Registered in 0.015069 seconds.
Begin MonoManager ReloadAssembly
Native extension for WindowsStandalone target not found
Refreshing native plugins compatible for Editor in 73.42 ms, found 5 plugins.
Preloading 0 native plugins for Editor in 0.00 ms.
Mono: successfully reloaded assembly
- Completed reload, in  1.484 seconds
Domain Reload Profiling:
	ReloadAssembly (1485ms)
		BeginReloadAssembly (214ms)
			ExecutionOrderSort (0ms)
			DisableScriptedObjects (6ms)
			BackupInstance (0ms)
			ReleaseScriptingObjects (0ms)
			CreateAndSetChildDomain (26ms)
		EndReloadAssembly (1172ms)
			LoadAssemblies (148ms)
			RebuildTransferFunctionScriptingTraits (0ms)
			SetupTypeCache (347ms)
			ReleaseScriptCaches (1ms)
			RebuildScriptCaches (71ms)
			SetupLoadedEditorAssemblies (488ms)
				LogAssemblyErrors (0ms)
				InitializePlatformSupportModulesInManaged (4ms)
				SetLoadedEditorAssemblies (0ms)
				RefreshPlugins (74ms)
				BeforeProcessingInitializeOnLoad (143ms)
				ProcessInitializeOnLoadAttributes (236ms)
				ProcessInitializeOnLoadMethodAttributes (21ms)
				AfterProcessingInitializeOnLoad (11ms)
				EditorAssembliesLoaded (0ms)
			ExecutionOrderSort2 (0ms)
			AwakeInstancesAfterBackupRestoration (6ms)
Platform modules already initialized, skipping
========================================================================
Worker process is ready to serve import requests
Launched and connected shader compiler UnityShaderCompiler.exe after 0.05 seconds
Shader 'Universal Render Pipeline/Particles/Lit': fallback shader 'Universal Render Pipeline/Particles/SimpleLit' not found
Refreshing native plugins compatible for Editor in 1.83 ms, found 5 plugins.
Preloading 0 native plugins for Editor in 0.00 ms.
Unloading 3598 Unused Serialized files (Serialized files now loaded: 0)
System memory in use before: 165.2 MB.
System memory in use after: 165.3 MB.

Unloading 89 unused Assets to reduce memory usage. Loaded Objects now: 4060.
Total: 3.058100 ms (FindLiveObjects: 0.339700 ms CreateObjectMapping: 0.119600 ms MarkObjects: 2.422000 ms  DeleteObjects: 0.175600 ms)

AssetImportParameters requested are different than current active one (requested -> active):
  custom:framework-win-MediaFoundation: 216162199b28c13a410421893ffa2e32 -> 
  custom:video-decoder-ogg-theora: a1e56fd34408186e4bbccfd4996cb3dc -> 
  custom:container-muxer-webm: aa71ff27fc2769a1b78a27578f13a17b -> 
  custom:container-demuxer-webm: 4f35f7cbe854078d1ac9338744f61a02 -> 
  custom:container-demuxer-ogg: 62fdf1f143b41e24485cea50d1cbac27 -> 
  custom:video-encoder-webm-vp8: eb34c28f22e8b96e1ab97ce403110664 -> 
  custom:video-codec-MediaFoundation-h265: 746d11721c4dcdbdad8f713fa42b33f4 -> 
  custom:video-decoder-webm-vp8: 9c59270c3fd7afecdb556c50c9e8de78 -> 
  custom:audio-decoder-ogg-vorbis: bf7c407c2cedff20999df2af8eb42d56 -> 
  custom:audio-encoder-webm-vorbis: bf7c407c2cedff20999df2af8eb42d56 -> 
========================================================================
Received Import Request.
  path: Assets/Art/NewSurfaceShader.shader
  artifactKey: Guid(16efe930e5443dd45b6bb0c53bdbc285) Importer(815301076,1909f56bfc062723c751e8b465ee728b)
Start importing Assets/Art/NewSurfaceShader.shader using Guid(16efe930e5443dd45b6bb0c53bdbc285) Importer(815301076,1909f56bfc062723c751e8b465ee728b)  -> (artifact id: 'af3500c1a4ebb8fc93d1b305232a05df') in 0.032011 seconds 
  Import took 0.037589 seconds .

========================================================================
Received Import Request.
  Time since last request: 97.391103 seconds.
  path: Assets/Art/NewSurfaceShader.shader
  artifactKey: Guid(16efe930e5443dd45b6bb0c53bdbc285) Importer(815301076,1909f56bfc062723c751e8b465ee728b)
Start importing Assets/Art/NewSurfaceShader.shader using Guid(16efe930e5443dd45b6bb0c53bdbc285) Importer(815301076,1909f56bfc062723c751e8b465ee728b)  -> (artifact id: 'adb4fe7b9e47324c2dba5b6296104c62') in 0.004298 seconds 
  Import took 0.011265 seconds .

========================================================================
Received Import Request.
  Time since last request: 273.430621 seconds.
  path: Assets/LimitlessUnityDevelopment/Retro Look Pro URP/Resources/Shaders
  artifactKey: Guid(13292a8c9a9684d09b60028e4b2d1ff9) Importer(815301076,1909f56bfc062723c751e8b465ee728b)
Start importing Assets/LimitlessUnityDevelopment/Retro Look Pro URP/Resources/Shaders using Guid(13292a8c9a9684d09b60028e4b2d1ff9) Importer(815301076,1909f56bfc062723c751e8b465ee728b)  -> (artifact id: '209cc159e57791d1fc72f7dab517fb26') in 0.007838 seconds 
  Import took 0.018712 seconds .

========================================================================
Received Import Request.
  Time since last request: 2.754387 seconds.
  path: Assets/LimitlessUnityDevelopment/Retro Look Pro URP/Resources/Shaders/CRTAperture_RLPRO.shader
  artifactKey: Guid(071fec8b518b7430ab9d19b50ca97ce1) Importer(815301076,1909f56bfc062723c751e8b465ee728b)
Start importing Assets/LimitlessUnityDevelopment/Retro Look Pro URP/Resources/Shaders/CRTAperture_RLPRO.shader using Guid(071fec8b518b7430ab9d19b50ca97ce1) Importer(815301076,1909f56bfc062723c751e8b465ee728b)  -> (artifact id: 'b38fe075cba2ca3a6c6b50701d8ec2e9') in 0.006425 seconds 
  Import took 0.017903 seconds .

========================================================================
Received Import Request.
  Time since last request: 19.601320 seconds.
  path: Assets/LimitlessUnityDevelopment/Retro Look Pro URP/Resources/Shaders/Hidden_Shader_CRTAperture_RLPRO.mat
  artifactKey: Guid(75a791ce06f1352459b5f86adc9563d7) Importer(815301076,1909f56bfc062723c751e8b465ee728b)
Start importing Assets/LimitlessUnityDevelopment/Retro Look Pro URP/Resources/Shaders/Hidden_Shader_CRTAperture_RLPRO.mat using Guid(75a791ce06f1352459b5f86adc9563d7) Importer(815301076,1909f56bfc062723c751e8b465ee728b)  -> (artifact id: '5bee5f39d3a56eb5c715898c498c1f7b') in 0.295003 seconds 
  Import took 0.306802 seconds .

========================================================================
Received Prepare
Registering precompiled user dll's ...
Registered in 0.017233 seconds.
Begin MonoManager ReloadAssembly
Native extension for WindowsStandalone target not found
Refreshing native plugins compatible for Editor in 1.42 ms, found 5 plugins.
Preloading 0 native plugins for Editor in 0.00 ms.
Mono: successfully reloaded assembly
- Completed reload, in  1.829 seconds
Domain Reload Profiling:
	ReloadAssembly (1830ms)
		BeginReloadAssembly (264ms)
			ExecutionOrderSort (0ms)
			DisableScriptedObjects (11ms)
			BackupInstance (0ms)
			ReleaseScriptingObjects (0ms)
			CreateAndSetChildDomain (67ms)
		EndReloadAssembly (1472ms)
			LoadAssemblies (178ms)
			RebuildTransferFunctionScriptingTraits (0ms)
			SetupTypeCache (386ms)
			ReleaseScriptCaches (2ms)
			RebuildScriptCaches (71ms)
			SetupLoadedEditorAssemblies (497ms)
				LogAssemblyErrors (0ms)
				InitializePlatformSupportModulesInManaged (7ms)
				SetLoadedEditorAssemblies (1ms)
				RefreshPlugins (2ms)
				BeforeProcessingInitializeOnLoad (154ms)
				ProcessInitializeOnLoadAttributes (311ms)
				ProcessInitializeOnLoadMethodAttributes (12ms)
				AfterProcessingInitializeOnLoad (12ms)
				EditorAssembliesLoaded (0ms)
			ExecutionOrderSort2 (0ms)
			AwakeInstancesAfterBackupRestoration (94ms)
Platform modules already initialized, skipping
Shader 'Universal Render Pipeline/Particles/Lit': fallback shader 'Universal Render Pipeline/Particles/SimpleLit' not found
Refreshing native plugins compatible for Editor in 1.43 ms, found 5 plugins.
Preloading 0 native plugins for Editor in 0.00 ms.
Unloading 3421 Unused Serialized files (Serialized files now loaded: 0)
System memory in use before: 159.4 MB.
System memory in use after: 159.0 MB.

Unloading 78 unused Assets to reduce memory usage. Loaded Objects now: 4276.
Total: 4.118700 ms (FindLiveObjects: 0.418700 ms CreateObjectMapping: 0.157200 ms MarkObjects: 3.078000 ms  DeleteObjects: 0.463700 ms)

AssetImportParameters requested are different than current active one (requested -> active):
  custom:framework-win-MediaFoundation: 216162199b28c13a410421893ffa2e32 -> 
  custom:video-decoder-ogg-theora: a1e56fd34408186e4bbccfd4996cb3dc -> 
  custom:container-muxer-webm: aa71ff27fc2769a1b78a27578f13a17b -> 
  custom:container-demuxer-webm: 4f35f7cbe854078d1ac9338744f61a02 -> 
  custom:container-demuxer-ogg: 62fdf1f143b41e24485cea50d1cbac27 -> 
  custom:video-encoder-webm-vp8: eb34c28f22e8b96e1ab97ce403110664 -> 
  custom:video-codec-MediaFoundation-h265: 746d11721c4dcdbdad8f713fa42b33f4 -> 
  custom:video-decoder-webm-vp8: 9c59270c3fd7afecdb556c50c9e8de78 -> 
  custom:audio-decoder-ogg-vorbis: bf7c407c2cedff20999df2af8eb42d56 -> 
  custom:audio-encoder-webm-vorbis: bf7c407c2cedff20999df2af8eb42d56 -> 
========================================================================
Received Import Request.
  Time since last request: 38.924035 seconds.
  path: Assets/lcd/300px-IconPlortPink.png
  artifactKey: Guid(0d88f515d2ded984b9c86053f3c72028) Importer(815301076,1909f56bfc062723c751e8b465ee728b)
Start importing Assets/lcd/300px-IconPlortPink.png using Guid(0d88f515d2ded984b9c86053f3c72028) Importer(815301076,1909f56bfc062723c751e8b465ee728b)  -> (artifact id: 'bd4b507667bf543892b1734318927895') in 0.132259 seconds 
  Import took 0.142198 seconds .

========================================================================
Received Import Request.
  Time since last request: 0.000434 seconds.
  path: Assets/lcd/lcd_3x3.png
  artifactKey: Guid(0cc70497e569f65469dc1e2dda6a3a80) Importer(815301076,1909f56bfc062723c751e8b465ee728b)
Start importing Assets/lcd/lcd_3x3.png using Guid(0cc70497e569f65469dc1e2dda6a3a80) Importer(815301076,1909f56bfc062723c751e8b465ee728b)  -> (artifact id: '2526fa582167f89586be4d52a7772406') in 0.017759 seconds 
  Import took 0.025442 seconds .

========================================================================
Received Import Request.
  Time since last request: 0.000440 seconds.
  path: Assets/lcd/LCD.mat
  artifactKey: Guid(7743e77e1d6ecf2408217e2b86d6bd86) Importer(815301076,1909f56bfc062723c751e8b465ee728b)
Start importing Assets/lcd/LCD.mat using Guid(7743e77e1d6ecf2408217e2b86d6bd86) Importer(815301076,1909f56bfc062723c751e8b465ee728b)  -> (artifact id: 'd1b25ed1cfe750f71e94d9764dd95fbd') in 0.202448 seconds 
  Import took 0.211521 seconds .

========================================================================
Received Import Request.
  Time since last request: 3.229545 seconds.
  path: Assets/lcd/LCD.shader
  artifactKey: Guid(18aed51e6cd592047bf3743e1fd8b12b) Importer(815301076,1909f56bfc062723c751e8b465ee728b)
Start importing Assets/lcd/LCD.shader using Guid(18aed51e6cd592047bf3743e1fd8b12b) Importer(815301076,1909f56bfc062723c751e8b465ee728b)  -> (artifact id: '75d435902197978225a8a3378727c96d') in 0.006681 seconds 
  Import took 0.014570 seconds .

========================================================================
Received Import Request.
  Time since last request: 0.013968 seconds.
  path: Assets/lcd/LCD.shader
  artifactKey: Guid(18aed51e6cd592047bf3743e1fd8b12b) Importer(815301076,1909f56bfc062723c751e8b465ee728b)
Start importing Assets/lcd/LCD.shader using Guid(18aed51e6cd592047bf3743e1fd8b12b) Importer(815301076,1909f56bfc062723c751e8b465ee728b)  -> (artifact id: '75d435902197978225a8a3378727c96d') in 0.006610 seconds 
  Import took 0.013852 seconds .

========================================================================
Received Import Request.
  Time since last request: 1.687614 seconds.
  path: Assets/lcd/lcd.unity
  artifactKey: Guid(c0e345baa9afbbc4f91dfc094cdb4ad6) Importer(815301076,1909f56bfc062723c751e8b465ee728b)
Start importing Assets/lcd/lcd.unity using Guid(c0e345baa9afbbc4f91dfc094cdb4ad6) Importer(815301076,1909f56bfc062723c751e8b465ee728b)  -> (artifact id: 'ded0c42cd3280d60393d559a879a11a8') in 0.006550 seconds 
  Import took 0.016247 seconds .

========================================================================
Received Import Request.
  Time since last request: 0.012018 seconds.
  path: Assets/lcd/lcd.unity
  artifactKey: Guid(c0e345baa9afbbc4f91dfc094cdb4ad6) Importer(815301076,1909f56bfc062723c751e8b465ee728b)
Start importing Assets/lcd/lcd.unity using Guid(c0e345baa9afbbc4f91dfc094cdb4ad6) Importer(815301076,1909f56bfc062723c751e8b465ee728b)  -> (artifact id: 'ded0c42cd3280d60393d559a879a11a8') in 0.005256 seconds 
  Import took 0.015002 seconds .

========================================================================
Received Prepare
Registering precompiled user dll's ...
Registered in 0.017837 seconds.
Begin MonoManager ReloadAssembly
Native extension for WindowsStandalone target not found
Refreshing native plugins compatible for Editor in 2.48 ms, found 5 plugins.
Preloading 0 native plugins for Editor in 0.00 ms.
Mono: successfully reloaded assembly
- Completed reload, in  1.771 seconds
Domain Reload Profiling:
	ReloadAssembly (1771ms)
		BeginReloadAssembly (171ms)
			ExecutionOrderSort (0ms)
			DisableScriptedObjects (10ms)
			BackupInstance (0ms)
			ReleaseScriptingObjects (0ms)
			CreateAndSetChildDomain (50ms)
		EndReloadAssembly (1500ms)
			LoadAssemblies (161ms)
			RebuildTransferFunctionScriptingTraits (0ms)
			SetupTypeCache (389ms)
			ReleaseScriptCaches (2ms)
			RebuildScriptCaches (66ms)
			SetupLoadedEditorAssemblies (517ms)
				LogAssemblyErrors (0ms)
				InitializePlatformSupportModulesInManaged (7ms)
				SetLoadedEditorAssemblies (1ms)
				RefreshPlugins (3ms)
				BeforeProcessingInitializeOnLoad (180ms)
				ProcessInitializeOnLoadAttributes (296ms)
				ProcessInitializeOnLoadMethodAttributes (15ms)
				AfterProcessingInitializeOnLoad (15ms)
				EditorAssembliesLoaded (0ms)
			ExecutionOrderSort2 (0ms)
			AwakeInstancesAfterBackupRestoration (116ms)
Platform modules already initialized, skipping
Shader 'Universal Render Pipeline/Particles/Lit': fallback shader 'Universal Render Pipeline/Particles/SimpleLit' not found
Refreshing native plugins compatible for Editor in 2.60 ms, found 5 plugins.
Preloading 0 native plugins for Editor in 0.00 ms.
Unloading 3421 Unused Serialized files (Serialized files now loaded: 0)
System memory in use before: 159.7 MB.
System memory in use after: 159.8 MB.

Unloading 77 unused Assets to reduce memory usage. Loaded Objects now: 4452.
Total: 4.020100 ms (FindLiveObjects: 0.420500 ms CreateObjectMapping: 0.156900 ms MarkObjects: 3.219100 ms  DeleteObjects: 0.222100 ms)

AssetImportParameters requested are different than current active one (requested -> active):
  custom:framework-win-MediaFoundation: 216162199b28c13a410421893ffa2e32 -> 
  custom:video-decoder-ogg-theora: a1e56fd34408186e4bbccfd4996cb3dc -> 
  custom:container-muxer-webm: aa71ff27fc2769a1b78a27578f13a17b -> 
  custom:container-demuxer-webm: 4f35f7cbe854078d1ac9338744f61a02 -> 
  custom:container-demuxer-ogg: 62fdf1f143b41e24485cea50d1cbac27 -> 
  custom:video-encoder-webm-vp8: eb34c28f22e8b96e1ab97ce403110664 -> 
  custom:video-codec-MediaFoundation-h265: 746d11721c4dcdbdad8f713fa42b33f4 -> 
  custom:video-decoder-webm-vp8: 9c59270c3fd7afecdb556c50c9e8de78 -> 
  custom:audio-decoder-ogg-vorbis: bf7c407c2cedff20999df2af8eb42d56 -> 
  custom:audio-encoder-webm-vorbis: bf7c407c2cedff20999df2af8eb42d56 -> 
========================================================================
Received Import Request.
  Time since last request: 71.716500 seconds.
  path: Assets/Scenes/MainGameScene.unity
  artifactKey: Guid(515cfee509b5af641adadf64a5c55379) Importer(815301076,1909f56bfc062723c751e8b465ee728b)
Start importing Assets/Scenes/MainGameScene.unity using Guid(515cfee509b5af641adadf64a5c55379) Importer(815301076,1909f56bfc062723c751e8b465ee728b)  -> (artifact id: '6ce6e7195b9263a42060a7f3ccc512f6') in 0.047265 seconds 
  Import took 0.057447 seconds .

========================================================================
Received Prepare
Registering precompiled user dll's ...
Registered in 0.023379 seconds.
Begin MonoManager ReloadAssembly
Native extension for WindowsStandalone target not found
Refreshing native plugins compatible for Editor in 1.52 ms, found 5 plugins.
Preloading 0 native plugins for Editor in 0.00 ms.
Mono: successfully reloaded assembly
- Completed reload, in  1.663 seconds
Domain Reload Profiling:
	ReloadAssembly (1663ms)
		BeginReloadAssembly (168ms)
			ExecutionOrderSort (0ms)
			DisableScriptedObjects (11ms)
			BackupInstance (0ms)
			ReleaseScriptingObjects (0ms)
			CreateAndSetChildDomain (46ms)
		EndReloadAssembly (1413ms)
			LoadAssemblies (142ms)
			RebuildTransferFunctionScriptingTraits (0ms)
			SetupTypeCache (364ms)
			ReleaseScriptCaches (2ms)
			RebuildScriptCaches (69ms)
			SetupLoadedEditorAssemblies (490ms)
				LogAssemblyErrors (0ms)
				InitializePlatformSupportModulesInManaged (6ms)
				SetLoadedEditorAssemblies (1ms)
				RefreshPlugins (2ms)
				BeforeProcessingInitializeOnLoad (148ms)
				ProcessInitializeOnLoadAttributes (306ms)
				ProcessInitializeOnLoadMethodAttributes (14ms)
				AfterProcessingInitializeOnLoad (13ms)
				EditorAssembliesLoaded (0ms)
			ExecutionOrderSort2 (0ms)
			AwakeInstancesAfterBackupRestoration (99ms)
Platform modules already initialized, skipping
Shader 'Universal Render Pipeline/Particles/Lit': fallback shader 'Universal Render Pipeline/Particles/SimpleLit' not found
Refreshing native plugins compatible for Editor in 1.42 ms, found 5 plugins.
Preloading 0 native plugins for Editor in 0.00 ms.
Unloading 3420 Unused Serialized files (Serialized files now loaded: 0)
System memory in use before: 159.7 MB.
System memory in use after: 159.8 MB.

Unloading 77 unused Assets to reduce memory usage. Loaded Objects now: 4509.
Total: 3.930700 ms (FindLiveObjects: 0.415000 ms CreateObjectMapping: 0.165700 ms MarkObjects: 3.127600 ms  DeleteObjects: 0.220600 ms)

AssetImportParameters requested are different than current active one (requested -> active):
  custom:framework-win-MediaFoundation: 216162199b28c13a410421893ffa2e32 -> 
  custom:video-decoder-ogg-theora: a1e56fd34408186e4bbccfd4996cb3dc -> 
  custom:container-muxer-webm: aa71ff27fc2769a1b78a27578f13a17b -> 
  custom:container-demuxer-webm: 4f35f7cbe854078d1ac9338744f61a02 -> 
  custom:container-demuxer-ogg: 62fdf1f143b41e24485cea50d1cbac27 -> 
  custom:video-encoder-webm-vp8: eb34c28f22e8b96e1ab97ce403110664 -> 
  custom:video-codec-MediaFoundation-h265: 746d11721c4dcdbdad8f713fa42b33f4 -> 
  custom:video-decoder-webm-vp8: 9c59270c3fd7afecdb556c50c9e8de78 -> 
  custom:audio-decoder-ogg-vorbis: bf7c407c2cedff20999df2af8eb42d56 -> 
  custom:audio-encoder-webm-vorbis: bf7c407c2cedff20999df2af8eb42d56 -> 
========================================================================
Received Import Request.
  Time since last request: 53.438913 seconds.
  path: Assets/Scenes/New Material.mat
  artifactKey: Guid(bc59365ad570d5145b5860e988ee8120) Importer(815301076,1909f56bfc062723c751e8b465ee728b)
Start importing Assets/Scenes/New Material.mat using Guid(bc59365ad570d5145b5860e988ee8120) Importer(815301076,1909f56bfc062723c751e8b465ee728b)  -> (artifact id: 'dc52d85d191348309048add35c525648') in 0.215777 seconds 
  Import took 0.223327 seconds .

========================================================================
Received Import Request.
  Time since last request: 27.409351 seconds.
  path: Assets/LimitlessUnityDevelopment/Resources/Noise Textures/Dither noise textures/DF Dithering ver 1 42.png
  artifactKey: Guid(40a43ed222d92c04cbaf666a077b1f64) Importer(815301076,1909f56bfc062723c751e8b465ee728b)
Start importing Assets/LimitlessUnityDevelopment/Resources/Noise Textures/Dither noise textures/DF Dithering ver 1 42.png using Guid(40a43ed222d92c04cbaf666a077b1f64) Importer(815301076,1909f56bfc062723c751e8b465ee728b)  -> (artifact id: '99d04e1561670c6898ecf2b12ce62bc2') in 0.024892 seconds 
  Import took 0.034372 seconds .

========================================================================
Received Import Request.
  Time since last request: 0.000414 seconds.
  path: Assets/LimitlessUnityDevelopment/Resources/Noise Textures/Dither noise textures/DF Dithering ver 1 43.png
  artifactKey: Guid(a3c0feebf79247b4288a464951fac9d2) Importer(815301076,1909f56bfc062723c751e8b465ee728b)
Start importing Assets/LimitlessUnityDevelopment/Resources/Noise Textures/Dither noise textures/DF Dithering ver 1 43.png using Guid(a3c0feebf79247b4288a464951fac9d2) Importer(815301076,1909f56bfc062723c751e8b465ee728b)  -> (artifact id: '48877c97a5eadaf8c7590cd75c56871c') in 0.015366 seconds 
  Import took 0.023719 seconds .

========================================================================
Received Import Request.
  Time since last request: 0.000498 seconds.
  path: Assets/LimitlessUnityDevelopment/Resources/Noise Textures/Dither noise textures/DF Dithering ver 1 47.png
  artifactKey: Guid(ea5cde78aed021b419ba41ce21ecdbe7) Importer(815301076,1909f56bfc062723c751e8b465ee728b)
Start importing Assets/LimitlessUnityDevelopment/Resources/Noise Textures/Dither noise textures/DF Dithering ver 1 47.png using Guid(ea5cde78aed021b419ba41ce21ecdbe7) Importer(815301076,1909f56bfc062723c751e8b465ee728b)  -> (artifact id: '0a78e5619129aeead0f4330f5af723b5') in 0.017917 seconds 
  Import took 0.027332 seconds .

========================================================================
Received Import Request.
  Time since last request: 0.000383 seconds.
  path: Assets/Editor Default Resources/FMOD/DiscreteParameterIcon.png
  artifactKey: Guid(f8ac120ec7be6c2409c5a46ab5115f56) Importer(815301076,1909f56bfc062723c751e8b465ee728b)
Start importing Assets/Editor Default Resources/FMOD/DiscreteParameterIcon.png using Guid(f8ac120ec7be6c2409c5a46ab5115f56) Importer(815301076,1909f56bfc062723c751e8b465ee728b)  -> (artifact id: '08618d6c3189a222a9c84a6763863c5b') in 0.015983 seconds 
  Import took 0.024031 seconds .

========================================================================
Received Import Request.
  Time since last request: 0.000403 seconds.
  path: Assets/LimitlessUnityDevelopment/Resources/Noise Textures/Dither noise textures/DF Dithering ver 1 44.png
  artifactKey: Guid(8407e4c6b302f484c8a45fa7c5668f4b) Importer(815301076,1909f56bfc062723c751e8b465ee728b)
Start importing Assets/LimitlessUnityDevelopment/Resources/Noise Textures/Dither noise textures/DF Dithering ver 1 44.png using Guid(8407e4c6b302f484c8a45fa7c5668f4b) Importer(815301076,1909f56bfc062723c751e8b465ee728b)  -> (artifact id: 'ef0fd0ec996048beeac1f14f83f2b9f1') in 0.016715 seconds 
  Import took 0.026256 seconds .

========================================================================
Received Import Request.
  Time since last request: 0.000351 seconds.
  path: Assets/LimitlessUnityDevelopment/Resources/Noise Textures/Dither noise textures/DF Dithering ver 1 46.png
  artifactKey: Guid(b729be873297f2a438ea11a67e20ed9b) Importer(815301076,1909f56bfc062723c751e8b465ee728b)
Start importing Assets/LimitlessUnityDevelopment/Resources/Noise Textures/Dither noise textures/DF Dithering ver 1 46.png using Guid(b729be873297f2a438ea11a67e20ed9b) Importer(815301076,1909f56bfc062723c751e8b465ee728b)  -> (artifact id: 'e392a09c3f9369e39d06a8bf40eb5dd2') in 0.016203 seconds 
  Import took 0.025546 seconds .

========================================================================
Received Import Request.
  Time since last request: 0.000433 seconds.
  path: Assets/LimitlessUnityDevelopment/Resources/Noise Textures/Dither noise textures/DF Dithering ver 1 45.png
  artifactKey: Guid(4c1285e377485864391bb29a56edd1a8) Importer(815301076,1909f56bfc062723c751e8b465ee728b)
Start importing Assets/LimitlessUnityDevelopment/Resources/Noise Textures/Dither noise textures/DF Dithering ver 1 45.png using Guid(4c1285e377485864391bb29a56edd1a8) Importer(815301076,1909f56bfc062723c751e8b465ee728b)  -> (artifact id: 'c979e0650fce09729c8f53d827d33f17') in 0.016284 seconds 
  Import took 0.026306 seconds .

========================================================================
Received Import Request.
  Time since last request: 0.088194 seconds.
  path: Assets/TextMesh Pro/Sprites/EmojiOne.png
  artifactKey: Guid(dffef66376be4fa480fb02b19edbe903) Importer(815301076,1909f56bfc062723c751e8b465ee728b)
Start importing Assets/TextMesh Pro/Sprites/EmojiOne.png using Guid(dffef66376be4fa480fb02b19edbe903) Importer(815301076,1909f56bfc062723c751e8b465ee728b)  -> (artifact id: '2176211fb6e1e8eb1c800903a26a6c60') in 0.018565 seconds 
  Import took 0.028259 seconds .

========================================================================
Received Import Request.
  Time since last request: 0.000434 seconds.
  path: Assets/Editor Default Resources/FMOD/FolderIconClosed.png
  artifactKey: Guid(70efeb6d97126f843b30b8ed62d18a4f) Importer(815301076,1909f56bfc062723c751e8b465ee728b)
Start importing Assets/Editor Default Resources/FMOD/FolderIconClosed.png using Guid(70efeb6d97126f843b30b8ed62d18a4f) Importer(815301076,1909f56bfc062723c751e8b465ee728b)  -> (artifact id: '4ef63dee0e7c9b09a03331eac5688cdc') in 0.016405 seconds 
  Import took 0.025149 seconds .

========================================================================
Received Import Request.
  Time since last request: 0.000436 seconds.
  path: Assets/Editor Default Resources/FMOD/FMODLogoBlack.png
  artifactKey: Guid(36e46b3c334e47e41a0b4ff2f26905ea) Importer(815301076,1909f56bfc062723c751e8b465ee728b)
Start importing Assets/Editor Default Resources/FMOD/FMODLogoBlack.png using Guid(36e46b3c334e47e41a0b4ff2f26905ea) Importer(815301076,1909f56bfc062723c751e8b465ee728b)  -> (artifact id: '010632bece58ce7ab1dde9cc4fcdc5ca') in 0.016583 seconds 
  Import took 0.025675 seconds .

========================================================================
Received Import Request.
  Time since last request: 0.000407 seconds.
  path: Assets/Editor Default Resources/FMOD/EventIcon.png
  artifactKey: Guid(a602f206f9cb31f439c79a2fe23687c5) Importer(815301076,1909f56bfc062723c751e8b465ee728b)
Start importing Assets/Editor Default Resources/FMOD/EventIcon.png using Guid(a602f206f9cb31f439c79a2fe23687c5) Importer(815301076,1909f56bfc062723c751e8b465ee728b)  -> (artifact id: '68db49476d25bdc445197b4cebff1261') in 0.017314 seconds 
  Import took 0.026028 seconds .

========================================================================
Received Import Request.
  Time since last request: 0.000447 seconds.
  path: Assets/Gizmos/FMOD/FMODEmitter.tiff
  artifactKey: Guid(392af304825cbe847bbf4e603852e4dd) Importer(815301076,1909f56bfc062723c751e8b465ee728b)
Start importing Assets/Gizmos/FMOD/FMODEmitter.tiff using Guid(392af304825cbe847bbf4e603852e4dd) Importer(815301076,1909f56bfc062723c751e8b465ee728b)  -> (artifact id: '8aaffd528ddc60d2484dc2e541efcc51') in 0.024617 seconds 
  Import took 0.032881 seconds .

========================================================================
Received Import Request.
  Time since last request: 0.000399 seconds.
  path: Assets/Editor Default Resources/FMOD/EventIcon.png
  artifactKey: Guid(a602f206f9cb31f439c79a2fe23687c5) Importer(815301076,1909f56bfc062723c751e8b465ee728b)
Start importing Assets/Editor Default Resources/FMOD/EventIcon.png using Guid(a602f206f9cb31f439c79a2fe23687c5) Importer(815301076,1909f56bfc062723c751e8b465ee728b)  -> (artifact id: '68db49476d25bdc445197b4cebff1261') in 0.014516 seconds 
  Import took 0.023331 seconds .

========================================================================
Received Import Request.
  Time since last request: 0.000405 seconds.
  path: Assets/Editor Default Resources/FMOD/FolderIconOpen.png
  artifactKey: Guid(d2b54e4f7f80b9448a41d3c5985f5672) Importer(815301076,1909f56bfc062723c751e8b465ee728b)
Start importing Assets/Editor Default Resources/FMOD/FolderIconOpen.png using Guid(d2b54e4f7f80b9448a41d3c5985f5672) Importer(815301076,1909f56bfc062723c751e8b465ee728b)  -> (artifact id: '370abc304b78adcc279e443487e34491') in 0.016296 seconds 
  Import took 0.025697 seconds .

========================================================================
Received Import Request.
  Time since last request: 0.000494 seconds.
  path: Assets/Editor Default Resources/FMOD/FMODLogoWhite.png
  artifactKey: Guid(8fd8ccb8d7e81d943b28ea7975c7185d) Importer(815301076,1909f56bfc062723c751e8b465ee728b)
Start importing Assets/Editor Default Resources/FMOD/FMODLogoWhite.png using Guid(8fd8ccb8d7e81d943b28ea7975c7185d) Importer(815301076,1909f56bfc062723c751e8b465ee728b)  -> (artifact id: 'b2b44f4e5d19d5cf2478c03e566ba0ca') in 0.016618 seconds 
  Import took 0.024661 seconds .

========================================================================
Received Import Request.
  Time since last request: 0.041719 seconds.
  path: Assets/LimitlessUnityDevelopment/Retro Look Pro URP/Example Scenes/Retro Look Pro Example Scene/ReflectionProbe-2.exr
  artifactKey: Guid(4f1a17b4ca44ec946bb09e3ae7fd41ab) Importer(815301076,1909f56bfc062723c751e8b465ee728b)
Start importing Assets/LimitlessUnityDevelopment/Retro Look Pro URP/Example Scenes/Retro Look Pro Example Scene/ReflectionProbe-2.exr using Guid(4f1a17b4ca44ec946bb09e3ae7fd41ab) Importer(815301076,1909f56bfc062723c751e8b465ee728b)  -> (artifact id: 'cff17cae6a39416af68d6437b4993a3d') in 0.045244 seconds 
  Import took 0.054818 seconds .

========================================================================
Received Import Request.
  Time since last request: 0.000436 seconds.
  path: Assets/LimitlessUnityDevelopment/Retro Look Pro URP/Example Scenes/Retro Look Pro Example Scene/ReflectionProbe-5.exr
  artifactKey: Guid(626e440ac966a0847a589d1645ee715f) Importer(815301076,1909f56bfc062723c751e8b465ee728b)
Start importing Assets/LimitlessUnityDevelopment/Retro Look Pro URP/Example Scenes/Retro Look Pro Example Scene/ReflectionProbe-5.exr using Guid(626e440ac966a0847a589d1645ee715f) Importer(815301076,1909f56bfc062723c751e8b465ee728b)  -> (artifact id: '4628e105f7d8d1b24e4253291faefe8d') in 0.027614 seconds 
  Import took 0.035738 seconds .

========================================================================
Received Import Request.
  Time since last request: 0.000441 seconds.
  path: Assets/LimitlessUnityDevelopment/Retro Look Pro URP/Example Scenes/Retro Look Pro Example Scene/ReflectionProbe-3.exr
  artifactKey: Guid(c48c088e8646ab44cb6f90031cc3611f) Importer(815301076,1909f56bfc062723c751e8b465ee728b)
Start importing Assets/LimitlessUnityDevelopment/Retro Look Pro URP/Example Scenes/Retro Look Pro Example Scene/ReflectionProbe-3.exr using Guid(c48c088e8646ab44cb6f90031cc3611f) Importer(815301076,1909f56bfc062723c751e8b465ee728b)  -> (artifact id: 'a3ff106defaa39b5903fc3cd0aeb334c') in 0.022271 seconds 
  Import took 0.031689 seconds .

========================================================================
Received Import Request.
  Time since last request: 0.000325 seconds.
  path: Assets/LimitlessUnityDevelopment/Retro Look Pro URP/Example Scenes/Retro Look Pro Example Scene/ReflectionProbe-4.exr
  artifactKey: Guid(a962b9b0cef68e946aecd65ea9749e88) Importer(815301076,1909f56bfc062723c751e8b465ee728b)
Start importing Assets/LimitlessUnityDevelopment/Retro Look Pro URP/Example Scenes/Retro Look Pro Example Scene/ReflectionProbe-4.exr using Guid(a962b9b0cef68e946aecd65ea9749e88) Importer(815301076,1909f56bfc062723c751e8b465ee728b)  -> (artifact id: 'dc45e9f8b8cee109c41ce7e3691e8699') in 0.022863 seconds 
  Import took 0.032180 seconds .

========================================================================
Received Import Request.
  Time since last request: 0.000429 seconds.
  path: Assets/LimitlessUnityDevelopment/Retro Look Pro URP/Example Scenes/Retro Look Pro Example Scene/ReflectionProbe-3.exr
  artifactKey: Guid(c48c088e8646ab44cb6f90031cc3611f) Importer(815301076,1909f56bfc062723c751e8b465ee728b)
Start importing Assets/LimitlessUnityDevelopment/Retro Look Pro URP/Example Scenes/Retro Look Pro Example Scene/ReflectionProbe-3.exr using Guid(c48c088e8646ab44cb6f90031cc3611f) Importer(815301076,1909f56bfc062723c751e8b465ee728b)  -> (artifact id: 'a3ff106defaa39b5903fc3cd0aeb334c') in 0.023709 seconds 
  Import took 0.031979 seconds .

========================================================================
Received Import Request.
  Time since last request: 0.051029 seconds.
  path: Assets/Editor Default Resources/FMOD/Selected.png
  artifactKey: Guid(38be8eaefa585de4aa1781acb0adc866) Importer(815301076,1909f56bfc062723c751e8b465ee728b)
Start importing Assets/Editor Default Resources/FMOD/Selected.png using Guid(38be8eaefa585de4aa1781acb0adc866) Importer(815301076,1909f56bfc062723c751e8b465ee728b)  -> (artifact id: 'afa5504af3ae63b6ad02270a8aacaea6') in 0.016740 seconds 
  Import took 0.026918 seconds .

========================================================================
Received Import Request.
  Time since last request: 0.000463 seconds.
  path: Assets/Editor Default Resources/FMOD/TransportPlayButtonOn.png
  artifactKey: Guid(2d777c9a14189d241aea1afeeeff448c) Importer(815301076,1909f56bfc062723c751e8b465ee728b)
Start importing Assets/Editor Default Resources/FMOD/TransportPlayButtonOn.png using Guid(2d777c9a14189d241aea1afeeeff448c) Importer(815301076,1909f56bfc062723c751e8b465ee728b)  -> (artifact id: 'd0e84b81b6dea17f8e0d6b6495ad83fa') in 0.017087 seconds 
  Import took 0.025611 seconds .

========================================================================
Received Import Request.
  Time since last request: 0.000468 seconds.
  path: Assets/Editor Default Resources/FMOD/TickGreen.png
  artifactKey: Guid(27533226416c4f549b9bec9c024100f7) Importer(815301076,1909f56bfc062723c751e8b465ee728b)
Start importing Assets/Editor Default Resources/FMOD/TickGreen.png using Guid(27533226416c4f549b9bec9c024100f7) Importer(815301076,1909f56bfc062723c751e8b465ee728b)  -> (artifact id: 'ba7e1b0d1688c2d6c61b4ed94f61cbe9') in 0.016676 seconds 
  Import took 0.025144 seconds .

========================================================================
Received Import Request.
  Time since last request: 0.000397 seconds.
  path: Assets/Editor Default Resources/FMOD/StudioIcon.png
  artifactKey: Guid(a4edfa5854cdec34b98b1c55f0562bdd) Importer(815301076,1909f56bfc062723c751e8b465ee728b)
Start importing Assets/Editor Default Resources/FMOD/StudioIcon.png using Guid(a4edfa5854cdec34b98b1c55f0562bdd) Importer(815301076,1909f56bfc062723c751e8b465ee728b)  -> (artifact id: '7f071a815a42ed6fc292d1bbeaa54d9d') in 0.015064 seconds 
  Import took 0.022673 seconds .

========================================================================
Received Import Request.
  Time since last request: 0.000478 seconds.
  path: Assets/Editor Default Resources/FMOD/TransportStopButtonOn.png
  artifactKey: Guid(eab53cb0959d1244aadeacf8b76c755c) Importer(815301076,1909f56bfc062723c751e8b465ee728b)
Start importing Assets/Editor Default Resources/FMOD/TransportStopButtonOn.png using Guid(eab53cb0959d1244aadeacf8b76c755c) Importer(815301076,1909f56bfc062723c751e8b465ee728b)  -> (artifact id: '4bb7ef818e92b332e4f1c611579a2fd3') in 0.013320 seconds 
  Import took 0.020817 seconds .

========================================================================
Received Import Request.
  Time since last request: 0.000382 seconds.
  path: Assets/Editor Default Resources/FMOD/TransportOpen.png
  artifactKey: Guid(b0fb832e401d1514a9611735d8d340b1) Importer(815301076,1909f56bfc062723c751e8b465ee728b)
Start importing Assets/Editor Default Resources/FMOD/TransportOpen.png using Guid(b0fb832e401d1514a9611735d8d340b1) Importer(815301076,1909f56bfc062723c751e8b465ee728b)  -> (artifact id: '5cece92b70e54d3cadc4346f5f279f13') in 0.011386 seconds 
  Import took 0.017630 seconds .

========================================================================
Received Import Request.
  Time since last request: 0.000288 seconds.
  path: Assets/Editor Default Resources/FMOD/SnapshotIcon.png
  artifactKey: Guid(cf2bba5fb8be7e64ca39979f18eb372a) Importer(815301076,1909f56bfc062723c751e8b465ee728b)
Start importing Assets/Editor Default Resources/FMOD/SnapshotIcon.png using Guid(cf2bba5fb8be7e64ca39979f18eb372a) Importer(815301076,1909f56bfc062723c751e8b465ee728b)  -> (artifact id: 'ff04d51f1b7055409e187f9d21270910') in 0.010261 seconds 
  Import took 0.015830 seconds .

========================================================================
Received Import Request.
  Time since last request: 0.000296 seconds.
  path: Assets/Editor Default Resources/FMOD/TransportPlayButtonOff.png
  artifactKey: Guid(29258b1336a580946bc144df00b74ac1) Importer(815301076,1909f56bfc062723c751e8b465ee728b)
Start importing Assets/Editor Default Resources/FMOD/TransportPlayButtonOff.png using Guid(29258b1336a580946bc144df00b74ac1) Importer(815301076,1909f56bfc062723c751e8b465ee728b)  -> (artifact id: '176345517a5cbbf14fce7258f9a3d80c') in 0.014361 seconds 
  Import took 0.020649 seconds .

========================================================================
Received Import Request.
  Time since last request: 0.000378 seconds.
  path: Assets/Editor Default Resources/FMOD/SelectedAlt.png
  artifactKey: Guid(8ce9b717b1bc7564cbe35664f2f178a7) Importer(815301076,1909f56bfc062723c751e8b465ee728b)
Start importing Assets/Editor Default Resources/FMOD/SelectedAlt.png using Guid(8ce9b717b1bc7564cbe35664f2f178a7) Importer(815301076,1909f56bfc062723c751e8b465ee728b)  -> (artifact id: '6016a6af8b29b49451dc878b59372a68') in 0.013038 seconds 
  Import took 0.019604 seconds .

========================================================================
Received Import Request.
  Time since last request: 0.000288 seconds.
  path: Assets/RetroGameShader/Samples/Textures/tile.png
  artifactKey: Guid(b519bfad067855d448e5526f227e7414) Importer(815301076,1909f56bfc062723c751e8b465ee728b)
Start importing Assets/RetroGameShader/Samples/Textures/tile.png using Guid(b519bfad067855d448e5526f227e7414) Importer(815301076,1909f56bfc062723c751e8b465ee728b)  -> (artifact id: '71b11efae7932f342bea2422adfe06e8') in 0.012606 seconds 
  Import took 0.019198 seconds .

========================================================================
Received Import Request.
  Time since last request: 0.000706 seconds.
  path: Assets/Editor Default Resources/FMOD/TransportStopButtonOff.png
  artifactKey: Guid(cafa069c15865d543a07375373f0a18e) Importer(815301076,1909f56bfc062723c751e8b465ee728b)
Start importing Assets/Editor Default Resources/FMOD/TransportStopButtonOff.png using Guid(cafa069c15865d543a07375373f0a18e) Importer(815301076,1909f56bfc062723c751e8b465ee728b)  -> (artifact id: '14db847de98b5532e0b256eaefe6df54') in 0.012615 seconds 
  Import took 0.020074 seconds .

========================================================================
Received Import Request.
  Time since last request: 0.000339 seconds.
  path: Assets/Editor Default Resources/FMOD/TransportStopButtonOn.png
  artifactKey: Guid(eab53cb0959d1244aadeacf8b76c755c) Importer(815301076,1909f56bfc062723c751e8b465ee728b)
Start importing Assets/Editor Default Resources/FMOD/TransportStopButtonOn.png using Guid(eab53cb0959d1244aadeacf8b76c755c) Importer(815301076,1909f56bfc062723c751e8b465ee728b)  -> (artifact id: '4bb7ef818e92b332e4f1c611579a2fd3') in 0.011177 seconds 
  Import took 0.017778 seconds .

========================================================================
Received Import Request.
  Time since last request: 2.351619 seconds.
  path: Assets/Editor Default Resources/FMOD/previewemitter.png
  artifactKey: Guid(9519043db3741934fa01455c47683e8c) Importer(815301076,1909f56bfc062723c751e8b465ee728b)
Start importing Assets/Editor Default Resources/FMOD/previewemitter.png using Guid(9519043db3741934fa01455c47683e8c) Importer(815301076,1909f56bfc062723c751e8b465ee728b)  -> (artifact id: '73ff814da562e4d408bf990630c7de4b') in 0.014170 seconds 
  Import took 0.022527 seconds .

========================================================================
Received Import Request.
  Time since last request: 0.000359 seconds.
  path: Assets/LimitlessUnityDevelopment/Retro Look Pro URP/Example Scenes/Retro Look Pro Example Scene/ReflectionProbe-1.exr
  artifactKey: Guid(d1aa1d334b1f8a24a8c4ea47687c8dea) Importer(815301076,1909f56bfc062723c751e8b465ee728b)
Start importing Assets/LimitlessUnityDevelopment/Retro Look Pro URP/Example Scenes/Retro Look Pro Example Scene/ReflectionProbe-1.exr using Guid(d1aa1d334b1f8a24a8c4ea47687c8dea) Importer(815301076,1909f56bfc062723c751e8b465ee728b)  -> (artifact id: '62c2bec9d23f33d790a0829fb7a3cf5a') in 0.025296 seconds 
  Import took 0.033710 seconds .

========================================================================
Received Import Request.
  Time since last request: 0.000429 seconds.
  path: Assets/LimitlessUnityDevelopment/Retro Look Pro URP/Example Scenes/Retro Look Pro Example Scene/ReflectionProbe-0.exr
  artifactKey: Guid(713cbc04a8d360f46b8a83d9d7eda760) Importer(815301076,1909f56bfc062723c751e8b465ee728b)
Start importing Assets/LimitlessUnityDevelopment/Retro Look Pro URP/Example Scenes/Retro Look Pro Example Scene/ReflectionProbe-0.exr using Guid(713cbc04a8d360f46b8a83d9d7eda760) Importer(815301076,1909f56bfc062723c751e8b465ee728b)  -> (artifact id: 'f36bb69b3d611ff633c1748624f72778') in 0.025427 seconds 
  Import took 0.035143 seconds .

========================================================================
Received Import Request.
  Time since last request: 0.000360 seconds.
  path: Assets/Editor Default Resources/FMOD/previewemitter.png
  artifactKey: Guid(9519043db3741934fa01455c47683e8c) Importer(815301076,1909f56bfc062723c751e8b465ee728b)
Start importing Assets/Editor Default Resources/FMOD/previewemitter.png using Guid(9519043db3741934fa01455c47683e8c) Importer(815301076,1909f56bfc062723c751e8b465ee728b)  -> (artifact id: '73ff814da562e4d408bf990630c7de4b') in 0.014001 seconds 
  Import took 0.024358 seconds .

========================================================================
Received Import Request.
  Time since last request: 0.027140 seconds.
  path: Assets/LimitlessUnityDevelopment/Retro Look Pro URP/Example Scenes/Retro Look Pro Example Scene/ReflectionProbe-0.exr
  artifactKey: Guid(713cbc04a8d360f46b8a83d9d7eda760) Importer(815301076,1909f56bfc062723c751e8b465ee728b)
Start importing Assets/LimitlessUnityDevelopment/Retro Look Pro URP/Example Scenes/Retro Look Pro Example Scene/ReflectionProbe-0.exr using Guid(713cbc04a8d360f46b8a83d9d7eda760) Importer(815301076,1909f56bfc062723c751e8b465ee728b)  -> (artifact id: 'f36bb69b3d611ff633c1748624f72778') in 0.024548 seconds 
  Import took 0.035322 seconds .

========================================================================
Received Import Request.
  Time since last request: 0.085026 seconds.
  path: Assets/LimitlessUnityDevelopment/Retro Look Pro URP/Example Scenes/Resources/New Render Texture.renderTexture
  artifactKey: Guid(3ea7758182f74254a8b4427543b501c3) Importer(815301076,1909f56bfc062723c751e8b465ee728b)
Start importing Assets/LimitlessUnityDevelopment/Retro Look Pro URP/Example Scenes/Resources/New Render Texture.renderTexture using Guid(3ea7758182f74254a8b4427543b501c3) Importer(815301076,1909f56bfc062723c751e8b465ee728b)  -> (artifact id: '45aeaf5256b6512b7df53a59c05b69a2') in 0.025210 seconds 
  Import took 0.035495 seconds .

========================================================================
Received Import Request.
  Time since last request: 0.000423 seconds.
  path: Assets/Editor Default Resources/FMOD/NotFound.png
  artifactKey: Guid(1138ab068176f29499337d7a73dfecd9) Importer(815301076,1909f56bfc062723c751e8b465ee728b)
Start importing Assets/Editor Default Resources/FMOD/NotFound.png using Guid(1138ab068176f29499337d7a73dfecd9) Importer(815301076,1909f56bfc062723c751e8b465ee728b)  -> (artifact id: 'b9ef2280e432039c6704bc217f6a60b0') in 0.021719 seconds 
  Import took 0.029333 seconds .

========================================================================
Received Import Request.
  Time since last request: 0.000443 seconds.
  path: Assets/Editor Default Resources/FMOD/preview.png
  artifactKey: Guid(0793eda432fc5df4ab1291e6baacd771) Importer(815301076,1909f56bfc062723c751e8b465ee728b)
Start importing Assets/Editor Default Resources/FMOD/preview.png using Guid(0793eda432fc5df4ab1291e6baacd771) Importer(815301076,1909f56bfc062723c751e8b465ee728b)  -> (artifact id: 'd75efe54e266634905581dce002d7b03') in 0.017644 seconds 
  Import took 0.026869 seconds .

========================================================================
Received Import Request.
  Time since last request: 0.025545 seconds.
  path: Assets/Editor Default Resources/FMOD/NotFound.png
  artifactKey: Guid(1138ab068176f29499337d7a73dfecd9) Importer(815301076,1909f56bfc062723c751e8b465ee728b)
Start importing Assets/Editor Default Resources/FMOD/NotFound.png using Guid(1138ab068176f29499337d7a73dfecd9) Importer(815301076,1909f56bfc062723c751e8b465ee728b)  -> (artifact id: 'b9ef2280e432039c6704bc217f6a60b0') in 0.014423 seconds 
  Import took 0.024430 seconds .

========================================================================
Received Import Request.
  Time since last request: 0.094769 seconds.
  path: Assets/Editor Default Resources/FMOD/LevelMeter.png
  artifactKey: Guid(21e7a3d41a926364a8b9a6704ebe80d8) Importer(815301076,1909f56bfc062723c751e8b465ee728b)
Start importing Assets/Editor Default Resources/FMOD/LevelMeter.png using Guid(21e7a3d41a926364a8b9a6704ebe80d8) Importer(815301076,1909f56bfc062723c751e8b465ee728b)  -> (artifact id: '446f6e75a103e50a9b8b8be92dd9a32a') in 0.018958 seconds 
  Import took 0.029119 seconds .

========================================================================
Received Import Request.
  Time since last request: 0.000441 seconds.
  path: Assets/Editor Default Resources/FMOD/LevelMeterOff.png
  artifactKey: Guid(48dc5470d93f669419f294fcd33f7b7c) Importer(815301076,1909f56bfc062723c751e8b465ee728b)
Start importing Assets/Editor Default Resources/FMOD/LevelMeterOff.png using Guid(48dc5470d93f669419f294fcd33f7b7c) Importer(815301076,1909f56bfc062723c751e8b465ee728b)  -> (artifact id: '2668c76b668893a5f82e49b35e783b65') in 0.020050 seconds 
  Import took 0.028551 seconds .

========================================================================
Received Import Request.
  Time since last request: 0.000423 seconds.
  path: Assets/TextMesh Pro/Resources/Fonts & Materials/LiberationSans SDF.asset
  artifactKey: Guid(8f586378b4e144a9851e7b34d9b748ee) Importer(815301076,1909f56bfc062723c751e8b465ee728b)
Start importing Assets/TextMesh Pro/Resources/Fonts & Materials/LiberationSans SDF.asset using Guid(8f586378b4e144a9851e7b34d9b748ee) Importer(815301076,1909f56bfc062723c751e8b465ee728b)  -> (artifact id: 'a6ef684f7835b6d8ce2dd74d8ecaf67a') in 0.085762 seconds 
  Import took 0.094759 seconds .

========================================================================
Received Import Request.
  Time since last request: 0.000560 seconds.
  path: Assets/Editor Default Resources/FMOD/LevelMeterOff.png
  artifactKey: Guid(48dc5470d93f669419f294fcd33f7b7c) Importer(815301076,1909f56bfc062723c751e8b465ee728b)
Start importing Assets/Editor Default Resources/FMOD/LevelMeterOff.png using Guid(48dc5470d93f669419f294fcd33f7b7c) Importer(815301076,1909f56bfc062723c751e8b465ee728b)  -> (artifact id: '2668c76b668893a5f82e49b35e783b65') in 0.014039 seconds 
  Import took 0.022155 seconds .

========================================================================
Received Import Request.
  Time since last request: 0.066523 seconds.
  path: Assets/TextMesh Pro/Resources/Fonts & Materials/LiberationSans SDF.asset
  artifactKey: Guid(8f586378b4e144a9851e7b34d9b748ee) Importer(815301076,1909f56bfc062723c751e8b465ee728b)
Start importing Assets/TextMesh Pro/Resources/Fonts & Materials/LiberationSans SDF.asset using Guid(8f586378b4e144a9851e7b34d9b748ee) Importer(815301076,1909f56bfc062723c751e8b465ee728b)  -> (artifact id: 'a6ef684f7835b6d8ce2dd74d8ecaf67a') in 0.047608 seconds 
  Import took 0.056618 seconds .

========================================================================
Received Prepare
Shader 'Universal Render Pipeline/Particles/Lit': fallback shader 'Universal Render Pipeline/Particles/SimpleLit' not found
Refreshing native plugins compatible for Editor in 44.56 ms, found 5 plugins.
Preloading 0 native plugins for Editor in 0.00 ms.
Unloading 75 Unused Serialized files (Serialized files now loaded: 0)
System memory in use before: 94.9 MB.
System memory in use after: 95.0 MB.

Unloading 75 unused Assets to reduce memory usage. Loaded Objects now: 4668.
Total: 6.591500 ms (FindLiveObjects: 0.757100 ms CreateObjectMapping: 0.161100 ms MarkObjects: 5.347200 ms  DeleteObjects: 0.325000 ms)

AssetImportParameters requested are different than current active one (requested -> active):
  custom:framework-win-MediaFoundation: 216162199b28c13a410421893ffa2e32 -> 
  custom:video-decoder-ogg-theora: a1e56fd34408186e4bbccfd4996cb3dc -> 
  custom:container-muxer-webm: aa71ff27fc2769a1b78a27578f13a17b -> 
  custom:container-demuxer-webm: 4f35f7cbe854078d1ac9338744f61a02 -> 
  custom:container-demuxer-ogg: 62fdf1f143b41e24485cea50d1cbac27 -> 
  custom:video-encoder-webm-vp8: eb34c28f22e8b96e1ab97ce403110664 -> 
  custom:video-codec-MediaFoundation-h265: 746d11721c4dcdbdad8f713fa42b33f4 -> 
  custom:video-decoder-webm-vp8: 9c59270c3fd7afecdb556c50c9e8de78 -> 
  custom:audio-decoder-ogg-vorbis: bf7c407c2cedff20999df2af8eb42d56 -> 
  custom:audio-encoder-webm-vorbis: bf7c407c2cedff20999df2af8eb42d56 -> 
========================================================================
Received Import Request.
  Time since last request: 86.756238 seconds.
  path: Assets/LimitlessUnityDevelopment/Resources/Noise Textures/3.png
  artifactKey: Guid(89463daf9bb07dd4892e8c7c0ad6b3e6) Importer(815301076,1909f56bfc062723c751e8b465ee728b)
Start importing Assets/LimitlessUnityDevelopment/Resources/Noise Textures/3.png using Guid(89463daf9bb07dd4892e8c7c0ad6b3e6) Importer(815301076,1909f56bfc062723c751e8b465ee728b)  -> (artifact id: '8221bd6a47bb824ce0169f42829c4722') in 0.038543 seconds 
  Import took 0.049258 seconds .

========================================================================
Received Import Request.
  Time since last request: 0.000489 seconds.
  path: Assets/LimitlessUnityDevelopment/Resources/Noise Textures/4.png
  artifactKey: Guid(e2075dbc8611f6648853bed2c0228745) Importer(815301076,1909f56bfc062723c751e8b465ee728b)
Start importing Assets/LimitlessUnityDevelopment/Resources/Noise Textures/4.png using Guid(e2075dbc8611f6648853bed2c0228745) Importer(815301076,1909f56bfc062723c751e8b465ee728b)  -> (artifact id: '2d177393754f25826cbae22bcc856586') in 0.018610 seconds 
  Import took 0.027772 seconds .

========================================================================
Received Import Request.
  Time since last request: 0.000438 seconds.
  path: Assets/LimitlessUnityDevelopment/Resources/Noise Textures/Pack_VHS_Vol_01/27.png
  artifactKey: Guid(daf7d52f981baf74b81da0b2bf841563) Importer(815301076,1909f56bfc062723c751e8b465ee728b)
Start importing Assets/LimitlessUnityDevelopment/Resources/Noise Textures/Pack_VHS_Vol_01/27.png using Guid(daf7d52f981baf74b81da0b2bf841563) Importer(815301076,1909f56bfc062723c751e8b465ee728b)  -> (artifact id: '707124a4728aecc125d5d7256ca01e97') in 0.015312 seconds 
  Import took 0.024456 seconds .

========================================================================
Received Import Request.
  Time since last request: 0.000418 seconds.
  path: Assets/Editor Default Resources/FMOD/BrowserIcon.png
  artifactKey: Guid(c783b763d12874147876e070661b66ab) Importer(815301076,1909f56bfc062723c751e8b465ee728b)
Start importing Assets/Editor Default Resources/FMOD/BrowserIcon.png using Guid(c783b763d12874147876e070661b66ab) Importer(815301076,1909f56bfc062723c751e8b465ee728b)  -> (artifact id: '09c34bc37a2a6fb7eba34d11ac18e7f2') in 0.018187 seconds 
  Import took 0.026665 seconds .

========================================================================
Received Import Request.
  Time since last request: 0.000442 seconds.
  path: Assets/LimitlessUnityDevelopment/Resources/Noise Textures/Pack_VHS_Vol_01/15.png
  artifactKey: Guid(695b615b33506ce45a175ff428ab7b91) Importer(815301076,1909f56bfc062723c751e8b465ee728b)
Start importing Assets/LimitlessUnityDevelopment/Resources/Noise Textures/Pack_VHS_Vol_01/15.png using Guid(695b615b33506ce45a175ff428ab7b91) Importer(815301076,1909f56bfc062723c751e8b465ee728b)  -> (artifact id: '99915a2c83845b4ca34e695278d0c210') in 0.020074 seconds 
  Import took 0.028815 seconds .

========================================================================
Received Import Request.
  Time since last request: 0.000410 seconds.
  path: Assets/LimitlessUnityDevelopment/ThirdPartyAssets/CalibrationScene/Textures/CalibrationGreyscaleLightDiffuse.tif
  artifactKey: Guid(52952b9b14c1b484ba49b5f2a2e7ecbb) Importer(815301076,1909f56bfc062723c751e8b465ee728b)
Start importing Assets/LimitlessUnityDevelopment/ThirdPartyAssets/CalibrationScene/Textures/CalibrationGreyscaleLightDiffuse.tif using Guid(52952b9b14c1b484ba49b5f2a2e7ecbb) Importer(815301076,1909f56bfc062723c751e8b465ee728b)  -> (artifact id: 'f79485df05f754555a3c7d2b22ee1a57') in 0.020428 seconds 
  Import took 0.029316 seconds .

========================================================================
Received Import Request.
  Time since last request: 0.000419 seconds.
  path: Assets/LimitlessUnityDevelopment/Resources/Noise Textures/Pack_VHS_Vol_01/15.png
  artifactKey: Guid(695b615b33506ce45a175ff428ab7b91) Importer(815301076,1909f56bfc062723c751e8b465ee728b)
Start importing Assets/LimitlessUnityDevelopment/Resources/Noise Textures/Pack_VHS_Vol_01/15.png using Guid(695b615b33506ce45a175ff428ab7b91) Importer(815301076,1909f56bfc062723c751e8b465ee728b)  -> (artifact id: '99915a2c83845b4ca34e695278d0c210') in 0.017695 seconds 
  Import took 0.025836 seconds .

========================================================================
Received Import Request.
  Time since last request: 0.000422 seconds.
  path: Assets/LimitlessUnityDevelopment/Resources/Noise Textures/Pack_VHS_Vol_01/25.png
  artifactKey: Guid(360ce7d71cde3304bae44063efe23548) Importer(815301076,1909f56bfc062723c751e8b465ee728b)
Start importing Assets/LimitlessUnityDevelopment/Resources/Noise Textures/Pack_VHS_Vol_01/25.png using Guid(360ce7d71cde3304bae44063efe23548) Importer(815301076,1909f56bfc062723c751e8b465ee728b)  -> (artifact id: '2951e95f223f946dcdddd18da290a215') in 0.016857 seconds 
  Import took 0.025532 seconds .

========================================================================
Received Import Request.
  Time since last request: 0.000475 seconds.
  path: Assets/LimitlessUnityDevelopment/ThirdPartyAssets/CalibrationScene/Textures/CalibrationFloorDiffuse.tif
  artifactKey: Guid(ca7ba913502c8bb44a66350131805326) Importer(815301076,1909f56bfc062723c751e8b465ee728b)
Start importing Assets/LimitlessUnityDevelopment/ThirdPartyAssets/CalibrationScene/Textures/CalibrationFloorDiffuse.tif using Guid(ca7ba913502c8bb44a66350131805326) Importer(815301076,1909f56bfc062723c751e8b465ee728b)  -> (artifact id: '1511e34405be8c186468c971cd200f7e') in 0.064530 seconds 
  Import took 0.073979 seconds .

========================================================================
Received Import Request.
  Time since last request: 0.000347 seconds.
  path: Assets/LimitlessUnityDevelopment/Resources/Noise Textures/Pack_VHS_Vol_01/25.png
  artifactKey: Guid(360ce7d71cde3304bae44063efe23548) Importer(815301076,1909f56bfc062723c751e8b465ee728b)
Start importing Assets/LimitlessUnityDevelopment/Resources/Noise Textures/Pack_VHS_Vol_01/25.png using Guid(360ce7d71cde3304bae44063efe23548) Importer(815301076,1909f56bfc062723c751e8b465ee728b)  -> (artifact id: '2951e95f223f946dcdddd18da290a215') in 0.016966 seconds 
  Import took 0.025084 seconds .

========================================================================
Received Import Request.
  Time since last request: 0.000443 seconds.
  path: Assets/LimitlessUnityDevelopment/ThirdPartyAssets/CalibrationScene/Textures/CailbrationRGBScaleDiffuse.tif
  artifactKey: Guid(4c91c938176a28e44b22f5398fd5184f) Importer(815301076,1909f56bfc062723c751e8b465ee728b)
Start importing Assets/LimitlessUnityDevelopment/ThirdPartyAssets/CalibrationScene/Textures/CailbrationRGBScaleDiffuse.tif using Guid(4c91c938176a28e44b22f5398fd5184f) Importer(815301076,1909f56bfc062723c751e8b465ee728b)  -> (artifact id: 'f2c2b9c6ccc30710582d2f31837d6686') in 0.038351 seconds 
  Import took 0.047778 seconds .

========================================================================
Received Import Request.
  Time since last request: 0.000432 seconds.
  path: Assets/Editor Default Resources/FMOD/ArrowDown.png
  artifactKey: Guid(d5400a23002b107479debec613434ad6) Importer(815301076,1909f56bfc062723c751e8b465ee728b)
Start importing Assets/Editor Default Resources/FMOD/ArrowDown.png using Guid(d5400a23002b107479debec613434ad6) Importer(815301076,1909f56bfc062723c751e8b465ee728b)  -> (artifact id: '924b1685d7c0d86b3bbf706000312f56') in 0.014949 seconds 
  Import took 0.024000 seconds .

========================================================================
Received Import Request.
  Time since last request: 0.000441 seconds.
  path: Assets/LimitlessUnityDevelopment/ThirdPartyAssets/CalibrationScene/Textures/CalibrationFloorNormals.tif
  artifactKey: Guid(768fa469bdce74c4984c44cbb180b832) Importer(815301076,1909f56bfc062723c751e8b465ee728b)
Start importing Assets/LimitlessUnityDevelopment/ThirdPartyAssets/CalibrationScene/Textures/CalibrationFloorNormals.tif using Guid(768fa469bdce74c4984c44cbb180b832) Importer(815301076,1909f56bfc062723c751e8b465ee728b)  -> (artifact id: '8d2477523c81f566058712924b1221db') in 0.022612 seconds 
  Import took 0.031957 seconds .

========================================================================
Received Import Request.
  Time since last request: 0.000450 seconds.
  path: Assets/LimitlessUnityDevelopment/ThirdPartyAssets/CalibrationScene/Textures/CalibrationGreyscaleDarkDiffuse.tif
  artifactKey: Guid(7ad58ce2a10b52147bbe1963bd9b40dc) Importer(815301076,1909f56bfc062723c751e8b465ee728b)
Start importing Assets/LimitlessUnityDevelopment/ThirdPartyAssets/CalibrationScene/Textures/CalibrationGreyscaleDarkDiffuse.tif using Guid(7ad58ce2a10b52147bbe1963bd9b40dc) Importer(815301076,1909f56bfc062723c751e8b465ee728b)  -> (artifact id: 'f51359eb9ef6b3b46ca6021e682fa818') in 0.015616 seconds 
  Import took 0.023891 seconds .

========================================================================
Received Import Request.
  Time since last request: 0.000454 seconds.
  path: Assets/lcd/300px-IconPlortPink.png
  artifactKey: Guid(0d88f515d2ded984b9c86053f3c72028) Importer(815301076,1909f56bfc062723c751e8b465ee728b)
Start importing Assets/lcd/300px-IconPlortPink.png using Guid(0d88f515d2ded984b9c86053f3c72028) Importer(815301076,1909f56bfc062723c751e8b465ee728b)  -> (artifact id: 'de08a7d06020475321624f99bb494cde') in 0.014603 seconds 
  Import took 0.022848 seconds .

========================================================================
Received Import Request.
  Time since last request: 0.000276 seconds.
  path: Assets/Editor Default Resources/FMOD/Border.png
  artifactKey: Guid(40848578d1961334d820821bec6175a4) Importer(815301076,1909f56bfc062723c751e8b465ee728b)
Start importing Assets/Editor Default Resources/FMOD/Border.png using Guid(40848578d1961334d820821bec6175a4) Importer(815301076,1909f56bfc062723c751e8b465ee728b)  -> (artifact id: 'de5ed7328159594ca12da8b92650724d') in 0.012318 seconds 
  Import took 0.019625 seconds .

========================================================================
Received Import Request.
  Time since last request: 0.000392 seconds.
  path: Assets/LimitlessUnityDevelopment/Resources/Noise Textures/Pack_VHS_Vol_01/28.png
  artifactKey: Guid(3176b84c751bb0a41bfd45e4b6830b64) Importer(815301076,1909f56bfc062723c751e8b465ee728b)
Start importing Assets/LimitlessUnityDevelopment/Resources/Noise Textures/Pack_VHS_Vol_01/28.png using Guid(3176b84c751bb0a41bfd45e4b6830b64) Importer(815301076,1909f56bfc062723c751e8b465ee728b)  -> (artifact id: '2ede21383b3906ec42c69919c42ec3d1') in 0.017520 seconds 
  Import took 0.024768 seconds .

========================================================================
Received Import Request.
  Time since last request: 0.000365 seconds.
  path: Assets/LimitlessUnityDevelopment/Resources/Noise Textures/blue_noise.png
  artifactKey: Guid(3f2fd211b66c6450a887c4136e6f0b88) Importer(815301076,1909f56bfc062723c751e8b465ee728b)
Start importing Assets/LimitlessUnityDevelopment/Resources/Noise Textures/blue_noise.png using Guid(3f2fd211b66c6450a887c4136e6f0b88) Importer(815301076,1909f56bfc062723c751e8b465ee728b)  -> (artifact id: '182b782362d03405888486f26af3001f') in 0.014013 seconds 
  Import took 0.020979 seconds .

========================================================================
Received Import Request.
  Time since last request: 0.000373 seconds.
  path: Assets/Editor Default Resources/FMOD/AddIcon.png
  artifactKey: Guid(3300e81f02e64924eb7cb7782713b126) Importer(815301076,1909f56bfc062723c751e8b465ee728b)
Start importing Assets/Editor Default Resources/FMOD/AddIcon.png using Guid(3300e81f02e64924eb7cb7782713b126) Importer(815301076,1909f56bfc062723c751e8b465ee728b)  -> (artifact id: 'b60025dbbc584c86df79e0ccfc4ebc7a') in 0.011658 seconds 
  Import took 0.018281 seconds .

========================================================================
Received Import Request.
  Time since last request: 0.000285 seconds.
  path: Assets/LimitlessUnityDevelopment/ThirdPartyAssets/CalibrationScene/Textures/CalibrationFloorSpecularGloss.tif
  artifactKey: Guid(6185fa454db669040887c980e20126fe) Importer(815301076,1909f56bfc062723c751e8b465ee728b)
Start importing Assets/LimitlessUnityDevelopment/ThirdPartyAssets/CalibrationScene/Textures/CalibrationFloorSpecularGloss.tif using Guid(6185fa454db669040887c980e20126fe) Importer(815301076,1909f56bfc062723c751e8b465ee728b)  -> (artifact id: 'd17e51951bb6c12e8391c7dedb5827b0') in 0.021263 seconds 
  Import took 0.028009 seconds .

========================================================================
Received Import Request.
  Time since last request: 0.000390 seconds.
  path: Assets/LimitlessUnityDevelopment/Resources/Noise Textures/3.png
  artifactKey: Guid(89463daf9bb07dd4892e8c7c0ad6b3e6) Importer(815301076,1909f56bfc062723c751e8b465ee728b)
Start importing Assets/LimitlessUnityDevelopment/Resources/Noise Textures/3.png using Guid(89463daf9bb07dd4892e8c7c0ad6b3e6) Importer(815301076,1909f56bfc062723c751e8b465ee728b)  -> (artifact id: '8221bd6a47bb824ce0169f42829c4722') in 0.012578 seconds 
  Import took 0.020596 seconds .

========================================================================
Received Import Request.
  Time since last request: 0.000328 seconds.
  path: Assets/LimitlessUnityDevelopment/readme/icons/assets.png
  artifactKey: Guid(705d3208542f146fd84bd5a70c6f6f61) Importer(815301076,1909f56bfc062723c751e8b465ee728b)
Start importing Assets/LimitlessUnityDevelopment/readme/icons/assets.png using Guid(705d3208542f146fd84bd5a70c6f6f61) Importer(815301076,1909f56bfc062723c751e8b465ee728b)  -> (artifact id: '1361828a6a6c0cceb03d6cb565703184') in 0.021020 seconds 
  Import took 0.028192 seconds .

========================================================================
Received Import Request.
  Time since last request: 0.000342 seconds.
  path: Assets/Editor Default Resources/FMOD/BankIcon.png
  artifactKey: Guid(a7e06068a7215854a84bf5ed8280ed15) Importer(815301076,1909f56bfc062723c751e8b465ee728b)
Start importing Assets/Editor Default Resources/FMOD/BankIcon.png using Guid(a7e06068a7215854a84bf5ed8280ed15) Importer(815301076,1909f56bfc062723c751e8b465ee728b)  -> (artifact id: '998f57fca9f27d6153328f4f656ffb9f') in 0.013299 seconds 
  Import took 0.019874 seconds .

========================================================================
Received Import Request.
  Time since last request: 0.000334 seconds.
  path: Assets/LimitlessUnityDevelopment/ThirdPartyAssets/CalibrationScene/PBSMetallic/Textures/CanvasDiffuse.tif
  artifactKey: Guid(e164bc8ce6c10e346a3ad028487469a5) Importer(815301076,1909f56bfc062723c751e8b465ee728b)
Start importing Assets/LimitlessUnityDevelopment/ThirdPartyAssets/CalibrationScene/PBSMetallic/Textures/CanvasDiffuse.tif using Guid(e164bc8ce6c10e346a3ad028487469a5) Importer(815301076,1909f56bfc062723c751e8b465ee728b)  -> (artifact id: '32758c7c52d96a58f747b956c523ce49') in 0.015154 seconds 
  Import took 0.022301 seconds .

========================================================================
Received Import Request.
  Time since last request: 0.000373 seconds.
  path: Assets/LimitlessUnityDevelopment/ThirdPartyAssets/CalibrationScene/PBSMetallic/Textures/CanvasSpecular.tif
  artifactKey: Guid(a7e81e4fa080ca140ab56b11be996422) Importer(815301076,1909f56bfc062723c751e8b465ee728b)
Start importing Assets/LimitlessUnityDevelopment/ThirdPartyAssets/CalibrationScene/PBSMetallic/Textures/CanvasSpecular.tif using Guid(a7e81e4fa080ca140ab56b11be996422) Importer(815301076,1909f56bfc062723c751e8b465ee728b)  -> (artifact id: '1e6893af448a36de11fc810127c3515e') in 0.016101 seconds 
  Import took 0.022462 seconds .

========================================================================
Received Import Request.
  Time since last request: 0.000418 seconds.
  path: Assets/Editor Default Resources/FMOD/ArrowIcon.png
  artifactKey: Guid(01c0101f357b9da4ba78b8f58c290f86) Importer(815301076,1909f56bfc062723c751e8b465ee728b)
Start importing Assets/Editor Default Resources/FMOD/ArrowIcon.png using Guid(01c0101f357b9da4ba78b8f58c290f86) Importer(815301076,1909f56bfc062723c751e8b465ee728b)  -> (artifact id: '71c6111ae9ddd686f7b7e2bd24c80463') in 0.013168 seconds 
  Import took 0.019423 seconds .

========================================================================
Received Import Request.
  Time since last request: 0.000355 seconds.
  path: Assets/LimitlessUnityDevelopment/Resources/Noise Textures/Pack_VHS_Vol_01/31.png
  artifactKey: Guid(32505b35d18f4534ba6287404af42eea) Importer(815301076,1909f56bfc062723c751e8b465ee728b)
Start importing Assets/LimitlessUnityDevelopment/Resources/Noise Textures/Pack_VHS_Vol_01/31.png using Guid(32505b35d18f4534ba6287404af42eea) Importer(815301076,1909f56bfc062723c751e8b465ee728b)  -> (artifact id: '050ebe3e5a83cbf64c82f6894e7b1316') in 0.014230 seconds 
  Import took 0.021417 seconds .

========================================================================
Received Import Request.
  Time since last request: 0.000326 seconds.
  path: Assets/Editor Default Resources/FMOD/ArrowUp.png
  artifactKey: Guid(82ff72577988cdb4a95bd92f1d0bc129) Importer(815301076,1909f56bfc062723c751e8b465ee728b)
Start importing Assets/Editor Default Resources/FMOD/ArrowUp.png using Guid(82ff72577988cdb4a95bd92f1d0bc129) Importer(815301076,1909f56bfc062723c751e8b465ee728b)  -> (artifact id: '38f28c0e7350d332c3de6952061f59f5') in 0.013674 seconds 
  Import took 0.020479 seconds .

========================================================================
Received Import Request.
  Time since last request: 0.000336 seconds.
  path: Assets/Editor Default Resources/FMOD/ArrowIcon.png
  artifactKey: Guid(01c0101f357b9da4ba78b8f58c290f86) Importer(815301076,1909f56bfc062723c751e8b465ee728b)
Start importing Assets/Editor Default Resources/FMOD/ArrowIcon.png using Guid(01c0101f357b9da4ba78b8f58c290f86) Importer(815301076,1909f56bfc062723c751e8b465ee728b)  -> (artifact id: '71c6111ae9ddd686f7b7e2bd24c80463') in 0.011776 seconds 
  Import took 0.017802 seconds .

========================================================================
Received Import Request.
  Time since last request: 0.079821 seconds.
  path: Assets/Editor Default Resources/FMOD/ArrowUp.png
  artifactKey: Guid(82ff72577988cdb4a95bd92f1d0bc129) Importer(815301076,1909f56bfc062723c751e8b465ee728b)
Start importing Assets/Editor Default Resources/FMOD/ArrowUp.png using Guid(82ff72577988cdb4a95bd92f1d0bc129) Importer(815301076,1909f56bfc062723c751e8b465ee728b)  -> (artifact id: '38f28c0e7350d332c3de6952061f59f5') in 0.010793 seconds 
  Import took 0.018560 seconds .

========================================================================
Received Prepare
Registering precompiled user dll's ...
Registered in 0.019280 seconds.
Begin MonoManager ReloadAssembly
Native extension for WindowsStandalone target not found
Refreshing native plugins compatible for Editor in 1.56 ms, found 5 plugins.
Preloading 0 native plugins for Editor in 0.00 ms.
Mono: successfully reloaded assembly
- Completed reload, in  1.645 seconds
Domain Reload Profiling:
	ReloadAssembly (1645ms)
		BeginReloadAssembly (165ms)
			ExecutionOrderSort (0ms)
			DisableScriptedObjects (10ms)
			BackupInstance (0ms)
			ReleaseScriptingObjects (0ms)
			CreateAndSetChildDomain (50ms)
		EndReloadAssembly (1399ms)
			LoadAssemblies (143ms)
			RebuildTransferFunctionScriptingTraits (0ms)
			SetupTypeCache (363ms)
			ReleaseScriptCaches (2ms)
			RebuildScriptCaches (72ms)
			SetupLoadedEditorAssemblies (478ms)
				LogAssemblyErrors (0ms)
				InitializePlatformSupportModulesInManaged (7ms)
				SetLoadedEditorAssemblies (1ms)
				RefreshPlugins (2ms)
				BeforeProcessingInitializeOnLoad (155ms)
				ProcessInitializeOnLoadAttributes (291ms)
				ProcessInitializeOnLoadMethodAttributes (11ms)
				AfterProcessingInitializeOnLoad (12ms)
				EditorAssembliesLoaded (0ms)
			ExecutionOrderSort2 (0ms)
			AwakeInstancesAfterBackupRestoration (97ms)
Platform modules already initialized, skipping
Shader 'Universal Render Pipeline/Particles/Lit': fallback shader 'Universal Render Pipeline/Particles/SimpleLit' not found
Refreshing native plugins compatible for Editor in 1.43 ms, found 5 plugins.
Preloading 0 native plugins for Editor in 0.00 ms.
Unloading 3420 Unused Serialized files (Serialized files now loaded: 0)
System memory in use before: 160.4 MB.
System memory in use after: 160.5 MB.

Unloading 77 unused Assets to reduce memory usage. Loaded Objects now: 4708.
Total: 4.632500 ms (FindLiveObjects: 0.443000 ms CreateObjectMapping: 0.160700 ms MarkObjects: 3.801800 ms  DeleteObjects: 0.225700 ms)

AssetImportParameters requested are different than current active one (requested -> active):
  custom:framework-win-MediaFoundation: 216162199b28c13a410421893ffa2e32 -> 
  custom:video-decoder-ogg-theora: a1e56fd34408186e4bbccfd4996cb3dc -> 
  custom:container-muxer-webm: aa71ff27fc2769a1b78a27578f13a17b -> 
  custom:container-demuxer-webm: 4f35f7cbe854078d1ac9338744f61a02 -> 
  custom:container-demuxer-ogg: 62fdf1f143b41e24485cea50d1cbac27 -> 
  custom:video-encoder-webm-vp8: eb34c28f22e8b96e1ab97ce403110664 -> 
  custom:video-codec-MediaFoundation-h265: 746d11721c4dcdbdad8f713fa42b33f4 -> 
  custom:video-decoder-webm-vp8: 9c59270c3fd7afecdb556c50c9e8de78 -> 
  custom:audio-decoder-ogg-vorbis: bf7c407c2cedff20999df2af8eb42d56 -> 
  custom:audio-encoder-webm-vorbis: bf7c407c2cedff20999df2af8eb42d56 -> 
========================================================================
Received Import Request.
  Time since last request: 61.615162 seconds.
  path: Assets/lcd/LCD.mat
  artifactKey: Guid(7743e77e1d6ecf2408217e2b86d6bd86) Importer(815301076,1909f56bfc062723c751e8b465ee728b)
Start importing Assets/lcd/LCD.mat using Guid(7743e77e1d6ecf2408217e2b86d6bd86) Importer(815301076,1909f56bfc062723c751e8b465ee728b)  -> (artifact id: 'faa72890cdae839d8fc89725514be333') in 0.077013 seconds 
  Import took 0.083297 seconds .

========================================================================
Received Import Request.
  Time since last request: 0.010735 seconds.
  path: Assets/lcd/lcd.unity
  artifactKey: Guid(c0e345baa9afbbc4f91dfc094cdb4ad6) Importer(815301076,1909f56bfc062723c751e8b465ee728b)
Start importing Assets/lcd/lcd.unity using Guid(c0e345baa9afbbc4f91dfc094cdb4ad6) Importer(815301076,1909f56bfc062723c751e8b465ee728b)  -> (artifact id: 'd98b55febafee994793f0cb42978fa62') in 0.004093 seconds 
  Import took 0.009372 seconds .

========================================================================
Received Import Request.
  Time since last request: 0.815482 seconds.
  path: Assets/lcd/lcdSettings.lighting
  artifactKey: Guid(1642509556a1fb747ac0d4b78e69c9c2) Importer(815301076,1909f56bfc062723c751e8b465ee728b)
Start importing Assets/lcd/lcdSettings.lighting using Guid(1642509556a1fb747ac0d4b78e69c9c2) Importer(815301076,1909f56bfc062723c751e8b465ee728b) LightingSettings: switching bake backend from 1 to 0.
 -> (artifact id: '709de254f2463b47ce2c35e91fe214c0') in 0.005215 seconds 
  Import took 0.010902 seconds .

========================================================================
Received Import Request.
  Time since last request: 0.019823 seconds.
  path: Assets/lcd/lcdSettings.lighting
  artifactKey: Guid(1642509556a1fb747ac0d4b78e69c9c2) Importer(815301076,1909f56bfc062723c751e8b465ee728b)
Start importing Assets/lcd/lcdSettings.lighting using Guid(1642509556a1fb747ac0d4b78e69c9c2) Importer(815301076,1909f56bfc062723c751e8b465ee728b) LightingSettings: switching bake backend from 1 to 0.
 -> (artifact id: '709de254f2463b47ce2c35e91fe214c0') in 0.003679 seconds 
  Import took 0.009443 seconds .

========================================================================
Received Prepare
Registering precompiled user dll's ...
Registered in 0.015936 seconds.
Begin MonoManager ReloadAssembly
Native extension for WindowsStandalone target not found
Refreshing native plugins compatible for Editor in 1.72 ms, found 5 plugins.
Preloading 0 native plugins for Editor in 0.00 ms.
Mono: successfully reloaded assembly
- Completed reload, in  1.826 seconds
Domain Reload Profiling:
	ReloadAssembly (1826ms)
		BeginReloadAssembly (191ms)
			ExecutionOrderSort (0ms)
			DisableScriptedObjects (9ms)
			BackupInstance (0ms)
			ReleaseScriptingObjects (0ms)
			CreateAndSetChildDomain (50ms)
		EndReloadAssembly (1532ms)
			LoadAssemblies (172ms)
			RebuildTransferFunctionScriptingTraits (0ms)
			SetupTypeCache (433ms)
			ReleaseScriptCaches (2ms)
			RebuildScriptCaches (72ms)
			SetupLoadedEditorAssemblies (533ms)
				LogAssemblyErrors (0ms)
				InitializePlatformSupportModulesInManaged (6ms)
				SetLoadedEditorAssemblies (1ms)
				RefreshPlugins (2ms)
				BeforeProcessingInitializeOnLoad (162ms)
				ProcessInitializeOnLoadAttributes (337ms)
				ProcessInitializeOnLoadMethodAttributes (12ms)
				AfterProcessingInitializeOnLoad (13ms)
				EditorAssembliesLoaded (0ms)
			ExecutionOrderSort2 (0ms)
			AwakeInstancesAfterBackupRestoration (103ms)
Platform modules already initialized, skipping
Shader 'Universal Render Pipeline/Particles/Lit': fallback shader 'Universal Render Pipeline/Particles/SimpleLit' not found
Refreshing native plugins compatible for Editor in 1.56 ms, found 5 plugins.
Preloading 0 native plugins for Editor in 0.00 ms.
Unloading 3420 Unused Serialized files (Serialized files now loaded: 0)
System memory in use before: 160.5 MB.
System memory in use after: 160.6 MB.

Unloading 77 unused Assets to reduce memory usage. Loaded Objects now: 4766.
Total: 4.291200 ms (FindLiveObjects: 0.453700 ms CreateObjectMapping: 0.164100 ms MarkObjects: 3.430400 ms  DeleteObjects: 0.242000 ms)

AssetImportParameters requested are different than current active one (requested -> active):
  custom:framework-win-MediaFoundation: 216162199b28c13a410421893ffa2e32 -> 
  custom:video-decoder-ogg-theora: a1e56fd34408186e4bbccfd4996cb3dc -> 
  custom:container-muxer-webm: aa71ff27fc2769a1b78a27578f13a17b -> 
  custom:container-demuxer-webm: 4f35f7cbe854078d1ac9338744f61a02 -> 
  custom:container-demuxer-ogg: 62fdf1f143b41e24485cea50d1cbac27 -> 
  custom:video-encoder-webm-vp8: eb34c28f22e8b96e1ab97ce403110664 -> 
  custom:video-codec-MediaFoundation-h265: 746d11721c4dcdbdad8f713fa42b33f4 -> 
  custom:video-decoder-webm-vp8: 9c59270c3fd7afecdb556c50c9e8de78 -> 
  custom:audio-decoder-ogg-vorbis: bf7c407c2cedff20999df2af8eb42d56 -> 
  custom:audio-encoder-webm-vorbis: bf7c407c2cedff20999df2af8eb42d56 -> 
========================================================================
Received Prepare
Shader 'Universal Render Pipeline/Particles/Lit': fallback shader 'Universal Render Pipeline/Particles/SimpleLit' not found
Refreshing native plugins compatible for Editor in 42.71 ms, found 5 plugins.
Preloading 0 native plugins for Editor in 0.00 ms.
Unloading 75 Unused Serialized files (Serialized files now loaded: 0)
System memory in use before: 94.5 MB.
System memory in use after: 94.6 MB.

Unloading 75 unused Assets to reduce memory usage. Loaded Objects now: 4766.
Total: 4.429900 ms (FindLiveObjects: 0.501200 ms CreateObjectMapping: 0.202000 ms MarkObjects: 3.470800 ms  DeleteObjects: 0.254700 ms)

AssetImportParameters requested are different than current active one (requested -> active):
  custom:framework-win-MediaFoundation: 216162199b28c13a410421893ffa2e32 -> 
  custom:video-decoder-ogg-theora: a1e56fd34408186e4bbccfd4996cb3dc -> 
  custom:container-muxer-webm: aa71ff27fc2769a1b78a27578f13a17b -> 
  custom:container-demuxer-webm: 4f35f7cbe854078d1ac9338744f61a02 -> 
  custom:container-demuxer-ogg: 62fdf1f143b41e24485cea50d1cbac27 -> 
  custom:video-encoder-webm-vp8: eb34c28f22e8b96e1ab97ce403110664 -> 
  custom:video-codec-MediaFoundation-h265: 746d11721c4dcdbdad8f713fa42b33f4 -> 
  custom:video-decoder-webm-vp8: 9c59270c3fd7afecdb556c50c9e8de78 -> 
  custom:audio-decoder-ogg-vorbis: bf7c407c2cedff20999df2af8eb42d56 -> 
  custom:audio-encoder-webm-vorbis: bf7c407c2cedff20999df2af8eb42d56 -> 
========================================================================
Received Prepare
Registering precompiled user dll's ...
Registered in 0.015866 seconds.
Begin MonoManager ReloadAssembly
Native extension for WindowsStandalone target not found
Refreshing native plugins compatible for Editor in 1.36 ms, found 5 plugins.
Preloading 0 native plugins for Editor in 0.00 ms.
Mono: successfully reloaded assembly
- Completed reload, in  1.621 seconds
Domain Reload Profiling:
	ReloadAssembly (1622ms)
		BeginReloadAssembly (174ms)
			ExecutionOrderSort (0ms)
			DisableScriptedObjects (11ms)
			BackupInstance (0ms)
			ReleaseScriptingObjects (0ms)
			CreateAndSetChildDomain (44ms)
		EndReloadAssembly (1334ms)
			LoadAssemblies (141ms)
			RebuildTransferFunctionScriptingTraits (0ms)
			SetupTypeCache (364ms)
			ReleaseScriptCaches (2ms)
			RebuildScriptCaches (73ms)
			SetupLoadedEditorAssemblies (439ms)
				LogAssemblyErrors (0ms)
				InitializePlatformSupportModulesInManaged (7ms)
				SetLoadedEditorAssemblies (1ms)
				RefreshPlugins (1ms)
				BeforeProcessingInitializeOnLoad (140ms)
				ProcessInitializeOnLoadAttributes (272ms)
				ProcessInitializeOnLoadMethodAttributes (10ms)
				AfterProcessingInitializeOnLoad (9ms)
				EditorAssembliesLoaded (0ms)
			ExecutionOrderSort2 (0ms)
			AwakeInstancesAfterBackupRestoration (75ms)
Platform modules already initialized, skipping
Shader 'Universal Render Pipeline/Particles/Lit': fallback shader 'Universal Render Pipeline/Particles/SimpleLit' not found
Refreshing native plugins compatible for Editor in 1.21 ms, found 5 plugins.
Preloading 0 native plugins for Editor in 0.00 ms.
Unloading 3421 Unused Serialized files (Serialized files now loaded: 0)
System memory in use before: 160.8 MB.
System memory in use after: 160.9 MB.

Unloading 77 unused Assets to reduce memory usage. Loaded Objects now: 4824.
Total: 4.358700 ms (FindLiveObjects: 0.414000 ms CreateObjectMapping: 0.126700 ms MarkObjects: 3.603600 ms  DeleteObjects: 0.213400 ms)

AssetImportParameters requested are different than current active one (requested -> active):
  custom:framework-win-MediaFoundation: 216162199b28c13a410421893ffa2e32 -> 
  custom:video-decoder-ogg-theora: a1e56fd34408186e4bbccfd4996cb3dc -> 
  custom:container-muxer-webm: aa71ff27fc2769a1b78a27578f13a17b -> 
  custom:container-demuxer-webm: 4f35f7cbe854078d1ac9338744f61a02 -> 
  custom:container-demuxer-ogg: 62fdf1f143b41e24485cea50d1cbac27 -> 
  custom:video-encoder-webm-vp8: eb34c28f22e8b96e1ab97ce403110664 -> 
  custom:video-codec-MediaFoundation-h265: 746d11721c4dcdbdad8f713fa42b33f4 -> 
  custom:video-decoder-webm-vp8: 9c59270c3fd7afecdb556c50c9e8de78 -> 
  custom:audio-decoder-ogg-vorbis: bf7c407c2cedff20999df2af8eb42d56 -> 
  custom:audio-encoder-webm-vorbis: bf7c407c2cedff20999df2af8eb42d56 -> 
========================================================================
Received Import Request.
  Time since last request: 428.979765 seconds.
  path: Packages/com.unity.render-pipelines.universal/package.json
  artifactKey: Guid(30648b8d550465f4bb77f1e1afd0b37d) Importer(815301076,1909f56bfc062723c751e8b465ee728b)
Start importing Packages/com.unity.render-pipelines.universal/package.json using Guid(30648b8d550465f4bb77f1e1afd0b37d) Importer(815301076,1909f56bfc062723c751e8b465ee728b)  -> (artifact id: '5a039b834675436066ad350f702d1531') in 0.043169 seconds 
  Import took 0.048574 seconds .

AssetImportWorkerClient::OnTransportError - code=2 error=End of file
